0 verbose cli /usr/local/bin/node /usr/local/bin/npm
1 info using npm@10.8.1
2 info using node@v20.16.0
3 silly config load:file:/usr/local/lib/node_modules/npm/npmrc
4 silly config load:file:/Users/sudheerkumarthota/Desktop/Projects/Claw project/frontend/.npmrc
5 silly config load:file:/Users/sudheerkumarthota/.npmrc
6 silly config load:file:/usr/local/etc/npmrc
7 verbose title npm install tailwindcss@3.4.13
8 verbose argv "install" "--save-dev" "tailwindcss@3.4.13"
9 verbose logfile logs-max:10 dir:/Users/sudheerkumarthota/Desktop/Projects/Claw project/.npm-cache/_logs/2026-02-05T19_29_59_669Z-
10 verbose logfile /Users/sudheerkumarthota/Desktop/Projects/Claw project/.npm-cache/_logs/2026-02-05T19_29_59_669Z-debug-0.log
11 silly packumentCache heap:2197815296 maxSize:549453824 maxEntrySize:274726912
12 silly logfile done cleaning log files
13 silly idealTree buildDeps
14 silly fetch manifest tailwindcss@3.4.13
15 silly packumentCache full:https://registry.npmjs.org/tailwindcss cache-miss
16 http fetch GET 200 https://registry.npmjs.org/tailwindcss 39ms (cache hit)
17 silly packumentCache full:https://registry.npmjs.org/tailwindcss set size:10153298 disposed:false
18 silly placeDep ROOT tailwindcss@3.4.13 REPLACE for: frontend@0.0.0 want: 3.4.13
19 silly fetch manifest arg@^5.0.2
20 silly packumentCache full:https://registry.npmjs.org/arg cache-miss
21 silly fetch manifest dlv@^1.1.3
22 silly packumentCache full:https://registry.npmjs.org/dlv cache-miss
23 silly fetch manifest jiti@^1.21.0
24 silly packumentCache full:https://registry.npmjs.org/jiti cache-miss
25 silly fetch manifest resolve@^1.22.2
26 silly packumentCache full:https://registry.npmjs.org/resolve cache-miss
27 silly fetch manifest sucrase@^3.32.0
28 silly packumentCache full:https://registry.npmjs.org/sucrase cache-miss
29 silly fetch manifest chokidar@^3.5.3
30 silly packumentCache full:https://registry.npmjs.org/chokidar cache-miss
31 silly fetch manifest fast-glob@^3.3.0
32 silly packumentCache full:https://registry.npmjs.org/fast-glob cache-miss
33 http fetch GET 200 https://registry.npmjs.org/resolve 43ms (cache hit)
34 silly packumentCache full:https://registry.npmjs.org/resolve set size:246681 disposed:false
35 silly fetch manifest lilconfig@^2.1.0
36 silly packumentCache full:https://registry.npmjs.org/lilconfig cache-miss
37 http fetch GET 200 https://registry.npmjs.org/jiti 45ms (cache hit)
38 silly packumentCache full:https://registry.npmjs.org/jiti set size:382310 disposed:false
39 silly fetch manifest didyoumean@^1.2.2
40 silly packumentCache full:https://registry.npmjs.org/didyoumean cache-miss
41 http fetch GET 200 https://registry.npmjs.org/didyoumean 122ms (cache miss)
42 silly packumentCache full:https://registry.npmjs.org/didyoumean set size:undefined disposed:false
43 silly fetch manifest micromatch@^4.0.5
44 silly packumentCache full:https://registry.npmjs.org/micromatch cache-miss
45 http fetch GET 200 https://registry.npmjs.org/lilconfig 128ms (cache miss)
46 silly packumentCache full:https://registry.npmjs.org/lilconfig set size:undefined disposed:false
47 silly fetch manifest postcss-js@^4.0.1
48 silly packumentCache full:https://registry.npmjs.org/postcss-js cache-miss
49 http fetch GET 200 https://registry.npmjs.org/arg 176ms (cache miss)
50 silly packumentCache full:https://registry.npmjs.org/arg set size:undefined disposed:false
51 silly fetch manifest object-hash@^3.0.0
52 silly packumentCache full:https://registry.npmjs.org/object-hash cache-miss
53 http fetch GET 200 https://registry.npmjs.org/dlv 179ms (cache miss)
54 silly packumentCache full:https://registry.npmjs.org/dlv set size:undefined disposed:false
55 silly fetch manifest normalize-path@^3.0.0
56 silly packumentCache full:https://registry.npmjs.org/normalize-path cache-miss
57 http fetch GET 200 https://registry.npmjs.org/fast-glob 178ms (cache miss)
58 silly packumentCache full:https://registry.npmjs.org/fast-glob set size:undefined disposed:false
59 silly fetch manifest postcss-import@^15.1.0
60 silly packumentCache full:https://registry.npmjs.org/postcss-import cache-miss
61 http fetch GET 200 https://registry.npmjs.org/chokidar 181ms (cache miss)
62 silly packumentCache full:https://registry.npmjs.org/chokidar set size:undefined disposed:false
63 silly fetch manifest postcss-nested@^6.0.1
64 silly packumentCache full:https://registry.npmjs.org/postcss-nested cache-miss
65 http fetch GET 200 https://registry.npmjs.org/sucrase 186ms (cache miss)
66 silly packumentCache full:https://registry.npmjs.org/sucrase set size:undefined disposed:false
67 silly fetch manifest @alloc/quick-lru@^5.2.0
68 silly packumentCache full:https://registry.npmjs.org/@alloc%2fquick-lru cache-miss
69 http fetch GET 200 https://registry.npmjs.org/postcss-js 39ms (cache miss)
70 silly packumentCache full:https://registry.npmjs.org/postcss-js set size:undefined disposed:false
71 silly fetch manifest postcss-load-config@^4.0.1
72 silly packumentCache full:https://registry.npmjs.org/postcss-load-config cache-miss
73 http fetch GET 200 https://registry.npmjs.org/micromatch 44ms (cache miss)
74 silly packumentCache full:https://registry.npmjs.org/micromatch set size:undefined disposed:false
75 silly fetch manifest postcss-selector-parser@^6.0.11
76 silly packumentCache full:https://registry.npmjs.org/postcss-selector-parser cache-miss
77 http fetch GET 200 https://registry.npmjs.org/normalize-path 41ms (cache miss)
78 silly packumentCache full:https://registry.npmjs.org/normalize-path set size:undefined disposed:false
79 http fetch GET 200 https://registry.npmjs.org/postcss-import 42ms (cache miss)
80 silly packumentCache full:https://registry.npmjs.org/postcss-import set size:undefined disposed:false
81 http fetch GET 200 https://registry.npmjs.org/object-hash 47ms (cache miss)
82 silly packumentCache full:https://registry.npmjs.org/object-hash set size:undefined disposed:false
83 http fetch GET 200 https://registry.npmjs.org/postcss-nested 40ms (cache miss)
84 silly packumentCache full:https://registry.npmjs.org/postcss-nested set size:undefined disposed:false
85 http fetch GET 200 https://registry.npmjs.org/@alloc%2fquick-lru 54ms (cache miss)
86 silly packumentCache full:https://registry.npmjs.org/@alloc%2fquick-lru set size:undefined disposed:false
87 http fetch GET 200 https://registry.npmjs.org/postcss-load-config 34ms (cache miss)
88 silly packumentCache full:https://registry.npmjs.org/postcss-load-config set size:undefined disposed:false
89 http fetch GET 200 https://registry.npmjs.org/postcss-selector-parser 49ms (cache miss)
90 silly packumentCache full:https://registry.npmjs.org/postcss-selector-parser set size:undefined disposed:false
91 silly fetch manifest postcss@^8.4.23
92 silly packumentCache full:https://registry.npmjs.org/postcss cache-miss
93 http fetch GET 200 https://registry.npmjs.org/postcss 2ms (cache hit)
94 silly packumentCache full:https://registry.npmjs.org/postcss set size:696248 disposed:false
95 silly fetch manifest ts-node@>=9.0.0
96 silly packumentCache full:https://registry.npmjs.org/ts-node cache-miss
97 http fetch GET 200 https://registry.npmjs.org/ts-node 45ms (cache miss)
98 silly packumentCache full:https://registry.npmjs.org/ts-node set size:undefined disposed:false
99 silly fetch manifest @swc/core@>=1.2.50
100 silly packumentCache full:https://registry.npmjs.org/@swc%2fcore cache-miss
101 http fetch GET 200 https://registry.npmjs.org/@swc%2fcore 88ms (cache miss)
102 silly packumentCache full:https://registry.npmjs.org/@swc%2fcore set size:undefined disposed:false
103 silly fetch manifest @swc/helpers@>=0.5.17
104 silly packumentCache full:https://registry.npmjs.org/@swc%2fhelpers cache-miss
105 http fetch GET 200 https://registry.npmjs.org/@swc%2fhelpers 59ms (cache miss)
106 silly packumentCache full:https://registry.npmjs.org/@swc%2fhelpers set size:undefined disposed:false
107 silly fetch manifest @swc/wasm@>=1.2.50
108 silly packumentCache full:https://registry.npmjs.org/@swc%2fwasm cache-miss
109 http fetch GET 200 https://registry.npmjs.org/@swc%2fwasm 89ms (cache miss)
110 silly packumentCache full:https://registry.npmjs.org/@swc%2fwasm set size:undefined disposed:false
111 silly fetch manifest @types/node@*
112 silly packumentCache full:https://registry.npmjs.org/@types%2fnode cache-miss
113 http fetch GET 200 https://registry.npmjs.org/@types%2fnode 13ms (cache hit)
114 silly packumentCache full:https://registry.npmjs.org/@types%2fnode set size:10833619 disposed:false
115 silly fetch manifest typescript@>=2.7
116 silly packumentCache full:https://registry.npmjs.org/typescript cache-miss
117 http fetch GET 200 https://registry.npmjs.org/typescript 172ms (cache miss)
118 silly packumentCache full:https://registry.npmjs.org/typescript set size:undefined disposed:false
119 silly placeDep ROOT @alloc/quick-lru@5.2.0 OK for: tailwindcss@3.4.13 want: ^5.2.0
120 silly placeDep ROOT arg@5.0.2 OK for: tailwindcss@3.4.13 want: ^5.0.2
121 silly placeDep ROOT chokidar@3.6.0 OK for: tailwindcss@3.4.13 want: ^3.5.3
122 silly placeDep ROOT didyoumean@1.2.2 OK for: tailwindcss@3.4.13 want: ^1.2.2
123 silly placeDep ROOT dlv@1.1.3 OK for: tailwindcss@3.4.13 want: ^1.1.3
124 silly placeDep ROOT fast-glob@3.3.3 OK for: tailwindcss@3.4.13 want: ^3.3.0
125 silly placeDep ROOT jiti@1.21.7 OK for: tailwindcss@3.4.13 want: ^1.21.0
126 silly placeDep ROOT lilconfig@2.1.0 OK for: tailwindcss@3.4.13 want: ^2.1.0
127 silly placeDep ROOT micromatch@4.0.8 OK for: tailwindcss@3.4.13 want: ^4.0.5
128 silly placeDep ROOT normalize-path@3.0.0 OK for: tailwindcss@3.4.13 want: ^3.0.0
129 silly placeDep ROOT object-hash@3.0.0 OK for: tailwindcss@3.4.13 want: ^3.0.0
130 silly placeDep ROOT postcss-import@15.1.0 OK for: tailwindcss@3.4.13 want: ^15.1.0
131 silly placeDep ROOT postcss-js@4.1.0 OK for: tailwindcss@3.4.13 want: ^4.0.1
132 silly placeDep ROOT postcss-load-config@4.0.2 OK for: tailwindcss@3.4.13 want: ^4.0.1
133 silly placeDep ROOT postcss-nested@6.2.0 OK for: tailwindcss@3.4.13 want: ^6.0.1
134 silly placeDep ROOT postcss-selector-parser@6.1.2 OK for: tailwindcss@3.4.13 want: ^6.0.11
135 silly placeDep node_modules/tailwindcss resolve@1.22.11 OK for: tailwindcss@3.4.13 want: ^1.22.2
136 silly placeDep ROOT sucrase@3.35.1 OK for: tailwindcss@3.4.13 want: ^3.32.0
137 silly fetch manifest braces@~3.0.2
138 silly packumentCache full:https://registry.npmjs.org/braces cache-miss
139 silly fetch manifest anymatch@~3.1.2
140 silly packumentCache full:https://registry.npmjs.org/anymatch cache-miss
141 silly fetch manifest readdirp@~3.6.0
142 silly packumentCache full:https://registry.npmjs.org/readdirp cache-miss
143 silly fetch manifest glob-parent@~5.1.2
144 silly packumentCache full:https://registry.npmjs.org/glob-parent cache-miss
145 silly fetch manifest is-binary-path@~2.1.0
146 silly packumentCache full:https://registry.npmjs.org/is-binary-path cache-miss
147 silly fetch manifest normalize-path@~3.0.0
148 silly packumentCache full:https://registry.npmjs.org/normalize-path cache-miss
149 silly fetch manifest glob-parent@^5.1.2
150 silly packumentCache full:https://registry.npmjs.org/glob-parent cache-miss
151 http fetch GET 200 https://registry.npmjs.org/normalize-path 4ms (cache hit)
152 silly packumentCache full:https://registry.npmjs.org/normalize-path set size:28713 disposed:false
153 silly fetch manifest merge2@^1.3.0
154 silly packumentCache full:https://registry.npmjs.org/merge2 cache-miss
155 http fetch GET 200 https://registry.npmjs.org/glob-parent 5ms (cache hit)
156 silly packumentCache full:https://registry.npmjs.org/glob-parent set size:42445 disposed:false
157 silly fetch manifest micromatch@^4.0.8
158 silly packumentCache full:https://registry.npmjs.org/micromatch cache-miss
159 http fetch GET 200 https://registry.npmjs.org/glob-parent 8ms (cache hit)
160 silly packumentCache full:https://registry.npmjs.org/glob-parent set size:42445 disposed:false
161 silly packumentCache full:https://registry.npmjs.org/glob-parent dispose
162 silly fetch manifest braces@^3.0.3
163 silly packumentCache full:https://registry.npmjs.org/braces cache-miss
164 http fetch GET 200 https://registry.npmjs.org/micromatch 5ms (cache hit)
165 silly packumentCache full:https://registry.npmjs.org/micromatch set size:240630 disposed:false
166 silly fetch manifest picomatch@^2.3.1
167 silly packumentCache full:https://registry.npmjs.org/picomatch cache-miss
168 http fetch GET 200 https://registry.npmjs.org/is-binary-path 39ms (cache miss)
169 silly packumentCache full:https://registry.npmjs.org/is-binary-path set size:undefined disposed:false
170 silly fetch manifest resolve@^1.1.7
171 silly packumentCache full:https://registry.npmjs.org/resolve cache-hit
172 silly fetch manifest read-cache@^1.0.0
173 silly packumentCache full:https://registry.npmjs.org/read-cache cache-miss
174 http fetch GET 200 https://registry.npmjs.org/anymatch 41ms (cache miss)
175 silly packumentCache full:https://registry.npmjs.org/anymatch set size:undefined disposed:false
176 silly fetch manifest camelcase-css@^2.0.1
177 silly packumentCache full:https://registry.npmjs.org/camelcase-css cache-miss
178 http fetch GET 200 https://registry.npmjs.org/braces 43ms (cache miss)
179 silly packumentCache full:https://registry.npmjs.org/braces set size:undefined disposed:false
180 silly fetch manifest yaml@^2.3.4
181 silly packumentCache full:https://registry.npmjs.org/yaml cache-miss
182 http fetch GET 200 https://registry.npmjs.org/merge2 39ms (cache miss)
183 silly packumentCache full:https://registry.npmjs.org/merge2 set size:undefined disposed:false
184 silly fetch manifest lilconfig@^3.0.0
185 silly packumentCache full:https://registry.npmjs.org/lilconfig cache-miss
186 http fetch GET 200 https://registry.npmjs.org/readdirp 47ms (cache miss)
187 silly packumentCache full:https://registry.npmjs.org/readdirp set size:undefined disposed:false
188 silly fetch manifest postcss-selector-parser@^6.1.1
189 silly packumentCache full:https://registry.npmjs.org/postcss-selector-parser cache-miss
190 http fetch GET 200 https://registry.npmjs.org/lilconfig 4ms (cache hit)
191 silly packumentCache full:https://registry.npmjs.org/lilconfig set size:45636 disposed:false
192 silly fetch manifest cssesc@^3.0.0
193 silly packumentCache full:https://registry.npmjs.org/cssesc cache-miss
194 http fetch GET 200 https://registry.npmjs.org/postcss-selector-parser 6ms (cache hit)
195 silly packumentCache full:https://registry.npmjs.org/postcss-selector-parser set size:177140 disposed:false
196 silly fetch manifest util-deprecate@^1.0.2
197 silly packumentCache full:https://registry.npmjs.org/util-deprecate cache-miss
198 http fetch GET 200 https://registry.npmjs.org/picomatch 42ms (cache miss)
199 silly packumentCache full:https://registry.npmjs.org/picomatch set size:undefined disposed:false
200 silly fetch manifest commander@^4.0.0
201 silly packumentCache full:https://registry.npmjs.org/commander cache-miss
202 http fetch GET 200 https://registry.npmjs.org/braces 47ms (cache miss)
203 silly packumentCache full:https://registry.npmjs.org/braces set size:undefined disposed:false
204 silly fetch manifest lines-and-columns@^1.1.6
205 silly packumentCache full:https://registry.npmjs.org/lines-and-columns cache-miss
206 http fetch GET 200 https://registry.npmjs.org/camelcase-css 37ms (cache miss)
207 silly packumentCache full:https://registry.npmjs.org/camelcase-css set size:undefined disposed:false
208 silly fetch manifest mz@^2.7.0
209 silly packumentCache full:https://registry.npmjs.org/mz cache-miss
210 http fetch GET 200 https://registry.npmjs.org/read-cache 39ms (cache miss)
211 silly packumentCache full:https://registry.npmjs.org/read-cache set size:undefined disposed:false
212 silly fetch manifest pirates@^4.0.1
213 silly packumentCache full:https://registry.npmjs.org/pirates cache-miss
214 http fetch GET 200 https://registry.npmjs.org/yaml 38ms (cache miss)
215 silly packumentCache full:https://registry.npmjs.org/yaml set size:undefined disposed:false
216 silly fetch manifest tinyglobby@^0.2.11
217 silly packumentCache full:https://registry.npmjs.org/tinyglobby cache-miss
218 http fetch GET 200 https://registry.npmjs.org/util-deprecate 33ms (cache miss)
219 silly packumentCache full:https://registry.npmjs.org/util-deprecate set size:undefined disposed:false
220 silly fetch manifest ts-interface-checker@^0.1.9
221 silly packumentCache full:https://registry.npmjs.org/ts-interface-checker cache-miss
222 http fetch GET 200 https://registry.npmjs.org/cssesc 40ms (cache miss)
223 silly packumentCache full:https://registry.npmjs.org/cssesc set size:undefined disposed:false
224 http fetch GET 200 https://registry.npmjs.org/lines-and-columns 41ms (cache miss)
225 silly packumentCache full:https://registry.npmjs.org/lines-and-columns set size:undefined disposed:false
226 http fetch GET 200 https://registry.npmjs.org/commander 47ms (cache miss)
227 silly packumentCache full:https://registry.npmjs.org/commander set size:undefined disposed:false
228 http fetch GET 200 https://registry.npmjs.org/pirates 36ms (cache miss)
229 silly packumentCache full:https://registry.npmjs.org/pirates set size:undefined disposed:false
230 http fetch GET 200 https://registry.npmjs.org/tinyglobby 34ms (cache miss)
231 silly packumentCache full:https://registry.npmjs.org/tinyglobby set size:undefined disposed:false
232 http fetch GET 200 https://registry.npmjs.org/mz 40ms (cache miss)
233 silly packumentCache full:https://registry.npmjs.org/mz set size:undefined disposed:false
234 http fetch GET 200 https://registry.npmjs.org/ts-interface-checker 40ms (cache miss)
235 silly packumentCache full:https://registry.npmjs.org/ts-interface-checker set size:undefined disposed:false
236 silly placeDep ROOT anymatch@3.1.3 OK for: chokidar@3.6.0 want: ~3.1.2
237 silly placeDep ROOT braces@3.0.3 OK for: chokidar@3.6.0 want: ~3.0.2
238 silly placeDep node_modules/chokidar glob-parent@5.1.2 OK for: chokidar@3.6.0 want: ~5.1.2
239 silly placeDep ROOT is-binary-path@2.1.0 OK for: chokidar@3.6.0 want: ~2.1.0
240 silly placeDep ROOT readdirp@3.6.0 OK for: chokidar@3.6.0 want: ~3.6.0
241 silly fetch manifest picomatch@^2.0.4
242 silly packumentCache full:https://registry.npmjs.org/picomatch cache-miss
243 silly fetch manifest fill-range@^7.1.1
244 silly packumentCache full:https://registry.npmjs.org/fill-range cache-miss
245 silly fetch manifest binary-extensions@^2.0.0
246 silly packumentCache full:https://registry.npmjs.org/binary-extensions cache-miss
247 silly fetch manifest picomatch@^2.2.1
248 silly packumentCache full:https://registry.npmjs.org/picomatch cache-miss
249 http fetch GET 200 https://registry.npmjs.org/picomatch 3ms (cache hit)
250 silly packumentCache full:https://registry.npmjs.org/picomatch set size:118818 disposed:false
251 http fetch GET 200 https://registry.npmjs.org/picomatch 3ms (cache hit)
252 silly packumentCache full:https://registry.npmjs.org/picomatch set size:118818 disposed:false
253 silly packumentCache full:https://registry.npmjs.org/picomatch dispose
254 http fetch GET 200 https://registry.npmjs.org/fill-range 38ms (cache miss)
255 silly packumentCache full:https://registry.npmjs.org/fill-range set size:undefined disposed:false
256 http fetch GET 200 https://registry.npmjs.org/binary-extensions 42ms (cache miss)
257 silly packumentCache full:https://registry.npmjs.org/binary-extensions set size:undefined disposed:false
258 silly placeDep ROOT picomatch@2.3.1 OK for: anymatch@3.1.3 want: ^2.0.4
259 silly placeDep ROOT fill-range@7.1.1 OK for: braces@3.0.3 want: ^7.1.1
260 silly fetch manifest to-regex-range@^5.0.1
261 silly packumentCache full:https://registry.npmjs.org/to-regex-range cache-miss
262 http fetch GET 200 https://registry.npmjs.org/to-regex-range 44ms (cache miss)
263 silly packumentCache full:https://registry.npmjs.org/to-regex-range set size:undefined disposed:false
264 silly placeDep node_modules/fast-glob glob-parent@5.1.2 OK for: fast-glob@3.3.3 want: ^5.1.2
265 silly placeDep ROOT merge2@1.4.1 OK for: fast-glob@3.3.3 want: ^1.3.0
266 silly placeDep ROOT to-regex-range@5.0.1 OK for: fill-range@7.1.1 want: ^5.0.1
267 silly fetch manifest is-number@^7.0.0
268 silly packumentCache full:https://registry.npmjs.org/is-number cache-miss
269 http fetch GET 200 https://registry.npmjs.org/is-number 40ms (cache miss)
270 silly packumentCache full:https://registry.npmjs.org/is-number set size:undefined disposed:false
271 silly placeDep ROOT binary-extensions@2.3.0 OK for: is-binary-path@2.1.0 want: ^2.0.0
272 silly placeDep ROOT read-cache@1.0.0 OK for: postcss-import@15.1.0 want: ^1.0.0
273 silly placeDep node_modules/postcss-import resolve@1.22.11 OK for: postcss-import@15.1.0 want: ^1.1.7
274 silly fetch manifest pify@^2.3.0
275 silly packumentCache full:https://registry.npmjs.org/pify cache-miss
276 http fetch GET 200 https://registry.npmjs.org/pify 43ms (cache miss)
277 silly packumentCache full:https://registry.npmjs.org/pify set size:undefined disposed:false
278 silly placeDep ROOT camelcase-css@2.0.1 OK for: postcss-js@4.1.0 want: ^2.0.1
279 silly placeDep node_modules/postcss-load-config lilconfig@3.1.3 OK for: postcss-load-config@4.0.2 want: ^3.0.0
280 silly placeDep ROOT yaml@2.8.2 OK for: postcss-load-config@4.0.2 want: ^2.3.4
281 silly placeDep ROOT cssesc@3.0.0 OK for: postcss-selector-parser@6.1.2 want: ^3.0.0
282 silly placeDep ROOT util-deprecate@1.0.2 OK for: postcss-selector-parser@6.1.2 want: ^1.0.2
283 silly placeDep ROOT pify@2.3.0 OK for: read-cache@1.0.0 want: ^2.3.0
284 silly placeDep ROOT commander@4.1.1 OK for: sucrase@3.35.1 want: ^4.0.0
285 silly placeDep ROOT lines-and-columns@1.2.4 OK for: sucrase@3.35.1 want: ^1.1.6
286 silly placeDep ROOT mz@2.7.0 OK for: sucrase@3.35.1 want: ^2.7.0
287 silly placeDep ROOT pirates@4.0.7 OK for: sucrase@3.35.1 want: ^4.0.1
288 silly placeDep ROOT tinyglobby@0.2.15 OK for: sucrase@3.35.1 want: ^0.2.11
289 silly placeDep ROOT ts-interface-checker@0.1.13 OK for: sucrase@3.35.1 want: ^0.1.9
290 silly fetch manifest any-promise@^1.0.0
291 silly packumentCache full:https://registry.npmjs.org/any-promise cache-miss
292 silly fetch manifest thenify-all@^1.0.0
293 silly packumentCache full:https://registry.npmjs.org/thenify-all cache-miss
294 silly fetch manifest fdir@^6.5.0
295 silly packumentCache full:https://registry.npmjs.org/fdir cache-miss
296 silly fetch manifest picomatch@^4.0.3
297 silly packumentCache full:https://registry.npmjs.org/picomatch cache-hit
298 http fetch GET 200 https://registry.npmjs.org/thenify-all 42ms (cache miss)
299 silly packumentCache full:https://registry.npmjs.org/thenify-all set size:undefined disposed:false
300 http fetch GET 200 https://registry.npmjs.org/fdir 41ms (cache miss)
301 silly packumentCache full:https://registry.npmjs.org/fdir set size:undefined disposed:false
302 http fetch GET 200 https://registry.npmjs.org/any-promise 51ms (cache miss)
303 silly packumentCache full:https://registry.npmjs.org/any-promise set size:undefined disposed:false
304 silly placeDep ROOT any-promise@1.3.0 OK for: mz@2.7.0 want: ^1.0.0
305 silly placeDep ROOT thenify-all@1.6.0 OK for: mz@2.7.0 want: ^1.0.0
306 silly fetch manifest thenify@>= 3.1.0 < 4
307 silly packumentCache full:https://registry.npmjs.org/thenify cache-miss
308 http fetch GET 200 https://registry.npmjs.org/thenify 43ms (cache miss)
309 silly packumentCache full:https://registry.npmjs.org/thenify set size:undefined disposed:false
310 silly placeDep ROOT thenify@3.3.1 OK for: thenify-all@1.6.0 want: >= 3.1.0 < 4
311 silly placeDep node_modules/tinyglobby fdir@6.5.0 OK for: tinyglobby@0.2.15 want: ^6.5.0
312 silly placeDep node_modules/tinyglobby picomatch@4.0.3 OK for: fdir@6.5.0 want: ^3 || ^4
313 silly placeDep ROOT is-number@7.0.0 OK for: to-regex-range@5.0.1 want: ^7.0.0
314 silly reify mark retired [
314 silly reify   '/Users/sudheerkumarthota/Desktop/Projects/Claw project/frontend/node_modules/tailwindcss'
314 silly reify ]
315 silly reify moves {
315 silly reify   '/Users/sudheerkumarthota/Desktop/Projects/Claw project/frontend/node_modules/tailwindcss': '/Users/sudheerkumarthota/Desktop/Projects/Claw project/frontend/node_modules/.tailwindcss-TyUVOtzm'
315 silly reify }
316 silly audit bulk request {
316 silly audit   '@babel/code-frame': [ '7.29.0' ],
316 silly audit   '@babel/compat-data': [ '7.29.0' ],
316 silly audit   '@babel/core': [ '7.29.0' ],
316 silly audit   '@babel/generator': [ '7.29.1' ],
316 silly audit   '@babel/helper-compilation-targets': [ '7.28.6' ],
316 silly audit   '@babel/helper-globals': [ '7.28.0' ],
316 silly audit   '@babel/helper-module-imports': [ '7.28.6' ],
316 silly audit   '@babel/helper-module-transforms': [ '7.28.6' ],
316 silly audit   '@babel/helper-plugin-utils': [ '7.28.6' ],
316 silly audit   '@babel/helper-string-parser': [ '7.27.1' ],
316 silly audit   '@babel/helper-validator-identifier': [ '7.28.5' ],
316 silly audit   '@babel/helper-validator-option': [ '7.27.1' ],
316 silly audit   '@babel/helpers': [ '7.28.6' ],
316 silly audit   '@babel/parser': [ '7.29.0' ],
316 silly audit   '@babel/plugin-transform-react-jsx-self': [ '7.27.1' ],
316 silly audit   '@babel/plugin-transform-react-jsx-source': [ '7.27.1' ],
316 silly audit   '@babel/template': [ '7.28.6' ],
316 silly audit   '@babel/traverse': [ '7.29.0' ],
316 silly audit   '@babel/types': [ '7.29.0' ],
316 silly audit   '@esbuild/android-arm': [ '0.18.20' ],
316 silly audit   '@esbuild/android-arm64': [ '0.18.20' ],
316 silly audit   '@esbuild/android-x64': [ '0.18.20' ],
316 silly audit   '@esbuild/darwin-arm64': [ '0.18.20' ],
316 silly audit   '@esbuild/darwin-x64': [ '0.18.20' ],
316 silly audit   '@esbuild/freebsd-arm64': [ '0.18.20' ],
316 silly audit   '@esbuild/freebsd-x64': [ '0.18.20' ],
316 silly audit   '@esbuild/linux-arm': [ '0.18.20' ],
316 silly audit   '@esbuild/linux-arm64': [ '0.18.20' ],
316 silly audit   '@esbuild/linux-ia32': [ '0.18.20' ],
316 silly audit   '@esbuild/linux-loong64': [ '0.18.20' ],
316 silly audit   '@esbuild/linux-mips64el': [ '0.18.20' ],
316 silly audit   '@esbuild/linux-ppc64': [ '0.18.20' ],
316 silly audit   '@esbuild/linux-riscv64': [ '0.18.20' ],
316 silly audit   '@esbuild/linux-s390x': [ '0.18.20' ],
316 silly audit   '@esbuild/linux-x64': [ '0.18.20' ],
316 silly audit   '@esbuild/netbsd-x64': [ '0.18.20' ],
316 silly audit   '@esbuild/openbsd-x64': [ '0.18.20' ],
316 silly audit   '@esbuild/sunos-x64': [ '0.18.20' ],
316 silly audit   '@esbuild/win32-arm64': [ '0.18.20' ],
316 silly audit   '@esbuild/win32-ia32': [ '0.18.20' ],
316 silly audit   '@esbuild/win32-x64': [ '0.18.20' ],
316 silly audit   '@eslint-community/eslint-utils': [ '4.9.1' ],
316 silly audit   '@eslint-community/regexpp': [ '4.12.2' ],
316 silly audit   '@eslint/eslintrc': [ '2.1.4' ],
316 silly audit   '@eslint/js': [ '8.57.1' ],
316 silly audit   '@humanwhocodes/config-array': [ '0.13.0' ],
316 silly audit   '@humanwhocodes/module-importer': [ '1.0.1' ],
316 silly audit   '@humanwhocodes/object-schema': [ '2.0.3' ],
316 silly audit   '@jridgewell/gen-mapping': [ '0.3.13' ],
316 silly audit   '@jridgewell/remapping': [ '2.3.5' ],
316 silly audit   '@jridgewell/resolve-uri': [ '3.1.2' ],
316 silly audit   '@jridgewell/sourcemap-codec': [ '1.5.5' ],
316 silly audit   '@jridgewell/trace-mapping': [ '0.3.31' ],
316 silly audit   '@nodelib/fs.scandir': [ '2.1.5' ],
316 silly audit   '@nodelib/fs.stat': [ '2.0.5' ],
316 silly audit   '@nodelib/fs.walk': [ '1.2.8' ],
316 silly audit   '@rolldown/pluginutils': [ '1.0.0-beta.27' ],
316 silly audit   '@types/babel__core': [ '7.20.5' ],
316 silly audit   '@types/babel__generator': [ '7.27.0' ],
316 silly audit   '@types/babel__template': [ '7.4.4' ],
316 silly audit   '@types/babel__traverse': [ '7.28.0' ],
316 silly audit   '@types/prop-types': [ '15.7.15' ],
316 silly audit   '@types/react': [ '18.3.28' ],
316 silly audit   '@types/react-dom': [ '18.3.7' ],
316 silly audit   '@ungap/structured-clone': [ '1.3.0' ],
316 silly audit   '@vitejs/plugin-react': [ '4.7.0' ],
316 silly audit   acorn: [ '8.15.0' ],
316 silly audit   'acorn-jsx': [ '5.3.2' ],
316 silly audit   ajv: [ '6.12.6' ],
316 silly audit   'ansi-regex': [ '5.0.1' ],
316 silly audit   'ansi-styles': [ '4.3.0' ],
316 silly audit   argparse: [ '2.0.1' ],
316 silly audit   'array-buffer-byte-length': [ '1.0.2' ],
316 silly audit   'array-includes': [ '3.1.9' ],
316 silly audit   'array.prototype.findlast': [ '1.2.5' ],
316 silly audit   'array.prototype.flat': [ '1.3.3' ],
316 silly audit   'array.prototype.flatmap': [ '1.3.3' ],
316 silly audit   'array.prototype.tosorted': [ '1.1.4' ],
316 silly audit   'arraybuffer.prototype.slice': [ '1.0.4' ],
316 silly audit   'async-function': [ '1.0.0' ],
316 silly audit   autoprefixer: [ '10.4.24' ],
316 silly audit   'available-typed-arrays': [ '1.0.7' ],
316 silly audit   'balanced-match': [ '1.0.2' ],
316 silly audit   'baseline-browser-mapping': [ '2.9.19' ],
316 silly audit   'brace-expansion': [ '1.1.12' ],
316 silly audit   browserslist: [ '4.28.1' ],
316 silly audit   'call-bind': [ '1.0.8' ],
316 silly audit   'call-bind-apply-helpers': [ '1.0.2' ],
316 silly audit   'call-bound': [ '1.0.4' ],
316 silly audit   callsites: [ '3.1.0' ],
316 silly audit   'caniuse-lite': [ '1.0.30001768' ],
316 silly audit   chalk: [ '4.1.2' ],
316 silly audit   'color-convert': [ '2.0.1' ],
316 silly audit   'color-name': [ '1.1.4' ],
316 silly audit   'concat-map': [ '0.0.1' ],
316 silly audit   'convert-source-map': [ '2.0.0' ],
316 silly audit   'cross-spawn': [ '7.0.6' ],
316 silly audit   csstype: [ '3.2.3' ],
316 silly audit   'data-view-buffer': [ '1.0.2' ],
316 silly audit   'data-view-byte-length': [ '1.0.2' ],
316 silly audit   'data-view-byte-offset': [ '1.0.1' ],
316 silly audit   debug: [ '4.4.3' ],
316 silly audit   'deep-is': [ '0.1.4' ],
316 silly audit   'define-data-property': [ '1.1.4' ],
316 silly audit   'define-properties': [ '1.2.1' ],
316 silly audit   doctrine: [ '3.0.0', '2.1.0' ],
316 silly audit   'dunder-proto': [ '1.0.1' ],
316 silly audit   'electron-to-chromium': [ '1.5.286' ],
316 silly audit   'es-abstract': [ '1.24.1' ],
316 silly audit   'es-define-property': [ '1.0.1' ],
316 silly audit   'es-errors': [ '1.3.0' ],
316 silly audit   'es-iterator-helpers': [ '1.2.2' ],
316 silly audit   'es-object-atoms': [ '1.1.1' ],
316 silly audit   'es-set-tostringtag': [ '2.1.0' ],
316 silly audit   'es-shim-unscopables': [ '1.1.0' ],
316 silly audit   'es-to-primitive': [ '1.3.0' ],
316 silly audit   esbuild: [ '0.18.20' ],
316 silly audit   escalade: [ '3.2.0' ],
316 silly audit   'escape-string-regexp': [ '4.0.0' ],
316 silly audit   eslint: [ '8.57.1' ],
316 silly audit   'eslint-plugin-react': [ '7.37.5' ],
316 silly audit   'eslint-plugin-react-hooks': [ '4.6.2' ],
316 silly audit   'eslint-plugin-react-refresh': [ '0.4.26' ],
316 silly audit   'eslint-scope': [ '7.2.2' ],
316 silly audit   'eslint-visitor-keys': [ '3.4.3' ],
316 silly audit   espree: [ '9.6.1' ],
316 silly audit   esquery: [ '1.7.0' ],
316 silly audit   esrecurse: [ '4.3.0' ],
316 silly audit   estraverse: [ '5.3.0' ],
316 silly audit   esutils: [ '2.0.3' ],
316 silly audit   'fast-deep-equal': [ '3.1.3' ],
316 silly audit   'fast-json-stable-stringify': [ '2.1.0' ],
316 silly audit   'fast-levenshtein': [ '2.0.6' ],
316 silly audit   fastq: [ '1.20.1' ],
316 silly audit   'file-entry-cache': [ '6.0.1' ],
316 silly audit   'find-up': [ '5.0.0' ],
316 silly audit   'flat-cache': [ '3.2.0' ],
316 silly audit   flatted: [ '3.3.3' ],
316 silly audit   'for-each': [ '0.3.5' ],
316 silly audit   'fraction.js': [ '5.3.4' ],
316 silly audit   'fs.realpath': [ '1.0.0' ],
316 silly audit   fsevents: [ '2.3.3' ],
316 silly audit   'function-bind': [ '1.1.2' ],
316 silly audit   'function.prototype.name': [ '1.1.8' ],
316 silly audit   'functions-have-names': [ '1.2.3' ],
316 silly audit   'generator-function': [ '2.0.1' ],
316 silly audit   gensync: [ '1.0.0-beta.2' ],
316 silly audit   'get-intrinsic': [ '1.3.0' ],
316 silly audit   'get-proto': [ '1.0.1' ],
316 silly audit   'get-symbol-description': [ '1.1.0' ],
316 silly audit   glob: [ '7.2.3' ],
316 silly audit   'glob-parent': [ '6.0.2', '5.1.2' ],
316 silly audit   globals: [ '13.24.0' ],
316 silly audit   globalthis: [ '1.0.4' ],
316 silly audit   gopd: [ '1.2.0' ],
316 silly audit   graphemer: [ '1.4.0' ],
316 silly audit   'has-bigints': [ '1.1.0' ],
316 silly audit   'has-flag': [ '4.0.0' ],
316 silly audit   'has-property-descriptors': [ '1.0.2' ],
316 silly audit   'has-proto': [ '1.2.0' ],
316 silly audit   'has-symbols': [ '1.1.0' ],
316 silly audit   'has-tostringtag': [ '1.0.2' ],
316 silly audit   hasown: [ '2.0.2' ],
316 silly audit   ignore: [ '5.3.2' ],
316 silly audit   'import-fresh': [ '3.3.1' ],
316 silly audit   imurmurhash: [ '0.1.4' ],
316 silly audit   inflight: [ '1.0.6' ],
316 silly audit   inherits: [ '2.0.4' ],
316 silly audit   'internal-slot': [ '1.1.0' ],
316 silly audit   'is-array-buffer': [ '3.0.5' ],
316 silly audit   'is-async-function': [ '2.1.1' ],
316 silly audit   'is-bigint': [ '1.1.0' ],
316 silly audit   'is-boolean-object': [ '1.2.2' ],
316 silly audit   'is-callable': [ '1.2.7' ],
316 silly audit   'is-core-module': [ '2.16.1' ],
316 silly audit   'is-data-view': [ '1.0.2' ],
316 silly audit   'is-date-object': [ '1.1.0' ],
316 silly audit   'is-extglob': [ '2.1.1' ],
316 silly audit   'is-finalizationregistry': [ '1.1.1' ],
316 silly audit   'is-generator-function': [ '1.1.2' ],
316 silly audit   'is-glob': [ '4.0.3' ],
316 silly audit   'is-map': [ '2.0.3' ],
316 silly audit   'is-negative-zero': [ '2.0.3' ],
316 silly audit   'is-number-object': [ '1.1.1' ],
316 silly audit   'is-path-inside': [ '3.0.3' ],
316 silly audit   'is-regex': [ '1.2.1' ],
316 silly audit   'is-set': [ '2.0.3' ],
316 silly audit   'is-shared-array-buffer': [ '1.0.4' ],
316 silly audit   'is-string': [ '1.1.1' ],
316 silly audit   'is-symbol': [ '1.1.1' ],
316 silly audit   'is-typed-array': [ '1.1.15' ],
316 silly audit   'is-weakmap': [ '2.0.2' ],
316 silly audit   'is-weakref': [ '1.1.1' ],
316 silly audit   'is-weakset': [ '2.0.4' ],
316 silly audit   isarray: [ '2.0.5' ],
316 silly audit   isexe: [ '2.0.0' ],
316 silly audit   'iterator.prototype': [ '1.1.5' ],
316 silly audit   'js-tokens': [ '4.0.0' ],
316 silly audit   'js-yaml': [ '4.1.1' ],
316 silly audit   jsesc: [ '3.1.0' ],
316 silly audit   'json-buffer': [ '3.0.1' ],
316 silly audit   'json-schema-traverse': [ '0.4.1' ],
316 silly audit   'json-stable-stringify-without-jsonify': [ '1.0.1' ],
316 silly audit   json5: [ '2.2.3' ],
316 silly audit   'jsx-ast-utils': [ '3.3.5' ],
316 silly audit   keyv: [ '4.5.4' ],
316 silly audit   levn: [ '0.4.1' ],
316 silly audit   'locate-path': [ '6.0.0' ],
316 silly audit   'lodash.merge': [ '4.6.2' ],
316 silly audit   'loose-envify': [ '1.4.0' ],
316 silly audit   'lru-cache': [ '5.1.1' ],
316 silly audit   'math-intrinsics': [ '1.1.0' ],
316 silly audit   minimatch: [ '3.1.2' ],
316 silly audit   ms: [ '2.1.3' ],
316 silly audit   nanoid: [ '3.3.11' ],
316 silly audit   'natural-compare': [ '1.4.0' ],
316 silly audit   'node-releases': [ '2.0.27' ],
316 silly audit   'object-assign': [ '4.1.1' ],
316 silly audit   'object-inspect': [ '1.13.4' ],
316 silly audit   'object-keys': [ '1.1.1' ],
316 silly audit   'object.assign': [ '4.1.7' ],
316 silly audit   'object.entries': [ '1.1.9' ],
316 silly audit   'object.fromentries': [ '2.0.8' ],
316 silly audit   'object.values': [ '1.2.1' ],
316 silly audit   once: [ '1.4.0' ],
316 silly audit   optionator: [ '0.9.4' ],
316 silly audit   'own-keys': [ '1.0.1' ],
316 silly audit   'p-limit': [ '3.1.0' ],
316 silly audit   'p-locate': [ '5.0.0' ],
316 silly audit   'parent-module': [ '1.0.1' ],
316 silly audit   'path-exists': [ '4.0.0' ],
316 silly audit   'path-is-absolute': [ '1.0.1' ],
316 silly audit   'path-key': [ '3.1.1' ],
316 silly audit   'path-parse': [ '1.0.7' ],
316 silly audit   picocolors: [ '1.1.1' ],
316 silly audit   'possible-typed-array-names': [ '1.1.0' ],
316 silly audit   postcss: [ '8.5.6' ],
316 silly audit   'postcss-value-parser': [ '4.2.0' ],
316 silly audit   'prelude-ls': [ '1.2.1' ],
316 silly audit   'prop-types': [ '15.8.1' ],
316 silly audit   punycode: [ '2.3.1' ],
316 silly audit   'queue-microtask': [ '1.2.3' ],
316 silly audit   react: [ '18.3.1' ],
316 silly audit   'react-dom': [ '18.3.1' ],
316 silly audit   'react-is': [ '16.13.1' ],
316 silly audit   'react-refresh': [ '0.17.0' ],
316 silly audit   'reflect.getprototypeof': [ '1.0.10' ],
316 silly audit   'regexp.prototype.flags': [ '1.5.4' ],
316 silly audit   resolve: [ '2.0.0-next.5', '1.22.11' ],
316 silly audit   'resolve-from': [ '4.0.0' ],
316 silly audit   reusify: [ '1.1.0' ],
316 silly audit   rimraf: [ '3.0.2' ],
316 silly audit   rollup: [ '3.29.5' ],
316 silly audit   'run-parallel': [ '1.2.0' ],
316 silly audit   'safe-array-concat': [ '1.1.3' ],
316 silly audit   'safe-push-apply': [ '1.0.0' ],
316 silly audit   'safe-regex-test': [ '1.1.0' ],
316 silly audit   scheduler: [ '0.23.2' ],
316 silly audit   semver: [ '6.3.1' ],
316 silly audit   'set-function-length': [ '1.2.2' ],
316 silly audit   'set-function-name': [ '2.0.2' ],
316 silly audit   'set-proto': [ '1.0.0' ],
316 silly audit   'shebang-command': [ '2.0.0' ],
316 silly audit   'shebang-regex': [ '3.0.0' ],
316 silly audit   'side-channel': [ '1.1.0' ],
316 silly audit   'side-channel-list': [ '1.0.0' ],
316 silly audit   'side-channel-map': [ '1.0.1' ],
316 silly audit   'side-channel-weakmap': [ '1.0.2' ],
316 silly audit   'source-map-js': [ '1.2.1' ],
316 silly audit   'stop-iteration-iterator': [ '1.1.0' ],
316 silly audit   'string.prototype.matchall': [ '4.0.12' ],
316 silly audit   'string.prototype.repeat': [ '1.0.0' ],
316 silly audit   'string.prototype.trim': [ '1.2.10' ],
316 silly audit   'string.prototype.trimend': [ '1.0.9' ],
316 silly audit   'string.prototype.trimstart': [ '1.0.8' ],
316 silly audit   'strip-ansi': [ '6.0.1' ],
316 silly audit   'strip-json-comments': [ '3.1.1' ],
316 silly audit   'supports-color': [ '7.2.0' ],
316 silly audit   'supports-preserve-symlinks-flag': [ '1.0.0' ],
316 silly audit   'text-table': [ '0.2.0' ],
316 silly audit   'type-check': [ '0.4.0' ],
316 silly audit   'type-fest': [ '0.20.2' ],
316 silly audit   'typed-array-buffer': [ '1.0.3' ],
316 silly audit   'typed-array-byte-length': [ '1.0.3' ],
316 silly audit   'typed-array-byte-offset': [ '1.0.4' ],
316 silly audit   'typed-array-length': [ '1.0.7' ],
316 silly audit   'unbox-primitive': [ '1.1.0' ],
316 silly audit   'update-browserslist-db': [ '1.2.3' ],
316 silly audit   'uri-js': [ '4.4.1' ],
316 silly audit   vite: [ '4.5.14' ],
316 silly audit   which: [ '2.0.2' ],
316 silly audit   'which-boxed-primitive': [ '1.1.1' ],
316 silly audit   'which-builtin-type': [ '1.2.1' ],
316 silly audit   'which-collection': [ '1.0.2' ],
316 silly audit   'which-typed-array': [ '1.1.20' ],
316 silly audit   'word-wrap': [ '1.2.5' ],
316 silly audit   wrappy: [ '1.0.2' ],
316 silly audit   yallist: [ '3.1.1' ],
316 silly audit   'yocto-queue': [ '0.1.0' ],
316 silly audit   tailwindcss: [ '3.4.13' ],
316 silly audit   '@alloc/quick-lru': [ '5.2.0' ],
316 silly audit   arg: [ '5.0.2' ],
316 silly audit   chokidar: [ '3.6.0' ],
316 silly audit   didyoumean: [ '1.2.2' ],
316 silly audit   dlv: [ '1.1.3' ],
316 silly audit   'fast-glob': [ '3.3.3' ],
316 silly audit   jiti: [ '1.21.7' ],
316 silly audit   lilconfig: [ '2.1.0', '3.1.3' ],
316 silly audit   micromatch: [ '4.0.8' ],
316 silly audit   'normalize-path': [ '3.0.0' ],
316 silly audit   'object-hash': [ '3.0.0' ],
316 silly audit   'postcss-import': [ '15.1.0' ],
316 silly audit   'postcss-js': [ '4.1.0' ],
316 silly audit   'postcss-load-config': [ '4.0.2' ],
316 silly audit   'postcss-nested': [ '6.2.0' ],
316 silly audit   'postcss-selector-parser': [ '6.1.2' ],
316 silly audit   sucrase: [ '3.35.1' ],
316 silly audit   anymatch: [ '3.1.3' ],
316 silly audit   braces: [ '3.0.3' ],
316 silly audit   'is-binary-path': [ '2.1.0' ],
316 silly audit   readdirp: [ '3.6.0' ],
316 silly audit   picomatch: [ '2.3.1', '4.0.3' ],
316 silly audit   'fill-range': [ '7.1.1' ],
316 silly audit   merge2: [ '1.4.1' ],
316 silly audit   'to-regex-range': [ '5.0.1' ],
316 silly audit   'binary-extensions': [ '2.3.0' ],
316 silly audit   'read-cache': [ '1.0.0' ],
316 silly audit   'camelcase-css': [ '2.0.1' ],
316 silly audit   yaml: [ '2.8.2' ],
316 silly audit   cssesc: [ '3.0.0' ],
316 silly audit   'util-deprecate': [ '1.0.2' ],
316 silly audit   pify: [ '2.3.0' ],
316 silly audit   commander: [ '4.1.1' ],
316 silly audit   'lines-and-columns': [ '1.2.4' ],
316 silly audit   mz: [ '2.7.0' ],
316 silly audit   pirates: [ '4.0.7' ],
316 silly audit   tinyglobby: [ '0.2.15' ],
316 silly audit   'ts-interface-checker': [ '0.1.13' ],
316 silly audit   'any-promise': [ '1.3.0' ],
316 silly audit   'thenify-all': [ '1.6.0' ],
316 silly audit   thenify: [ '3.3.1' ],
316 silly audit   fdir: [ '6.5.0' ],
316 silly audit   'is-number': [ '7.0.0' ]
316 silly audit }
317 verbose reify failed optional dependency /Users/sudheerkumarthota/Desktop/Projects/Claw project/frontend/node_modules/@esbuild/win32-x64
318 silly reify mark deleted [
318 silly reify   '/Users/sudheerkumarthota/Desktop/Projects/Claw project/frontend/node_modules/@esbuild/win32-x64'
318 silly reify ]
319 verbose reify failed optional dependency /Users/sudheerkumarthota/Desktop/Projects/Claw project/frontend/node_modules/@esbuild/win32-ia32
320 silly reify mark deleted [
320 silly reify   '/Users/sudheerkumarthota/Desktop/Projects/Claw project/frontend/node_modules/@esbuild/win32-ia32'
320 silly reify ]
321 verbose reify failed optional dependency /Users/sudheerkumarthota/Desktop/Projects/Claw project/frontend/node_modules/@esbuild/win32-arm64
322 silly reify mark deleted [
322 silly reify   '/Users/sudheerkumarthota/Desktop/Projects/Claw project/frontend/node_modules/@esbuild/win32-arm64'
322 silly reify ]
323 verbose reify failed optional dependency /Users/sudheerkumarthota/Desktop/Projects/Claw project/frontend/node_modules/@esbuild/sunos-x64
324 silly reify mark deleted [
324 silly reify   '/Users/sudheerkumarthota/Desktop/Projects/Claw project/frontend/node_modules/@esbuild/sunos-x64'
324 silly reify ]
325 verbose reify failed optional dependency /Users/sudheerkumarthota/Desktop/Projects/Claw project/frontend/node_modules/@esbuild/openbsd-x64
326 silly reify mark deleted [
326 silly reify   '/Users/sudheerkumarthota/Desktop/Projects/Claw project/frontend/node_modules/@esbuild/openbsd-x64'
326 silly reify ]
327 verbose reify failed optional dependency /Users/sudheerkumarthota/Desktop/Projects/Claw project/frontend/node_modules/@esbuild/netbsd-x64
328 silly reify mark deleted [
328 silly reify   '/Users/sudheerkumarthota/Desktop/Projects/Claw project/frontend/node_modules/@esbuild/netbsd-x64'
328 silly reify ]
329 verbose reify failed optional dependency /Users/sudheerkumarthota/Desktop/Projects/Claw project/frontend/node_modules/@esbuild/linux-x64
330 silly reify mark deleted [
330 silly reify   '/Users/sudheerkumarthota/Desktop/Projects/Claw project/frontend/node_modules/@esbuild/linux-x64'
330 silly reify ]
331 verbose reify failed optional dependency /Users/sudheerkumarthota/Desktop/Projects/Claw project/frontend/node_modules/@esbuild/linux-s390x
332 silly reify mark deleted [
332 silly reify   '/Users/sudheerkumarthota/Desktop/Projects/Claw project/frontend/node_modules/@esbuild/linux-s390x'
332 silly reify ]
333 verbose reify failed optional dependency /Users/sudheerkumarthota/Desktop/Projects/Claw project/frontend/node_modules/@esbuild/linux-riscv64
334 silly reify mark deleted [
334 silly reify   '/Users/sudheerkumarthota/Desktop/Projects/Claw project/frontend/node_modules/@esbuild/linux-riscv64'
334 silly reify ]
335 verbose reify failed optional dependency /Users/sudheerkumarthota/Desktop/Projects/Claw project/frontend/node_modules/@esbuild/linux-ppc64
336 silly reify mark deleted [
336 silly reify   '/Users/sudheerkumarthota/Desktop/Projects/Claw project/frontend/node_modules/@esbuild/linux-ppc64'
336 silly reify ]
337 verbose reify failed optional dependency /Users/sudheerkumarthota/Desktop/Projects/Claw project/frontend/node_modules/@esbuild/linux-mips64el
338 silly reify mark deleted [
338 silly reify   '/Users/sudheerkumarthota/Desktop/Projects/Claw project/frontend/node_modules/@esbuild/linux-mips64el'
338 silly reify ]
339 verbose reify failed optional dependency /Users/sudheerkumarthota/Desktop/Projects/Claw project/frontend/node_modules/@esbuild/linux-loong64
340 silly reify mark deleted [
340 silly reify   '/Users/sudheerkumarthota/Desktop/Projects/Claw project/frontend/node_modules/@esbuild/linux-loong64'
340 silly reify ]
341 verbose reify failed optional dependency /Users/sudheerkumarthota/Desktop/Projects/Claw project/frontend/node_modules/@esbuild/linux-ia32
342 silly reify mark deleted [
342 silly reify   '/Users/sudheerkumarthota/Desktop/Projects/Claw project/frontend/node_modules/@esbuild/linux-ia32'
342 silly reify ]
343 verbose reify failed optional dependency /Users/sudheerkumarthota/Desktop/Projects/Claw project/frontend/node_modules/@esbuild/linux-arm64
344 silly reify mark deleted [
344 silly reify   '/Users/sudheerkumarthota/Desktop/Projects/Claw project/frontend/node_modules/@esbuild/linux-arm64'
344 silly reify ]
345 verbose reify failed optional dependency /Users/sudheerkumarthota/Desktop/Projects/Claw project/frontend/node_modules/@esbuild/linux-arm
346 silly reify mark deleted [
346 silly reify   '/Users/sudheerkumarthota/Desktop/Projects/Claw project/frontend/node_modules/@esbuild/linux-arm'
346 silly reify ]
347 verbose reify failed optional dependency /Users/sudheerkumarthota/Desktop/Projects/Claw project/frontend/node_modules/@esbuild/freebsd-x64
348 silly reify mark deleted [
348 silly reify   '/Users/sudheerkumarthota/Desktop/Projects/Claw project/frontend/node_modules/@esbuild/freebsd-x64'
348 silly reify ]
349 verbose reify failed optional dependency /Users/sudheerkumarthota/Desktop/Projects/Claw project/frontend/node_modules/@esbuild/freebsd-arm64
350 silly reify mark deleted [
350 silly reify   '/Users/sudheerkumarthota/Desktop/Projects/Claw project/frontend/node_modules/@esbuild/freebsd-arm64'
350 silly reify ]
351 verbose reify failed optional dependency /Users/sudheerkumarthota/Desktop/Projects/Claw project/frontend/node_modules/@esbuild/darwin-x64
352 silly reify mark deleted [
352 silly reify   '/Users/sudheerkumarthota/Desktop/Projects/Claw project/frontend/node_modules/@esbuild/darwin-x64'
352 silly reify ]
353 verbose reify failed optional dependency /Users/sudheerkumarthota/Desktop/Projects/Claw project/frontend/node_modules/@esbuild/android-x64
354 silly reify mark deleted [
354 silly reify   '/Users/sudheerkumarthota/Desktop/Projects/Claw project/frontend/node_modules/@esbuild/android-x64'
354 silly reify ]
355 verbose reify failed optional dependency /Users/sudheerkumarthota/Desktop/Projects/Claw project/frontend/node_modules/@esbuild/android-arm64
356 silly reify mark deleted [
356 silly reify   '/Users/sudheerkumarthota/Desktop/Projects/Claw project/frontend/node_modules/@esbuild/android-arm64'
356 silly reify ]
357 verbose reify failed optional dependency /Users/sudheerkumarthota/Desktop/Projects/Claw project/frontend/node_modules/@esbuild/android-arm
358 silly reify mark deleted [
358 silly reify   '/Users/sudheerkumarthota/Desktop/Projects/Claw project/frontend/node_modules/@esbuild/android-arm'
358 silly reify ]
359 silly tarball no local data for thenify@https://registry.npmjs.org/thenify/-/thenify-3.3.1.tgz. Extracting by manifest.
360 silly tarball no local data for is-number@https://registry.npmjs.org/is-number/-/is-number-7.0.0.tgz. Extracting by manifest.
361 silly tarball no local data for thenify-all@https://registry.npmjs.org/thenify-all/-/thenify-all-1.6.0.tgz. Extracting by manifest.
362 silly tarball no local data for tinyglobby@https://registry.npmjs.org/tinyglobby/-/tinyglobby-0.2.15.tgz. Extracting by manifest.
363 silly tarball no local data for pirates@https://registry.npmjs.org/pirates/-/pirates-4.0.7.tgz. Extracting by manifest.
364 silly tarball no local data for mz@https://registry.npmjs.org/mz/-/mz-2.7.0.tgz. Extracting by manifest.
365 silly tarball no local data for ts-interface-checker@https://registry.npmjs.org/ts-interface-checker/-/ts-interface-checker-0.1.13.tgz. Extracting by manifest.
366 silly tarball no local data for commander@https://registry.npmjs.org/commander/-/commander-4.1.1.tgz. Extracting by manifest.
367 silly tarball no local data for pify@https://registry.npmjs.org/pify/-/pify-2.3.0.tgz. Extracting by manifest.
368 silly tarball no local data for lines-and-columns@https://registry.npmjs.org/lines-and-columns/-/lines-and-columns-1.2.4.tgz. Extracting by manifest.
369 silly tarball no local data for util-deprecate@https://registry.npmjs.org/util-deprecate/-/util-deprecate-1.0.2.tgz. Extracting by manifest.
370 silly tarball no local data for cssesc@https://registry.npmjs.org/cssesc/-/cssesc-3.0.0.tgz. Extracting by manifest.
371 silly tarball no local data for camelcase-css@https://registry.npmjs.org/camelcase-css/-/camelcase-css-2.0.1.tgz. Extracting by manifest.
372 silly tarball no local data for yaml@https://registry.npmjs.org/yaml/-/yaml-2.8.2.tgz. Extracting by manifest.
373 silly tarball no local data for read-cache@https://registry.npmjs.org/read-cache/-/read-cache-1.0.0.tgz. Extracting by manifest.
374 silly tarball no local data for binary-extensions@https://registry.npmjs.org/binary-extensions/-/binary-extensions-2.3.0.tgz. Extracting by manifest.
375 silly tarball no local data for merge2@https://registry.npmjs.org/merge2/-/merge2-1.4.1.tgz. Extracting by manifest.
376 silly tarball no local data for picomatch@https://registry.npmjs.org/picomatch/-/picomatch-2.3.1.tgz. Extracting by manifest.
377 silly tarball no local data for fill-range@https://registry.npmjs.org/fill-range/-/fill-range-7.1.1.tgz. Extracting by manifest.
378 silly tarball no local data for is-binary-path@https://registry.npmjs.org/is-binary-path/-/is-binary-path-2.1.0.tgz. Extracting by manifest.
379 silly tarball no local data for readdirp@https://registry.npmjs.org/readdirp/-/readdirp-3.6.0.tgz. Extracting by manifest.
380 silly tarball no local data for sucrase@https://registry.npmjs.org/sucrase/-/sucrase-3.35.1.tgz. Extracting by manifest.
381 silly tarball no local data for any-promise@https://registry.npmjs.org/any-promise/-/any-promise-1.3.0.tgz. Extracting by manifest.
382 silly tarball no local data for postcss-selector-parser@https://registry.npmjs.org/postcss-selector-parser/-/postcss-selector-parser-6.1.2.tgz. Extracting by manifest.
383 silly tarball no local data for braces@https://registry.npmjs.org/braces/-/braces-3.0.3.tgz. Extracting by manifest.
384 silly tarball no local data for postcss-load-config@https://registry.npmjs.org/postcss-load-config/-/postcss-load-config-4.0.2.tgz. Extracting by manifest.
385 silly tarball no local data for anymatch@https://registry.npmjs.org/anymatch/-/anymatch-3.1.3.tgz. Extracting by manifest.
386 silly tarball no local data for postcss-import@https://registry.npmjs.org/postcss-import/-/postcss-import-15.1.0.tgz. Extracting by manifest.
387 silly tarball no local data for micromatch@https://registry.npmjs.org/micromatch/-/micromatch-4.0.8.tgz. Extracting by manifest.
388 silly tarball no local data for postcss-js@https://registry.npmjs.org/postcss-js/-/postcss-js-4.1.0.tgz. Extracting by manifest.
389 silly tarball no local data for normalize-path@https://registry.npmjs.org/normalize-path/-/normalize-path-3.0.0.tgz. Extracting by manifest.
390 silly tarball no local data for jiti@https://registry.npmjs.org/jiti/-/jiti-1.21.7.tgz. Extracting by manifest.
391 silly tarball no local data for object-hash@https://registry.npmjs.org/object-hash/-/object-hash-3.0.0.tgz. Extracting by manifest.
392 silly tarball no local data for postcss-nested@https://registry.npmjs.org/postcss-nested/-/postcss-nested-6.2.0.tgz. Extracting by manifest.
393 silly tarball no local data for dlv@https://registry.npmjs.org/dlv/-/dlv-1.1.3.tgz. Extracting by manifest.
394 silly tarball no local data for to-regex-range@https://registry.npmjs.org/to-regex-range/-/to-regex-range-5.0.1.tgz. Extracting by manifest.
395 silly tarball no local data for arg@https://registry.npmjs.org/arg/-/arg-5.0.2.tgz. Extracting by manifest.
396 silly tarball no local data for fast-glob@https://registry.npmjs.org/fast-glob/-/fast-glob-3.3.3.tgz. Extracting by manifest.
397 silly tarball no local data for chokidar@https://registry.npmjs.org/chokidar/-/chokidar-3.6.0.tgz. Extracting by manifest.
398 silly tarball no local data for tailwindcss@https://registry.npmjs.org/tailwindcss/-/tailwindcss-3.4.13.tgz. Extracting by manifest.
399 silly tarball no local data for picomatch@https://registry.npmjs.org/picomatch/-/picomatch-4.0.3.tgz. Extracting by manifest.
400 silly tarball no local data for didyoumean@https://registry.npmjs.org/didyoumean/-/didyoumean-1.2.2.tgz. Extracting by manifest.
401 silly tarball no local data for glob-parent@https://registry.npmjs.org/glob-parent/-/glob-parent-5.1.2.tgz. Extracting by manifest.
402 silly tarball no local data for lilconfig@https://registry.npmjs.org/lilconfig/-/lilconfig-2.1.0.tgz. Extracting by manifest.
403 silly tarball no local data for glob-parent@https://registry.npmjs.org/glob-parent/-/glob-parent-5.1.2.tgz. Extracting by manifest.
404 silly tarball no local data for lilconfig@https://registry.npmjs.org/lilconfig/-/lilconfig-3.1.3.tgz. Extracting by manifest.
405 silly tarball no local data for resolve@https://registry.npmjs.org/resolve/-/resolve-1.22.11.tgz. Extracting by manifest.
406 silly tarball no local data for @alloc/quick-lru@https://registry.npmjs.org/@alloc/quick-lru/-/quick-lru-5.2.0.tgz. Extracting by manifest.
407 silly tarball no local data for fdir@https://registry.npmjs.org/fdir/-/fdir-6.5.0.tgz. Extracting by manifest.
408 silly tarball no local data for resolve@https://registry.npmjs.org/resolve/-/resolve-1.22.11.tgz. Extracting by manifest.
409 http fetch GET 200 https://registry.npmjs.org/thenify/-/thenify-3.3.1.tgz 72ms (cache miss)
410 http fetch GET 200 https://registry.npmjs.org/thenify-all/-/thenify-all-1.6.0.tgz 69ms (cache miss)
411 http fetch GET 200 https://registry.npmjs.org/mz/-/mz-2.7.0.tgz 70ms (cache miss)
412 http fetch GET 200 https://registry.npmjs.org/tinyglobby/-/tinyglobby-0.2.15.tgz 70ms (cache miss)
413 http fetch GET 200 https://registry.npmjs.org/is-number/-/is-number-7.0.0.tgz 72ms (cache miss)
414 http fetch GET 200 https://registry.npmjs.org/pirates/-/pirates-4.0.7.tgz 70ms (cache miss)
415 http fetch GET 200 https://registry.npmjs.org/read-cache/-/read-cache-1.0.0.tgz 88ms (cache miss)
416 http fetch GET 200 https://registry.npmjs.org/binary-extensions/-/binary-extensions-2.3.0.tgz 87ms (cache miss)
417 http fetch GET 200 https://registry.npmjs.org/is-binary-path/-/is-binary-path-2.1.0.tgz 90ms (cache miss)
418 http fetch GET 200 https://registry.npmjs.org/merge2/-/merge2-1.4.1.tgz 91ms (cache miss)
419 http fetch GET 200 https://registry.npmjs.org/picomatch/-/picomatch-2.3.1.tgz 91ms (cache miss)
420 http fetch GET 200 https://registry.npmjs.org/fill-range/-/fill-range-7.1.1.tgz 95ms (cache miss)
421 http fetch POST 200 https://registry.npmjs.org/-/npm/v1/security/advisories/bulk 125ms
422 silly audit report {
422 silly audit report   esbuild: [
422 silly audit report     {
422 silly audit report       id: 1102341,
422 silly audit report       url: 'https://github.com/advisories/GHSA-67mh-4wv8-2f99',
422 silly audit report       title: 'esbuild enables any website to send any requests to the development server and read the response',
422 silly audit report       severity: 'moderate',
422 silly audit report       vulnerable_versions: '<=0.24.2',
422 silly audit report       cwe: [Array],
422 silly audit report       cvss: [Object]
422 silly audit report     }
422 silly audit report   ],
422 silly audit report   vite: [
422 silly audit report     {
422 silly audit report       id: 1107323,
422 silly audit report       url: 'https://github.com/advisories/GHSA-g4jq-h2w9-997c',
422 silly audit report       title: 'Vite middleware may serve files starting with the same name with the public directory',
422 silly audit report       severity: 'low',
422 silly audit report       vulnerable_versions: '<=5.4.19',
422 silly audit report       cwe: [Array],
422 silly audit report       cvss: [Object]
422 silly audit report     },
422 silly audit report     {
422 silly audit report       id: 1107327,
422 silly audit report       url: 'https://github.com/advisories/GHSA-jqfw-vq24-v9c3',
422 silly audit report       title: "Vite's `server.fs` settings were not applied to HTML files",
422 silly audit report       severity: 'low',
422 silly audit report       vulnerable_versions: '<=5.4.19',
422 silly audit report       cwe: [Array],
422 silly audit report       cvss: [Object]
422 silly audit report     },
422 silly audit report     {
422 silly audit report       id: 1109132,
422 silly audit report       url: 'https://github.com/advisories/GHSA-93m4-6634-74q7',
422 silly audit report       title: 'vite allows server.fs.deny bypass via backslash on Windows',
422 silly audit report       severity: 'moderate',
422 silly audit report       vulnerable_versions: '>=4.5.3 <5.0.0',
422 silly audit report       cwe: [Array],
422 silly audit report       cvss: [Object]
422 silly audit report     }
422 silly audit report   ]
422 silly audit report }
423 silly packumentCache corgi:https://registry.npmjs.org/esbuild cache-miss
424 silly packumentCache corgi:https://registry.npmjs.org/vite cache-miss
425 http fetch GET 200 https://registry.npmjs.org/esbuild 4ms (cache hit)
426 silly packumentCache corgi:https://registry.npmjs.org/esbuild set size:877737 disposed:false
427 http fetch GET 200 https://registry.npmjs.org/vite 10ms (cache hit)
428 silly packumentCache corgi:https://registry.npmjs.org/vite set size:2181475 disposed:false
429 silly packumentCache corgi:https://registry.npmjs.org/@vitejs%2fplugin-react cache-miss
430 http fetch GET 200 https://registry.npmjs.org/readdirp/-/readdirp-3.6.0.tgz 182ms (cache miss)
431 http fetch GET 200 https://registry.npmjs.org/postcss-load-config/-/postcss-load-config-4.0.2.tgz 182ms (cache miss)
432 http fetch GET 200 https://registry.npmjs.org/braces/-/braces-3.0.3.tgz 183ms (cache miss)
433 http fetch GET 200 https://registry.npmjs.org/pify/-/pify-2.3.0.tgz 188ms (cache miss)
434 http fetch GET 200 https://registry.npmjs.org/any-promise/-/any-promise-1.3.0.tgz 184ms (cache miss)
435 http fetch GET 200 https://registry.npmjs.org/lines-and-columns/-/lines-and-columns-1.2.4.tgz 187ms (cache miss)
436 http fetch GET 200 https://registry.npmjs.org/anymatch/-/anymatch-3.1.3.tgz 184ms (cache miss)
437 http fetch GET 200 https://registry.npmjs.org/util-deprecate/-/util-deprecate-1.0.2.tgz 188ms (cache miss)
438 http fetch GET 200 https://registry.npmjs.org/camelcase-css/-/camelcase-css-2.0.1.tgz 191ms (cache miss)
439 http fetch GET 200 https://registry.npmjs.org/cssesc/-/cssesc-3.0.0.tgz 195ms (cache miss)
440 http fetch GET 200 https://registry.npmjs.org/@vitejs%2fplugin-react 41ms (cache hit)
441 silly packumentCache corgi:https://registry.npmjs.org/@vitejs%2fplugin-react set size:106104 disposed:false
442 http fetch GET 200 https://registry.npmjs.org/postcss-nested/-/postcss-nested-6.2.0.tgz 210ms (cache miss)
443 http fetch GET 200 https://registry.npmjs.org/ts-interface-checker/-/ts-interface-checker-0.1.13.tgz 216ms (cache miss)
444 http fetch GET 200 https://registry.npmjs.org/postcss-import/-/postcss-import-15.1.0.tgz 215ms (cache miss)
445 http fetch GET 200 https://registry.npmjs.org/arg/-/arg-5.0.2.tgz 215ms (cache miss)
446 http fetch GET 200 https://registry.npmjs.org/postcss-js/-/postcss-js-4.1.0.tgz 217ms (cache miss)
447 http fetch GET 200 https://registry.npmjs.org/object-hash/-/object-hash-3.0.0.tgz 217ms (cache miss)
448 http fetch GET 200 https://registry.npmjs.org/dlv/-/dlv-1.1.3.tgz 218ms (cache miss)
449 http fetch GET 200 https://registry.npmjs.org/didyoumean/-/didyoumean-1.2.2.tgz 217ms (cache miss)
450 http fetch GET 200 https://registry.npmjs.org/normalize-path/-/normalize-path-3.0.0.tgz 219ms (cache miss)
451 http fetch GET 200 https://registry.npmjs.org/commander/-/commander-4.1.1.tgz 229ms (cache miss)
452 http fetch GET 200 https://registry.npmjs.org/picomatch/-/picomatch-4.0.3.tgz 224ms (cache miss)
453 http fetch GET 200 https://registry.npmjs.org/to-regex-range/-/to-regex-range-5.0.1.tgz 228ms (cache miss)
454 http fetch GET 200 https://registry.npmjs.org/micromatch/-/micromatch-4.0.8.tgz 230ms (cache miss)
455 http fetch GET 200 https://registry.npmjs.org/glob-parent/-/glob-parent-5.1.2.tgz 230ms (cache miss)
456 http fetch GET 200 https://registry.npmjs.org/lilconfig/-/lilconfig-2.1.0.tgz 231ms (cache miss)
457 http fetch GET 200 https://registry.npmjs.org/glob-parent/-/glob-parent-5.1.2.tgz 232ms (cache miss)
458 http fetch GET 200 https://registry.npmjs.org/lilconfig/-/lilconfig-3.1.3.tgz 233ms (cache miss)
459 http fetch GET 200 https://registry.npmjs.org/postcss-selector-parser/-/postcss-selector-parser-6.1.2.tgz 240ms (cache miss)
460 http fetch GET 200 https://registry.npmjs.org/chokidar/-/chokidar-3.6.0.tgz 241ms (cache miss)
461 http fetch GET 200 https://registry.npmjs.org/fdir/-/fdir-6.5.0.tgz 238ms (cache miss)
462 http fetch GET 200 https://registry.npmjs.org/@alloc/quick-lru/-/quick-lru-5.2.0.tgz 238ms (cache miss)
463 http fetch GET 200 https://registry.npmjs.org/fast-glob/-/fast-glob-3.3.3.tgz 252ms (cache miss)
464 http fetch GET 200 https://registry.npmjs.org/jiti/-/jiti-1.21.7.tgz 274ms (cache miss)
465 http fetch GET 200 https://registry.npmjs.org/resolve/-/resolve-1.22.11.tgz 289ms (cache miss)
466 http fetch GET 200 https://registry.npmjs.org/resolve/-/resolve-1.22.11.tgz 293ms (cache miss)
467 http fetch GET 200 https://registry.npmjs.org/sucrase/-/sucrase-3.35.1.tgz 318ms (cache miss)
468 http fetch GET 200 https://registry.npmjs.org/yaml/-/yaml-2.8.2.tgz 326ms (cache miss)
469 http fetch GET 200 https://registry.npmjs.org/tailwindcss/-/tailwindcss-3.4.13.tgz 345ms (cache miss)
470 silly ADD node_modules/is-number
471 silly ADD node_modules/thenify
472 silly ADD node_modules/thenify-all
473 silly ADD node_modules/any-promise
474 silly ADD node_modules/ts-interface-checker
475 silly ADD node_modules/tinyglobby
476 silly ADD node_modules/tinyglobby/node_modules/picomatch
477 silly ADD node_modules/tinyglobby/node_modules/fdir
478 silly ADD node_modules/pirates
479 silly ADD node_modules/mz
480 silly ADD node_modules/lines-and-columns
481 silly ADD node_modules/commander
482 silly ADD node_modules/pify
483 silly ADD node_modules/util-deprecate
484 silly ADD node_modules/cssesc
485 silly ADD node_modules/yaml
486 silly ADD node_modules/camelcase-css
487 silly ADD node_modules/read-cache
488 silly ADD node_modules/binary-extensions
489 silly ADD node_modules/to-regex-range
490 silly ADD node_modules/merge2
491 silly ADD node_modules/fill-range
492 silly ADD node_modules/picomatch
493 silly ADD node_modules/readdirp
494 silly ADD node_modules/is-binary-path
495 silly ADD node_modules/braces
496 silly ADD node_modules/anymatch
497 silly ADD node_modules/sucrase
498 silly ADD node_modules/postcss-selector-parser
499 silly ADD node_modules/postcss-nested
500 silly ADD node_modules/postcss-load-config
501 silly ADD node_modules/postcss-load-config/node_modules/lilconfig
502 silly ADD node_modules/postcss-js
503 silly ADD node_modules/postcss-import
504 silly ADD node_modules/postcss-import/node_modules/resolve
505 silly ADD node_modules/object-hash
506 silly ADD node_modules/normalize-path
507 silly ADD node_modules/micromatch
508 silly ADD node_modules/lilconfig
509 silly ADD node_modules/jiti
510 silly ADD node_modules/fast-glob
511 silly ADD node_modules/fast-glob/node_modules/glob-parent
512 silly ADD node_modules/dlv
513 silly ADD node_modules/didyoumean
514 silly ADD node_modules/chokidar
515 silly ADD node_modules/chokidar/node_modules/glob-parent
516 silly ADD node_modules/arg
517 silly ADD node_modules/@alloc/quick-lru
518 silly ADD
519 silly ADD
520 silly ADD
521 silly ADD
522 silly ADD
523 silly ADD
524 silly ADD
525 silly ADD
526 silly ADD
527 silly ADD
528 silly ADD
529 silly ADD
530 silly ADD
531 silly ADD
532 silly ADD
533 silly ADD
534 silly ADD
535 silly ADD
536 silly ADD
537 silly ADD
538 silly ADD
539 silly CHANGE node_modules/tailwindcss
540 silly ADD node_modules/tailwindcss/node_modules/resolve
541 verbose cwd /Users/sudheerkumarthota/Desktop/Projects/Claw project/frontend
542 verbose os Darwin 25.2.0
543 verbose node v20.16.0
544 verbose npm  v10.8.1
545 verbose exit 0
546 info ok
