0 verbose cli /usr/local/bin/node /usr/local/bin/npm
1 info using npm@10.8.1
2 info using node@v20.16.0
3 silly config load:file:/usr/local/lib/node_modules/npm/npmrc
4 silly config load:file:/Users/sudheerkumarthota/Desktop/Projects/Claw project/.npmrc
5 silly config load:file:/Users/sudheerkumarthota/.npmrc
6 silly config load:file:/usr/local/etc/npmrc
7 verbose title npm create vite@4 frontend --template react
8 verbose argv "create" "vite@4" "frontend" "--" "--template" "react"
9 verbose logfile logs-max:10 dir:/Users/sudheerkumarthota/Desktop/Projects/Claw project/.npm-cache/_logs/2026-02-05T19_29_23_016Z-
10 verbose logfile /Users/sudheerkumarthota/Desktop/Projects/Claw project/.npm-cache/_logs/2026-02-05T19_29_23_016Z-debug-0.log
11 silly logfile done cleaning log files
12 silly packumentCache heap:2197815296 maxSize:549453824 maxEntrySize:274726912
13 http fetch GET 200 https://registry.npmjs.org/create-vite 148ms (cache revalidated)
14 silly packumentCache heap:2197815296 maxSize:549453824 maxEntrySize:274726912
15 warn exec The following package was not found and will be installed: create-vite@4.4.1
16 silly idealTree buildDeps
17 silly fetch manifest create-vite@4.4.1
18 silly packumentCache full:https://registry.npmjs.org/create-vite cache-miss
19 http fetch GET 200 https://registry.npmjs.org/create-vite 49ms (cache miss)
20 silly packumentCache full:https://registry.npmjs.org/create-vite set size:undefined disposed:false
21 silly placeDep ROOT create-vite@4.4.1 OK for:  want: 4.4.1
22 silly reify moves {}
23 silly audit bulk request { 'create-vite': [ '4.4.1' ] }
24 silly tarball no local data for create-vite@https://registry.npmjs.org/create-vite/-/create-vite-4.4.1.tgz. Extracting by manifest.
25 http fetch POST 200 https://registry.npmjs.org/-/npm/v1/security/advisories/bulk 117ms
26 silly audit report {}
27 http fetch GET 200 https://registry.npmjs.org/create-vite/-/create-vite-4.4.1.tgz 171ms (cache miss)
28 verbose cwd /Users/sudheerkumarthota/Desktop/Projects/Claw project
29 verbose os Darwin 25.2.0
30 verbose node v20.16.0
31 verbose npm  v10.8.1
32 verbose exit 0
33 info ok
