0 verbose cli /usr/local/bin/node /usr/local/bin/npm
1 info using npm@10.8.1
2 info using node@v20.16.0
3 silly config load:file:/usr/local/lib/node_modules/npm/npmrc
4 silly config load:file:/Users/sudheerkumarthota/Desktop/Projects/Claw project/frontend/.npmrc
5 silly config load:file:/Users/sudheerkumarthota/.npmrc
6 silly config load:file:/usr/local/etc/npmrc
7 verbose title npm install @radix-ui/react-navigation-menu
8 verbose argv "install" "@radix-ui/react-navigation-menu"
9 verbose logfile logs-max:10 dir:/Users/sudheerkumarthota/Desktop/Projects/Claw project/.npm-cache/_logs/2026-02-05T19_31_02_354Z-
10 verbose logfile /Users/sudheerkumarthota/Desktop/Projects/Claw project/.npm-cache/_logs/2026-02-05T19_31_02_354Z-debug-0.log
11 silly packumentCache heap:2197815296 maxSize:549453824 maxEntrySize:274726912
12 silly logfile done cleaning log files
13 silly idealTree buildDeps
14 silly fetch manifest @radix-ui/react-navigation-menu@*
15 silly packumentCache full:https://registry.npmjs.org/@radix-ui%2freact-navigation-menu cache-miss
16 http fetch GET 200 https://registry.npmjs.org/@radix-ui%2freact-navigation-menu 186ms (cache miss)
17 silly packumentCache full:https://registry.npmjs.org/@radix-ui%2freact-navigation-menu set size:undefined disposed:false
18 silly fetch manifest @types/react@^18.2.15
19 silly packumentCache full:https://registry.npmjs.org/@types%2freact cache-miss
20 http fetch GET 200 https://registry.npmjs.org/@types%2freact 6ms (cache hit)
21 silly packumentCache full:https://registry.npmjs.org/@types%2freact set size:2584421 disposed:false
22 silly fetch manifest @types/react-dom@^18.2.7
23 silly packumentCache full:https://registry.npmjs.org/@types%2freact-dom cache-miss
24 http fetch GET 200 https://registry.npmjs.org/@types%2freact-dom 3ms (cache hit)
25 silly packumentCache full:https://registry.npmjs.org/@types%2freact-dom set size:429026 disposed:false
26 silly fetch manifest react@^18.2.0
27 silly packumentCache full:https://registry.npmjs.org/react cache-miss
28 http fetch GET 200 https://registry.npmjs.org/react 9ms (cache hit)
29 silly packumentCache full:https://registry.npmjs.org/react set size:6462613 disposed:false
30 silly fetch manifest react-dom@^18.2.0
31 silly packumentCache full:https://registry.npmjs.org/react-dom cache-miss
32 http fetch GET 200 https://registry.npmjs.org/react-dom 14ms (cache hit)
33 silly packumentCache full:https://registry.npmjs.org/react-dom set size:8546641 disposed:false
34 silly placeDep ROOT @radix-ui/react-navigation-menu@1.2.14 OK for: frontend@0.0.0 want: *
35 silly fetch manifest @radix-ui/react-id@1.1.1
36 silly packumentCache full:https://registry.npmjs.org/@radix-ui%2freact-id cache-miss
37 silly fetch manifest @radix-ui/primitive@1.1.3
38 silly packumentCache full:https://registry.npmjs.org/@radix-ui%2fprimitive cache-miss
39 silly fetch manifest @radix-ui/react-context@1.1.2
40 silly packumentCache full:https://registry.npmjs.org/@radix-ui%2freact-context cache-miss
41 silly fetch manifest @radix-ui/react-presence@1.1.5
42 silly packumentCache full:https://registry.npmjs.org/@radix-ui%2freact-presence cache-miss
43 silly fetch manifest @radix-ui/react-direction@1.1.1
44 silly packumentCache full:https://registry.npmjs.org/@radix-ui%2freact-direction cache-miss
45 silly fetch manifest @radix-ui/react-primitive@2.1.3
46 silly packumentCache full:https://registry.npmjs.org/@radix-ui%2freact-primitive cache-miss
47 silly fetch manifest @radix-ui/react-collection@1.1.7
48 silly packumentCache full:https://registry.npmjs.org/@radix-ui%2freact-collection cache-miss
49 http fetch GET 200 https://registry.npmjs.org/@radix-ui%2fprimitive 129ms (cache miss)
50 silly packumentCache full:https://registry.npmjs.org/@radix-ui%2fprimitive set size:undefined disposed:false
51 silly fetch manifest @radix-ui/react-compose-refs@1.1.2
52 silly packumentCache full:https://registry.npmjs.org/@radix-ui%2freact-compose-refs cache-miss
53 http fetch GET 200 https://registry.npmjs.org/@radix-ui%2freact-id 134ms (cache miss)
54 silly packumentCache full:https://registry.npmjs.org/@radix-ui%2freact-id set size:undefined disposed:false
55 silly fetch manifest @radix-ui/react-use-previous@1.1.1
56 silly packumentCache full:https://registry.npmjs.org/@radix-ui%2freact-use-previous cache-miss
57 http fetch GET 200 https://registry.npmjs.org/@radix-ui%2freact-context 140ms (cache miss)
58 silly packumentCache full:https://registry.npmjs.org/@radix-ui%2freact-context set size:undefined disposed:false
59 silly fetch manifest @radix-ui/react-visually-hidden@1.2.3
60 silly packumentCache full:https://registry.npmjs.org/@radix-ui%2freact-visually-hidden cache-miss
61 http fetch GET 200 https://registry.npmjs.org/@radix-ui%2freact-direction 143ms (cache miss)
62 silly packumentCache full:https://registry.npmjs.org/@radix-ui%2freact-direction set size:undefined disposed:false
63 silly fetch manifest @radix-ui/react-use-callback-ref@1.1.1
64 silly packumentCache full:https://registry.npmjs.org/@radix-ui%2freact-use-callback-ref cache-miss
65 http fetch GET 200 https://registry.npmjs.org/@radix-ui%2freact-primitive 145ms (cache miss)
66 silly packumentCache full:https://registry.npmjs.org/@radix-ui%2freact-primitive set size:undefined disposed:false
67 silly fetch manifest @radix-ui/react-dismissable-layer@1.1.11
68 silly packumentCache full:https://registry.npmjs.org/@radix-ui%2freact-dismissable-layer cache-miss
69 http fetch GET 200 https://registry.npmjs.org/@radix-ui%2freact-collection 149ms (cache miss)
70 silly packumentCache full:https://registry.npmjs.org/@radix-ui%2freact-collection set size:undefined disposed:false
71 silly fetch manifest @radix-ui/react-use-layout-effect@1.1.1
72 silly packumentCache full:https://registry.npmjs.org/@radix-ui%2freact-use-layout-effect cache-miss
73 http fetch GET 200 https://registry.npmjs.org/@radix-ui%2freact-presence 152ms (cache miss)
74 silly packumentCache full:https://registry.npmjs.org/@radix-ui%2freact-presence set size:undefined disposed:false
75 silly fetch manifest @radix-ui/react-use-controllable-state@1.2.2
76 silly packumentCache full:https://registry.npmjs.org/@radix-ui%2freact-use-controllable-state cache-miss
77 http fetch GET 200 https://registry.npmjs.org/@radix-ui%2freact-use-previous 55ms (cache miss)
78 silly packumentCache full:https://registry.npmjs.org/@radix-ui%2freact-use-previous set size:undefined disposed:false
79 http fetch GET 200 https://registry.npmjs.org/@radix-ui%2freact-use-layout-effect 54ms (cache miss)
80 silly packumentCache full:https://registry.npmjs.org/@radix-ui%2freact-use-layout-effect set size:undefined disposed:false
81 http fetch GET 200 https://registry.npmjs.org/@radix-ui%2freact-use-callback-ref 63ms (cache miss)
82 silly packumentCache full:https://registry.npmjs.org/@radix-ui%2freact-use-callback-ref set size:undefined disposed:false
83 http fetch GET 200 https://registry.npmjs.org/@radix-ui%2freact-visually-hidden 72ms (cache miss)
84 silly packumentCache full:https://registry.npmjs.org/@radix-ui%2freact-visually-hidden set size:undefined disposed:false
85 http fetch GET 200 https://registry.npmjs.org/@radix-ui%2freact-use-controllable-state 63ms (cache miss)
86 silly packumentCache full:https://registry.npmjs.org/@radix-ui%2freact-use-controllable-state set size:undefined disposed:false
87 http fetch GET 200 https://registry.npmjs.org/@radix-ui%2freact-dismissable-layer 72ms (cache miss)
88 silly packumentCache full:https://registry.npmjs.org/@radix-ui%2freact-dismissable-layer set size:undefined disposed:false
89 http fetch GET 200 https://registry.npmjs.org/@radix-ui%2freact-compose-refs 118ms (cache miss)
90 silly packumentCache full:https://registry.npmjs.org/@radix-ui%2freact-compose-refs set size:undefined disposed:false
91 silly fetch manifest @types/react@*
92 silly packumentCache full:https://registry.npmjs.org/@types%2freact cache-miss
93 http fetch GET 200 https://registry.npmjs.org/@types%2freact 4ms (cache hit)
94 silly packumentCache full:https://registry.npmjs.org/@types%2freact set size:2584421 disposed:false
95 silly fetch manifest react@^16.8 || ^17.0 || ^18.0 || ^19.0 || ^19.0.0-rc
96 silly packumentCache full:https://registry.npmjs.org/react cache-miss
97 http fetch GET 200 https://registry.npmjs.org/react 8ms (cache hit)
98 silly packumentCache full:https://registry.npmjs.org/react set size:6462613 disposed:false
99 silly fetch manifest @types/react-dom@*
100 silly packumentCache full:https://registry.npmjs.org/@types%2freact-dom cache-hit
101 silly fetch manifest react-dom@^16.8 || ^17.0 || ^18.0 || ^19.0 || ^19.0.0-rc
102 silly packumentCache full:https://registry.npmjs.org/react-dom cache-miss
103 http fetch GET 200 https://registry.npmjs.org/react-dom 13ms (cache hit)
104 silly packumentCache full:https://registry.npmjs.org/react-dom set size:8546641 disposed:false
105 silly placeDep ROOT @radix-ui/primitive@1.1.3 OK for: @radix-ui/react-navigation-menu@1.2.14 want: 1.1.3
106 silly placeDep ROOT @radix-ui/react-collection@1.1.7 OK for: @radix-ui/react-navigation-menu@1.2.14 want: 1.1.7
107 silly placeDep ROOT @radix-ui/react-compose-refs@1.1.2 OK for: @radix-ui/react-navigation-menu@1.2.14 want: 1.1.2
108 silly placeDep ROOT @radix-ui/react-context@1.1.2 OK for: @radix-ui/react-navigation-menu@1.2.14 want: 1.1.2
109 silly placeDep ROOT @radix-ui/react-direction@1.1.1 OK for: @radix-ui/react-navigation-menu@1.2.14 want: 1.1.1
110 silly placeDep ROOT @radix-ui/react-dismissable-layer@1.1.11 OK for: @radix-ui/react-navigation-menu@1.2.14 want: 1.1.11
111 silly placeDep ROOT @radix-ui/react-id@1.1.1 OK for: @radix-ui/react-navigation-menu@1.2.14 want: 1.1.1
112 silly placeDep ROOT @radix-ui/react-presence@1.1.5 OK for: @radix-ui/react-navigation-menu@1.2.14 want: 1.1.5
113 silly placeDep ROOT @radix-ui/react-primitive@2.1.3 OK for: @radix-ui/react-navigation-menu@1.2.14 want: 2.1.3
114 silly placeDep ROOT @radix-ui/react-use-callback-ref@1.1.1 OK for: @radix-ui/react-navigation-menu@1.2.14 want: 1.1.1
115 silly placeDep ROOT @radix-ui/react-use-controllable-state@1.2.2 OK for: @radix-ui/react-navigation-menu@1.2.14 want: 1.2.2
116 silly placeDep ROOT @radix-ui/react-use-layout-effect@1.1.1 OK for: @radix-ui/react-navigation-menu@1.2.14 want: 1.1.1
117 silly placeDep ROOT @radix-ui/react-use-previous@1.1.1 OK for: @radix-ui/react-navigation-menu@1.2.14 want: 1.1.1
118 silly placeDep ROOT @radix-ui/react-visually-hidden@1.2.3 OK for: @radix-ui/react-navigation-menu@1.2.14 want: 1.2.3
119 silly fetch manifest @radix-ui/react-slot@1.2.3
120 silly packumentCache full:https://registry.npmjs.org/@radix-ui%2freact-slot cache-miss
121 silly fetch manifest @radix-ui/react-use-escape-keydown@1.1.1
122 silly packumentCache full:https://registry.npmjs.org/@radix-ui%2freact-use-escape-keydown cache-miss
123 silly fetch manifest @radix-ui/react-slot@1.2.3
124 silly packumentCache full:https://registry.npmjs.org/@radix-ui%2freact-slot cache-miss
125 silly fetch manifest @radix-ui/react-use-effect-event@0.0.2
126 silly packumentCache full:https://registry.npmjs.org/@radix-ui%2freact-use-effect-event cache-miss
127 http fetch GET 200 https://registry.npmjs.org/@radix-ui%2freact-slot 56ms (cache miss)
128 silly packumentCache full:https://registry.npmjs.org/@radix-ui%2freact-slot set size:undefined disposed:false
129 http fetch GET 200 https://registry.npmjs.org/@radix-ui%2freact-use-effect-event 58ms (cache miss)
130 silly packumentCache full:https://registry.npmjs.org/@radix-ui%2freact-use-effect-event set size:undefined disposed:false
131 http fetch GET 200 https://registry.npmjs.org/@radix-ui%2freact-slot 60ms (cache miss)
132 silly packumentCache full:https://registry.npmjs.org/@radix-ui%2freact-slot set size:undefined disposed:false
133 http fetch GET 200 https://registry.npmjs.org/@radix-ui%2freact-use-escape-keydown 65ms (cache miss)
134 silly packumentCache full:https://registry.npmjs.org/@radix-ui%2freact-use-escape-keydown set size:undefined disposed:false
135 silly placeDep ROOT @radix-ui/react-slot@1.2.3 OK for: @radix-ui/react-collection@1.1.7 want: 1.2.3
136 silly placeDep ROOT @radix-ui/react-use-escape-keydown@1.1.1 OK for: @radix-ui/react-dismissable-layer@1.1.11 want: 1.1.1
137 silly placeDep ROOT @radix-ui/react-use-effect-event@0.0.2 OK for: @radix-ui/react-use-controllable-state@1.2.2 want: 0.0.2
138 silly reify moves {}
139 silly audit bulk request {
139 silly audit   '@alloc/quick-lru': [ '5.2.0' ],
139 silly audit   '@babel/code-frame': [ '7.29.0' ],
139 silly audit   '@babel/compat-data': [ '7.29.0' ],
139 silly audit   '@babel/core': [ '7.29.0' ],
139 silly audit   '@babel/generator': [ '7.29.1' ],
139 silly audit   '@babel/helper-compilation-targets': [ '7.28.6' ],
139 silly audit   '@babel/helper-globals': [ '7.28.0' ],
139 silly audit   '@babel/helper-module-imports': [ '7.28.6' ],
139 silly audit   '@babel/helper-module-transforms': [ '7.28.6' ],
139 silly audit   '@babel/helper-plugin-utils': [ '7.28.6' ],
139 silly audit   '@babel/helper-string-parser': [ '7.27.1' ],
139 silly audit   '@babel/helper-validator-identifier': [ '7.28.5' ],
139 silly audit   '@babel/helper-validator-option': [ '7.27.1' ],
139 silly audit   '@babel/helpers': [ '7.28.6' ],
139 silly audit   '@babel/parser': [ '7.29.0' ],
139 silly audit   '@babel/plugin-transform-react-jsx-self': [ '7.27.1' ],
139 silly audit   '@babel/plugin-transform-react-jsx-source': [ '7.27.1' ],
139 silly audit   '@babel/template': [ '7.28.6' ],
139 silly audit   '@babel/traverse': [ '7.29.0' ],
139 silly audit   '@babel/types': [ '7.29.0' ],
139 silly audit   '@esbuild/android-arm': [ '0.18.20' ],
139 silly audit   '@esbuild/android-arm64': [ '0.18.20' ],
139 silly audit   '@esbuild/android-x64': [ '0.18.20' ],
139 silly audit   '@esbuild/darwin-arm64': [ '0.18.20' ],
139 silly audit   '@esbuild/darwin-x64': [ '0.18.20' ],
139 silly audit   '@esbuild/freebsd-arm64': [ '0.18.20' ],
139 silly audit   '@esbuild/freebsd-x64': [ '0.18.20' ],
139 silly audit   '@esbuild/linux-arm': [ '0.18.20' ],
139 silly audit   '@esbuild/linux-arm64': [ '0.18.20' ],
139 silly audit   '@esbuild/linux-ia32': [ '0.18.20' ],
139 silly audit   '@esbuild/linux-loong64': [ '0.18.20' ],
139 silly audit   '@esbuild/linux-mips64el': [ '0.18.20' ],
139 silly audit   '@esbuild/linux-ppc64': [ '0.18.20' ],
139 silly audit   '@esbuild/linux-riscv64': [ '0.18.20' ],
139 silly audit   '@esbuild/linux-s390x': [ '0.18.20' ],
139 silly audit   '@esbuild/linux-x64': [ '0.18.20' ],
139 silly audit   '@esbuild/netbsd-x64': [ '0.18.20' ],
139 silly audit   '@esbuild/openbsd-x64': [ '0.18.20' ],
139 silly audit   '@esbuild/sunos-x64': [ '0.18.20' ],
139 silly audit   '@esbuild/win32-arm64': [ '0.18.20' ],
139 silly audit   '@esbuild/win32-ia32': [ '0.18.20' ],
139 silly audit   '@esbuild/win32-x64': [ '0.18.20' ],
139 silly audit   '@eslint-community/eslint-utils': [ '4.9.1' ],
139 silly audit   '@eslint-community/regexpp': [ '4.12.2' ],
139 silly audit   '@eslint/eslintrc': [ '2.1.4' ],
139 silly audit   '@eslint/js': [ '8.57.1' ],
139 silly audit   '@humanwhocodes/config-array': [ '0.13.0' ],
139 silly audit   '@humanwhocodes/module-importer': [ '1.0.1' ],
139 silly audit   '@humanwhocodes/object-schema': [ '2.0.3' ],
139 silly audit   '@jridgewell/gen-mapping': [ '0.3.13' ],
139 silly audit   '@jridgewell/remapping': [ '2.3.5' ],
139 silly audit   '@jridgewell/resolve-uri': [ '3.1.2' ],
139 silly audit   '@jridgewell/sourcemap-codec': [ '1.5.5' ],
139 silly audit   '@jridgewell/trace-mapping': [ '0.3.31' ],
139 silly audit   '@nodelib/fs.scandir': [ '2.1.5' ],
139 silly audit   '@nodelib/fs.stat': [ '2.0.5' ],
139 silly audit   '@nodelib/fs.walk': [ '1.2.8' ],
139 silly audit   '@rolldown/pluginutils': [ '1.0.0-beta.27' ],
139 silly audit   '@types/babel__core': [ '7.20.5' ],
139 silly audit   '@types/babel__generator': [ '7.27.0' ],
139 silly audit   '@types/babel__template': [ '7.4.4' ],
139 silly audit   '@types/babel__traverse': [ '7.28.0' ],
139 silly audit   '@types/prop-types': [ '15.7.15' ],
139 silly audit   '@types/react': [ '18.3.28' ],
139 silly audit   '@types/react-dom': [ '18.3.7' ],
139 silly audit   '@ungap/structured-clone': [ '1.3.0' ],
139 silly audit   '@vitejs/plugin-react': [ '4.7.0' ],
139 silly audit   acorn: [ '8.15.0' ],
139 silly audit   'acorn-jsx': [ '5.3.2' ],
139 silly audit   ajv: [ '6.12.6' ],
139 silly audit   'ansi-regex': [ '5.0.1' ],
139 silly audit   'ansi-styles': [ '4.3.0' ],
139 silly audit   'any-promise': [ '1.3.0' ],
139 silly audit   anymatch: [ '3.1.3' ],
139 silly audit   arg: [ '5.0.2' ],
139 silly audit   argparse: [ '2.0.1' ],
139 silly audit   'array-buffer-byte-length': [ '1.0.2' ],
139 silly audit   'array-includes': [ '3.1.9' ],
139 silly audit   'array.prototype.findlast': [ '1.2.5' ],
139 silly audit   'array.prototype.flat': [ '1.3.3' ],
139 silly audit   'array.prototype.flatmap': [ '1.3.3' ],
139 silly audit   'array.prototype.tosorted': [ '1.1.4' ],
139 silly audit   'arraybuffer.prototype.slice': [ '1.0.4' ],
139 silly audit   'async-function': [ '1.0.0' ],
139 silly audit   autoprefixer: [ '10.4.24' ],
139 silly audit   'available-typed-arrays': [ '1.0.7' ],
139 silly audit   'balanced-match': [ '1.0.2' ],
139 silly audit   'baseline-browser-mapping': [ '2.9.19' ],
139 silly audit   'binary-extensions': [ '2.3.0' ],
139 silly audit   'brace-expansion': [ '1.1.12' ],
139 silly audit   braces: [ '3.0.3' ],
139 silly audit   browserslist: [ '4.28.1' ],
139 silly audit   'call-bind': [ '1.0.8' ],
139 silly audit   'call-bind-apply-helpers': [ '1.0.2' ],
139 silly audit   'call-bound': [ '1.0.4' ],
139 silly audit   callsites: [ '3.1.0' ],
139 silly audit   'camelcase-css': [ '2.0.1' ],
139 silly audit   'caniuse-lite': [ '1.0.30001768' ],
139 silly audit   chalk: [ '4.1.2' ],
139 silly audit   chokidar: [ '3.6.0' ],
139 silly audit   'glob-parent': [ '5.1.2', '6.0.2' ],
139 silly audit   'color-convert': [ '2.0.1' ],
139 silly audit   'color-name': [ '1.1.4' ],
139 silly audit   commander: [ '4.1.1' ],
139 silly audit   'concat-map': [ '0.0.1' ],
139 silly audit   'convert-source-map': [ '2.0.0' ],
139 silly audit   'cross-spawn': [ '7.0.6' ],
139 silly audit   cssesc: [ '3.0.0' ],
139 silly audit   csstype: [ '3.2.3' ],
139 silly audit   'data-view-buffer': [ '1.0.2' ],
139 silly audit   'data-view-byte-length': [ '1.0.2' ],
139 silly audit   'data-view-byte-offset': [ '1.0.1' ],
139 silly audit   debug: [ '4.4.3' ],
139 silly audit   'deep-is': [ '0.1.4' ],
139 silly audit   'define-data-property': [ '1.1.4' ],
139 silly audit   'define-properties': [ '1.2.1' ],
139 silly audit   didyoumean: [ '1.2.2' ],
139 silly audit   dlv: [ '1.1.3' ],
139 silly audit   doctrine: [ '3.0.0', '2.1.0' ],
139 silly audit   'dunder-proto': [ '1.0.1' ],
139 silly audit   'electron-to-chromium': [ '1.5.286' ],
139 silly audit   'es-abstract': [ '1.24.1' ],
139 silly audit   'es-define-property': [ '1.0.1' ],
139 silly audit   'es-errors': [ '1.3.0' ],
139 silly audit   'es-iterator-helpers': [ '1.2.2' ],
139 silly audit   'es-object-atoms': [ '1.1.1' ],
139 silly audit   'es-set-tostringtag': [ '2.1.0' ],
139 silly audit   'es-shim-unscopables': [ '1.1.0' ],
139 silly audit   'es-to-primitive': [ '1.3.0' ],
139 silly audit   esbuild: [ '0.18.20' ],
139 silly audit   escalade: [ '3.2.0' ],
139 silly audit   'escape-string-regexp': [ '4.0.0' ],
139 silly audit   eslint: [ '8.57.1' ],
139 silly audit   'eslint-plugin-react': [ '7.37.5' ],
139 silly audit   'eslint-plugin-react-hooks': [ '4.6.2' ],
139 silly audit   'eslint-plugin-react-refresh': [ '0.4.26' ],
139 silly audit   'eslint-scope': [ '7.2.2' ],
139 silly audit   'eslint-visitor-keys': [ '3.4.3' ],
139 silly audit   espree: [ '9.6.1' ],
139 silly audit   esquery: [ '1.7.0' ],
139 silly audit   esrecurse: [ '4.3.0' ],
139 silly audit   estraverse: [ '5.3.0' ],
139 silly audit   esutils: [ '2.0.3' ],
139 silly audit   'fast-deep-equal': [ '3.1.3' ],
139 silly audit   'fast-glob': [ '3.3.3' ],
139 silly audit   'fast-json-stable-stringify': [ '2.1.0' ],
139 silly audit   'fast-levenshtein': [ '2.0.6' ],
139 silly audit   fastq: [ '1.20.1' ],
139 silly audit   'file-entry-cache': [ '6.0.1' ],
139 silly audit   'fill-range': [ '7.1.1' ],
139 silly audit   'find-up': [ '5.0.0' ],
139 silly audit   'flat-cache': [ '3.2.0' ],
139 silly audit   flatted: [ '3.3.3' ],
139 silly audit   'for-each': [ '0.3.5' ],
139 silly audit   'fraction.js': [ '5.3.4' ],
139 silly audit   'fs.realpath': [ '1.0.0' ],
139 silly audit   fsevents: [ '2.3.3' ],
139 silly audit   'function-bind': [ '1.1.2' ],
139 silly audit   'function.prototype.name': [ '1.1.8' ],
139 silly audit   'functions-have-names': [ '1.2.3' ],
139 silly audit   'generator-function': [ '2.0.1' ],
139 silly audit   gensync: [ '1.0.0-beta.2' ],
139 silly audit   'get-intrinsic': [ '1.3.0' ],
139 silly audit   'get-proto': [ '1.0.1' ],
139 silly audit   'get-symbol-description': [ '1.1.0' ],
139 silly audit   glob: [ '7.2.3' ],
139 silly audit   globals: [ '13.24.0' ],
139 silly audit   globalthis: [ '1.0.4' ],
139 silly audit   gopd: [ '1.2.0' ],
139 silly audit   graphemer: [ '1.4.0' ],
139 silly audit   'has-bigints': [ '1.1.0' ],
139 silly audit   'has-flag': [ '4.0.0' ],
139 silly audit   'has-property-descriptors': [ '1.0.2' ],
139 silly audit   'has-proto': [ '1.2.0' ],
139 silly audit   'has-symbols': [ '1.1.0' ],
139 silly audit   'has-tostringtag': [ '1.0.2' ],
139 silly audit   hasown: [ '2.0.2' ],
139 silly audit   ignore: [ '5.3.2' ],
139 silly audit   'import-fresh': [ '3.3.1' ],
139 silly audit   imurmurhash: [ '0.1.4' ],
139 silly audit   inflight: [ '1.0.6' ],
139 silly audit   inherits: [ '2.0.4' ],
139 silly audit   'internal-slot': [ '1.1.0' ],
139 silly audit   'is-array-buffer': [ '3.0.5' ],
139 silly audit   'is-async-function': [ '2.1.1' ],
139 silly audit   'is-bigint': [ '1.1.0' ],
139 silly audit   'is-binary-path': [ '2.1.0' ],
139 silly audit   'is-boolean-object': [ '1.2.2' ],
139 silly audit   'is-callable': [ '1.2.7' ],
139 silly audit   'is-core-module': [ '2.16.1' ],
139 silly audit   'is-data-view': [ '1.0.2' ],
139 silly audit   'is-date-object': [ '1.1.0' ],
139 silly audit   'is-extglob': [ '2.1.1' ],
139 silly audit   'is-finalizationregistry': [ '1.1.1' ],
139 silly audit   'is-generator-function': [ '1.1.2' ],
139 silly audit   'is-glob': [ '4.0.3' ],
139 silly audit   'is-map': [ '2.0.3' ],
139 silly audit   'is-negative-zero': [ '2.0.3' ],
139 silly audit   'is-number': [ '7.0.0' ],
139 silly audit   'is-number-object': [ '1.1.1' ],
139 silly audit   'is-path-inside': [ '3.0.3' ],
139 silly audit   'is-regex': [ '1.2.1' ],
139 silly audit   'is-set': [ '2.0.3' ],
139 silly audit   'is-shared-array-buffer': [ '1.0.4' ],
139 silly audit   'is-string': [ '1.1.1' ],
139 silly audit   'is-symbol': [ '1.1.1' ],
139 silly audit   'is-typed-array': [ '1.1.15' ],
139 silly audit   'is-weakmap': [ '2.0.2' ],
139 silly audit   'is-weakref': [ '1.1.1' ],
139 silly audit   'is-weakset': [ '2.0.4' ],
139 silly audit   isarray: [ '2.0.5' ],
139 silly audit   isexe: [ '2.0.0' ],
139 silly audit   'iterator.prototype': [ '1.1.5' ],
139 silly audit   jiti: [ '1.21.7' ],
139 silly audit   'js-tokens': [ '4.0.0' ],
139 silly audit   'js-yaml': [ '4.1.1' ],
139 silly audit   jsesc: [ '3.1.0' ],
139 silly audit   'json-buffer': [ '3.0.1' ],
139 silly audit   'json-schema-traverse': [ '0.4.1' ],
139 silly audit   'json-stable-stringify-without-jsonify': [ '1.0.1' ],
139 silly audit   json5: [ '2.2.3' ],
139 silly audit   'jsx-ast-utils': [ '3.3.5' ],
139 silly audit   keyv: [ '4.5.4' ],
139 silly audit   levn: [ '0.4.1' ],
139 silly audit   lilconfig: [ '2.1.0', '3.1.3' ],
139 silly audit   'lines-and-columns': [ '1.2.4' ],
139 silly audit   'locate-path': [ '6.0.0' ],
139 silly audit   'lodash.merge': [ '4.6.2' ],
139 silly audit   'loose-envify': [ '1.4.0' ],
139 silly audit   'lru-cache': [ '5.1.1' ],
139 silly audit   'math-intrinsics': [ '1.1.0' ],
139 silly audit   merge2: [ '1.4.1' ],
139 silly audit   micromatch: [ '4.0.8' ],
139 silly audit   minimatch: [ '3.1.2' ],
139 silly audit   ms: [ '2.1.3' ],
139 silly audit   mz: [ '2.7.0' ],
139 silly audit   nanoid: [ '3.3.11' ],
139 silly audit   'natural-compare': [ '1.4.0' ],
139 silly audit   'node-releases': [ '2.0.27' ],
139 silly audit   'normalize-path': [ '3.0.0' ],
139 silly audit   'object-assign': [ '4.1.1' ],
139 silly audit   'object-hash': [ '3.0.0' ],
139 silly audit   'object-inspect': [ '1.13.4' ],
139 silly audit   'object-keys': [ '1.1.1' ],
139 silly audit   'object.assign': [ '4.1.7' ],
139 silly audit   'object.entries': [ '1.1.9' ],
139 silly audit   'object.fromentries': [ '2.0.8' ],
139 silly audit   'object.values': [ '1.2.1' ],
139 silly audit   once: [ '1.4.0' ],
139 silly audit   optionator: [ '0.9.4' ],
139 silly audit   'own-keys': [ '1.0.1' ],
139 silly audit   'p-limit': [ '3.1.0' ],
139 silly audit   'p-locate': [ '5.0.0' ],
139 silly audit   'parent-module': [ '1.0.1' ],
139 silly audit   'path-exists': [ '4.0.0' ],
139 silly audit   'path-is-absolute': [ '1.0.1' ],
139 silly audit   'path-key': [ '3.1.1' ],
139 silly audit   'path-parse': [ '1.0.7' ],
139 silly audit   picocolors: [ '1.1.1' ],
139 silly audit   picomatch: [ '2.3.1', '4.0.3' ],
139 silly audit   pify: [ '2.3.0' ],
139 silly audit   pirates: [ '4.0.7' ],
139 silly audit   'possible-typed-array-names': [ '1.1.0' ],
139 silly audit   postcss: [ '8.5.6' ],
139 silly audit   'postcss-import': [ '15.1.0' ],
139 silly audit   resolve: [ '1.22.11', '2.0.0-next.5' ],
139 silly audit   'postcss-js': [ '4.1.0' ],
139 silly audit   'postcss-load-config': [ '4.0.2' ],
139 silly audit   'postcss-nested': [ '6.2.0' ],
139 silly audit   'postcss-selector-parser': [ '6.1.2' ],
139 silly audit   'postcss-value-parser': [ '4.2.0' ],
139 silly audit   'prelude-ls': [ '1.2.1' ],
139 silly audit   'prop-types': [ '15.8.1' ],
139 silly audit   punycode: [ '2.3.1' ],
139 silly audit   'queue-microtask': [ '1.2.3' ],
139 silly audit   react: [ '18.3.1' ],
139 silly audit   'react-dom': [ '18.3.1' ],
139 silly audit   'react-is': [ '16.13.1' ],
139 silly audit   'react-refresh': [ '0.17.0' ],
139 silly audit   'read-cache': [ '1.0.0' ],
139 silly audit   readdirp: [ '3.6.0' ],
139 silly audit   'reflect.getprototypeof': [ '1.0.10' ],
139 silly audit   'regexp.prototype.flags': [ '1.5.4' ],
139 silly audit   'resolve-from': [ '4.0.0' ],
139 silly audit   reusify: [ '1.1.0' ],
139 silly audit   rimraf: [ '3.0.2' ],
139 silly audit   rollup: [ '3.29.5' ],
139 silly audit   'run-parallel': [ '1.2.0' ],
139 silly audit   'safe-array-concat': [ '1.1.3' ],
139 silly audit   'safe-push-apply': [ '1.0.0' ],
139 silly audit   'safe-regex-test': [ '1.1.0' ],
139 silly audit   scheduler: [ '0.23.2' ],
139 silly audit   semver: [ '6.3.1' ],
139 silly audit   'set-function-length': [ '1.2.2' ],
139 silly audit   'set-function-name': [ '2.0.2' ],
139 silly audit   'set-proto': [ '1.0.0' ],
139 silly audit   'shebang-command': [ '2.0.0' ],
139 silly audit   'shebang-regex': [ '3.0.0' ],
139 silly audit   'side-channel': [ '1.1.0' ],
139 silly audit   'side-channel-list': [ '1.0.0' ],
139 silly audit   'side-channel-map': [ '1.0.1' ],
139 silly audit   'side-channel-weakmap': [ '1.0.2' ],
139 silly audit   'source-map-js': [ '1.2.1' ],
139 silly audit   'stop-iteration-iterator': [ '1.1.0' ],
139 silly audit   'string.prototype.matchall': [ '4.0.12' ],
139 silly audit   'string.prototype.repeat': [ '1.0.0' ],
139 silly audit   'string.prototype.trim': [ '1.2.10' ],
139 silly audit   'string.prototype.trimend': [ '1.0.9' ],
139 silly audit   'string.prototype.trimstart': [ '1.0.8' ],
139 silly audit   'strip-ansi': [ '6.0.1' ],
139 silly audit   'strip-json-comments': [ '3.1.1' ],
139 silly audit   sucrase: [ '3.35.1' ],
139 silly audit   'supports-color': [ '7.2.0' ],
139 silly audit   'supports-preserve-symlinks-flag': [ '1.0.0' ],
139 silly audit   tailwindcss: [ '3.4.13' ],
139 silly audit   'text-table': [ '0.2.0' ],
139 silly audit   thenify: [ '3.3.1' ],
139 silly audit   'thenify-all': [ '1.6.0' ],
139 silly audit   tinyglobby: [ '0.2.15' ],
139 silly audit   fdir: [ '6.5.0' ],
139 silly audit   'to-regex-range': [ '5.0.1' ],
139 silly audit   'ts-interface-checker': [ '0.1.13' ],
139 silly audit   'type-check': [ '0.4.0' ],
139 silly audit   'type-fest': [ '0.20.2' ],
139 silly audit   'typed-array-buffer': [ '1.0.3' ],
139 silly audit   'typed-array-byte-length': [ '1.0.3' ],
139 silly audit   'typed-array-byte-offset': [ '1.0.4' ],
139 silly audit   'typed-array-length': [ '1.0.7' ],
139 silly audit   'unbox-primitive': [ '1.1.0' ],
139 silly audit   'update-browserslist-db': [ '1.2.3' ],
139 silly audit   'uri-js': [ '4.4.1' ],
139 silly audit   'util-deprecate': [ '1.0.2' ],
139 silly audit   vite: [ '4.5.14' ],
139 silly audit   which: [ '2.0.2' ],
139 silly audit   'which-boxed-primitive': [ '1.1.1' ],
139 silly audit   'which-builtin-type': [ '1.2.1' ],
139 silly audit   'which-collection': [ '1.0.2' ],
139 silly audit   'which-typed-array': [ '1.1.20' ],
139 silly audit   'word-wrap': [ '1.2.5' ],
139 silly audit   wrappy: [ '1.0.2' ],
139 silly audit   yallist: [ '3.1.1' ],
139 silly audit   yaml: [ '2.8.2' ],
139 silly audit   'yocto-queue': [ '0.1.0' ],
139 silly audit   '@radix-ui/react-navigation-menu': [ '1.2.14' ],
139 silly audit   '@radix-ui/primitive': [ '1.1.3' ],
139 silly audit   '@radix-ui/react-collection': [ '1.1.7' ],
139 silly audit   '@radix-ui/react-compose-refs': [ '1.1.2' ],
139 silly audit   '@radix-ui/react-context': [ '1.1.2' ],
139 silly audit   '@radix-ui/react-direction': [ '1.1.1' ],
139 silly audit   '@radix-ui/react-dismissable-layer': [ '1.1.11' ],
139 silly audit   '@radix-ui/react-id': [ '1.1.1' ],
139 silly audit   '@radix-ui/react-presence': [ '1.1.5' ],
139 silly audit   '@radix-ui/react-primitive': [ '2.1.3' ],
139 silly audit   '@radix-ui/react-use-callback-ref': [ '1.1.1' ],
139 silly audit   '@radix-ui/react-use-controllable-state': [ '1.2.2' ],
139 silly audit   '@radix-ui/react-use-layout-effect': [ '1.1.1' ],
139 silly audit   '@radix-ui/react-use-previous': [ '1.1.1' ],
139 silly audit   '@radix-ui/react-visually-hidden': [ '1.2.3' ],
139 silly audit   '@radix-ui/react-slot': [ '1.2.3' ],
139 silly audit   '@radix-ui/react-use-escape-keydown': [ '1.1.1' ],
139 silly audit   '@radix-ui/react-use-effect-event': [ '0.0.2' ]
139 silly audit }
140 verbose reify failed optional dependency /Users/sudheerkumarthota/Desktop/Projects/Claw project/frontend/node_modules/@esbuild/win32-x64
141 silly reify mark deleted [
141 silly reify   '/Users/sudheerkumarthota/Desktop/Projects/Claw project/frontend/node_modules/@esbuild/win32-x64'
141 silly reify ]
142 verbose reify failed optional dependency /Users/sudheerkumarthota/Desktop/Projects/Claw project/frontend/node_modules/@esbuild/win32-ia32
143 silly reify mark deleted [
143 silly reify   '/Users/sudheerkumarthota/Desktop/Projects/Claw project/frontend/node_modules/@esbuild/win32-ia32'
143 silly reify ]
144 verbose reify failed optional dependency /Users/sudheerkumarthota/Desktop/Projects/Claw project/frontend/node_modules/@esbuild/win32-arm64
145 silly reify mark deleted [
145 silly reify   '/Users/sudheerkumarthota/Desktop/Projects/Claw project/frontend/node_modules/@esbuild/win32-arm64'
145 silly reify ]
146 verbose reify failed optional dependency /Users/sudheerkumarthota/Desktop/Projects/Claw project/frontend/node_modules/@esbuild/sunos-x64
147 silly reify mark deleted [
147 silly reify   '/Users/sudheerkumarthota/Desktop/Projects/Claw project/frontend/node_modules/@esbuild/sunos-x64'
147 silly reify ]
148 verbose reify failed optional dependency /Users/sudheerkumarthota/Desktop/Projects/Claw project/frontend/node_modules/@esbuild/openbsd-x64
149 silly reify mark deleted [
149 silly reify   '/Users/sudheerkumarthota/Desktop/Projects/Claw project/frontend/node_modules/@esbuild/openbsd-x64'
149 silly reify ]
150 verbose reify failed optional dependency /Users/sudheerkumarthota/Desktop/Projects/Claw project/frontend/node_modules/@esbuild/netbsd-x64
151 silly reify mark deleted [
151 silly reify   '/Users/sudheerkumarthota/Desktop/Projects/Claw project/frontend/node_modules/@esbuild/netbsd-x64'
151 silly reify ]
152 verbose reify failed optional dependency /Users/sudheerkumarthota/Desktop/Projects/Claw project/frontend/node_modules/@esbuild/linux-x64
153 silly reify mark deleted [
153 silly reify   '/Users/sudheerkumarthota/Desktop/Projects/Claw project/frontend/node_modules/@esbuild/linux-x64'
153 silly reify ]
154 verbose reify failed optional dependency /Users/sudheerkumarthota/Desktop/Projects/Claw project/frontend/node_modules/@esbuild/linux-s390x
155 silly reify mark deleted [
155 silly reify   '/Users/sudheerkumarthota/Desktop/Projects/Claw project/frontend/node_modules/@esbuild/linux-s390x'
155 silly reify ]
156 verbose reify failed optional dependency /Users/sudheerkumarthota/Desktop/Projects/Claw project/frontend/node_modules/@esbuild/linux-riscv64
157 silly reify mark deleted [
157 silly reify   '/Users/sudheerkumarthota/Desktop/Projects/Claw project/frontend/node_modules/@esbuild/linux-riscv64'
157 silly reify ]
158 verbose reify failed optional dependency /Users/sudheerkumarthota/Desktop/Projects/Claw project/frontend/node_modules/@esbuild/linux-ppc64
159 silly reify mark deleted [
159 silly reify   '/Users/sudheerkumarthota/Desktop/Projects/Claw project/frontend/node_modules/@esbuild/linux-ppc64'
159 silly reify ]
160 verbose reify failed optional dependency /Users/sudheerkumarthota/Desktop/Projects/Claw project/frontend/node_modules/@esbuild/linux-mips64el
161 silly reify mark deleted [
161 silly reify   '/Users/sudheerkumarthota/Desktop/Projects/Claw project/frontend/node_modules/@esbuild/linux-mips64el'
161 silly reify ]
162 verbose reify failed optional dependency /Users/sudheerkumarthota/Desktop/Projects/Claw project/frontend/node_modules/@esbuild/linux-loong64
163 silly reify mark deleted [
163 silly reify   '/Users/sudheerkumarthota/Desktop/Projects/Claw project/frontend/node_modules/@esbuild/linux-loong64'
163 silly reify ]
164 verbose reify failed optional dependency /Users/sudheerkumarthota/Desktop/Projects/Claw project/frontend/node_modules/@esbuild/linux-ia32
165 silly reify mark deleted [
165 silly reify   '/Users/sudheerkumarthota/Desktop/Projects/Claw project/frontend/node_modules/@esbuild/linux-ia32'
165 silly reify ]
166 verbose reify failed optional dependency /Users/sudheerkumarthota/Desktop/Projects/Claw project/frontend/node_modules/@esbuild/linux-arm64
167 silly reify mark deleted [
167 silly reify   '/Users/sudheerkumarthota/Desktop/Projects/Claw project/frontend/node_modules/@esbuild/linux-arm64'
167 silly reify ]
168 verbose reify failed optional dependency /Users/sudheerkumarthota/Desktop/Projects/Claw project/frontend/node_modules/@esbuild/linux-arm
169 silly reify mark deleted [
169 silly reify   '/Users/sudheerkumarthota/Desktop/Projects/Claw project/frontend/node_modules/@esbuild/linux-arm'
169 silly reify ]
170 verbose reify failed optional dependency /Users/sudheerkumarthota/Desktop/Projects/Claw project/frontend/node_modules/@esbuild/freebsd-x64
171 silly reify mark deleted [
171 silly reify   '/Users/sudheerkumarthota/Desktop/Projects/Claw project/frontend/node_modules/@esbuild/freebsd-x64'
171 silly reify ]
172 verbose reify failed optional dependency /Users/sudheerkumarthota/Desktop/Projects/Claw project/frontend/node_modules/@esbuild/freebsd-arm64
173 silly reify mark deleted [
173 silly reify   '/Users/sudheerkumarthota/Desktop/Projects/Claw project/frontend/node_modules/@esbuild/freebsd-arm64'
173 silly reify ]
174 verbose reify failed optional dependency /Users/sudheerkumarthota/Desktop/Projects/Claw project/frontend/node_modules/@esbuild/darwin-x64
175 silly reify mark deleted [
175 silly reify   '/Users/sudheerkumarthota/Desktop/Projects/Claw project/frontend/node_modules/@esbuild/darwin-x64'
175 silly reify ]
176 verbose reify failed optional dependency /Users/sudheerkumarthota/Desktop/Projects/Claw project/frontend/node_modules/@esbuild/android-x64
177 silly reify mark deleted [
177 silly reify   '/Users/sudheerkumarthota/Desktop/Projects/Claw project/frontend/node_modules/@esbuild/android-x64'
177 silly reify ]
178 verbose reify failed optional dependency /Users/sudheerkumarthota/Desktop/Projects/Claw project/frontend/node_modules/@esbuild/android-arm64
179 silly reify mark deleted [
179 silly reify   '/Users/sudheerkumarthota/Desktop/Projects/Claw project/frontend/node_modules/@esbuild/android-arm64'
179 silly reify ]
180 verbose reify failed optional dependency /Users/sudheerkumarthota/Desktop/Projects/Claw project/frontend/node_modules/@esbuild/android-arm
181 silly reify mark deleted [
181 silly reify   '/Users/sudheerkumarthota/Desktop/Projects/Claw project/frontend/node_modules/@esbuild/android-arm'
181 silly reify ]
182 silly tarball no local data for @radix-ui/react-use-effect-event@https://registry.npmjs.org/@radix-ui/react-use-effect-event/-/react-use-effect-event-0.0.2.tgz. Extracting by manifest.
183 silly tarball no local data for @radix-ui/react-use-escape-keydown@https://registry.npmjs.org/@radix-ui/react-use-escape-keydown/-/react-use-escape-keydown-1.1.1.tgz. Extracting by manifest.
184 silly tarball no local data for @radix-ui/react-use-previous@https://registry.npmjs.org/@radix-ui/react-use-previous/-/react-use-previous-1.1.1.tgz. Extracting by manifest.
185 silly tarball no local data for @radix-ui/react-use-layout-effect@https://registry.npmjs.org/@radix-ui/react-use-layout-effect/-/react-use-layout-effect-1.1.1.tgz. Extracting by manifest.
186 silly tarball no local data for @radix-ui/react-use-controllable-state@https://registry.npmjs.org/@radix-ui/react-use-controllable-state/-/react-use-controllable-state-1.2.2.tgz. Extracting by manifest.
187 silly tarball no local data for @radix-ui/react-slot@https://registry.npmjs.org/@radix-ui/react-slot/-/react-slot-1.2.3.tgz. Extracting by manifest.
188 silly tarball no local data for @radix-ui/react-primitive@https://registry.npmjs.org/@radix-ui/react-primitive/-/react-primitive-2.1.3.tgz. Extracting by manifest.
189 silly tarball no local data for @radix-ui/react-use-callback-ref@https://registry.npmjs.org/@radix-ui/react-use-callback-ref/-/react-use-callback-ref-1.1.1.tgz. Extracting by manifest.
190 silly tarball no local data for @radix-ui/react-presence@https://registry.npmjs.org/@radix-ui/react-presence/-/react-presence-1.1.5.tgz. Extracting by manifest.
191 silly tarball no local data for @radix-ui/react-id@https://registry.npmjs.org/@radix-ui/react-id/-/react-id-1.1.1.tgz. Extracting by manifest.
192 silly tarball no local data for @radix-ui/react-dismissable-layer@https://registry.npmjs.org/@radix-ui/react-dismissable-layer/-/react-dismissable-layer-1.1.11.tgz. Extracting by manifest.
193 silly tarball no local data for @radix-ui/react-context@https://registry.npmjs.org/@radix-ui/react-context/-/react-context-1.1.2.tgz. Extracting by manifest.
194 silly tarball no local data for @radix-ui/react-navigation-menu@https://registry.npmjs.org/@radix-ui/react-navigation-menu/-/react-navigation-menu-1.2.14.tgz. Extracting by manifest.
195 silly tarball no local data for @radix-ui/react-collection@https://registry.npmjs.org/@radix-ui/react-collection/-/react-collection-1.1.7.tgz. Extracting by manifest.
196 silly tarball no local data for @radix-ui/react-direction@https://registry.npmjs.org/@radix-ui/react-direction/-/react-direction-1.1.1.tgz. Extracting by manifest.
197 silly tarball no local data for @radix-ui/primitive@https://registry.npmjs.org/@radix-ui/primitive/-/primitive-1.1.3.tgz. Extracting by manifest.
198 silly tarball no local data for @radix-ui/react-visually-hidden@https://registry.npmjs.org/@radix-ui/react-visually-hidden/-/react-visually-hidden-1.2.3.tgz. Extracting by manifest.
199 silly tarball no local data for @radix-ui/react-compose-refs@https://registry.npmjs.org/@radix-ui/react-compose-refs/-/react-compose-refs-1.1.2.tgz. Extracting by manifest.
200 http fetch GET 200 https://registry.npmjs.org/@radix-ui/react-use-escape-keydown/-/react-use-escape-keydown-1.1.1.tgz 69ms (cache miss)
201 http fetch GET 200 https://registry.npmjs.org/@radix-ui/react-use-controllable-state/-/react-use-controllable-state-1.2.2.tgz 69ms (cache miss)
202 http fetch GET 200 https://registry.npmjs.org/@radix-ui/react-use-previous/-/react-use-previous-1.1.1.tgz 69ms (cache miss)
203 http fetch GET 200 https://registry.npmjs.org/@radix-ui/react-use-effect-event/-/react-use-effect-event-0.0.2.tgz 70ms (cache miss)
204 http fetch GET 200 https://registry.npmjs.org/@radix-ui/react-slot/-/react-slot-1.2.3.tgz 70ms (cache miss)
205 http fetch GET 200 https://registry.npmjs.org/@radix-ui/react-use-layout-effect/-/react-use-layout-effect-1.1.1.tgz 70ms (cache miss)
206 http fetch GET 200 https://registry.npmjs.org/@radix-ui/react-direction/-/react-direction-1.1.1.tgz 91ms (cache miss)
207 http fetch GET 200 https://registry.npmjs.org/@radix-ui/react-visually-hidden/-/react-visually-hidden-1.2.3.tgz 100ms (cache miss)
208 http fetch POST 200 https://registry.npmjs.org/-/npm/v1/security/advisories/bulk 111ms
209 silly audit report {
209 silly audit report   esbuild: [
209 silly audit report     {
209 silly audit report       id: 1102341,
209 silly audit report       url: 'https://github.com/advisories/GHSA-67mh-4wv8-2f99',
209 silly audit report       title: 'esbuild enables any website to send any requests to the development server and read the response',
209 silly audit report       severity: 'moderate',
209 silly audit report       vulnerable_versions: '<=0.24.2',
209 silly audit report       cwe: [Array],
209 silly audit report       cvss: [Object]
209 silly audit report     }
209 silly audit report   ],
209 silly audit report   vite: [
209 silly audit report     {
209 silly audit report       id: 1107323,
209 silly audit report       url: 'https://github.com/advisories/GHSA-g4jq-h2w9-997c',
209 silly audit report       title: 'Vite middleware may serve files starting with the same name with the public directory',
209 silly audit report       severity: 'low',
209 silly audit report       vulnerable_versions: '<=5.4.19',
209 silly audit report       cwe: [Array],
209 silly audit report       cvss: [Object]
209 silly audit report     },
209 silly audit report     {
209 silly audit report       id: 1107327,
209 silly audit report       url: 'https://github.com/advisories/GHSA-jqfw-vq24-v9c3',
209 silly audit report       title: "Vite's `server.fs` settings were not applied to HTML files",
209 silly audit report       severity: 'low',
209 silly audit report       vulnerable_versions: '<=5.4.19',
209 silly audit report       cwe: [Array],
209 silly audit report       cvss: [Object]
209 silly audit report     },
209 silly audit report     {
209 silly audit report       id: 1109132,
209 silly audit report       url: 'https://github.com/advisories/GHSA-93m4-6634-74q7',
209 silly audit report       title: 'vite allows server.fs.deny bypass via backslash on Windows',
209 silly audit report       severity: 'moderate',
209 silly audit report       vulnerable_versions: '>=4.5.3 <5.0.0',
209 silly audit report       cwe: [Array],
209 silly audit report       cvss: [Object]
209 silly audit report     }
209 silly audit report   ]
209 silly audit report }
210 silly packumentCache corgi:https://registry.npmjs.org/esbuild cache-miss
211 silly packumentCache corgi:https://registry.npmjs.org/vite cache-miss
212 http fetch GET 200 https://registry.npmjs.org/@radix-ui/react-compose-refs/-/react-compose-refs-1.1.2.tgz 106ms (cache miss)
213 http fetch GET 200 https://registry.npmjs.org/esbuild 10ms (cache hit)
214 silly packumentCache corgi:https://registry.npmjs.org/esbuild set size:877737 disposed:false
215 http fetch GET 200 https://registry.npmjs.org/vite 16ms (cache hit)
216 silly packumentCache corgi:https://registry.npmjs.org/vite set size:2181475 disposed:false
217 http fetch GET 200 https://registry.npmjs.org/@radix-ui/primitive/-/primitive-1.1.3.tgz 137ms (cache miss)
218 silly packumentCache corgi:https://registry.npmjs.org/@vitejs%2fplugin-react cache-miss
219 http fetch GET 200 https://registry.npmjs.org/@radix-ui/react-id/-/react-id-1.1.1.tgz 157ms (cache miss)
220 http fetch GET 200 https://registry.npmjs.org/@radix-ui/react-use-callback-ref/-/react-use-callback-ref-1.1.1.tgz 158ms (cache miss)
221 http fetch GET 200 https://registry.npmjs.org/@radix-ui/react-context/-/react-context-1.1.2.tgz 158ms (cache miss)
222 http fetch GET 200 https://registry.npmjs.org/@radix-ui/react-presence/-/react-presence-1.1.5.tgz 160ms (cache miss)
223 http fetch GET 200 https://registry.npmjs.org/@radix-ui/react-primitive/-/react-primitive-2.1.3.tgz 160ms (cache miss)
224 http fetch GET 200 https://registry.npmjs.org/@radix-ui/react-dismissable-layer/-/react-dismissable-layer-1.1.11.tgz 161ms (cache miss)
225 http fetch GET 200 https://registry.npmjs.org/@vitejs%2fplugin-react 16ms (cache hit)
226 silly packumentCache corgi:https://registry.npmjs.org/@vitejs%2fplugin-react set size:106104 disposed:false
227 http fetch GET 200 https://registry.npmjs.org/@radix-ui/react-collection/-/react-collection-1.1.7.tgz 166ms (cache miss)
228 http fetch GET 200 https://registry.npmjs.org/@radix-ui/react-navigation-menu/-/react-navigation-menu-1.2.14.tgz 167ms (cache miss)
229 silly ADD node_modules/@radix-ui/react-use-effect-event
230 silly ADD node_modules/@radix-ui/react-use-escape-keydown
231 silly ADD node_modules/@radix-ui/react-slot
232 silly ADD node_modules/@radix-ui/react-visually-hidden
233 silly ADD node_modules/@radix-ui/react-use-previous
234 silly ADD node_modules/@radix-ui/react-use-layout-effect
235 silly ADD node_modules/@radix-ui/react-use-controllable-state
236 silly ADD node_modules/@radix-ui/react-use-callback-ref
237 silly ADD node_modules/@radix-ui/react-primitive
238 silly ADD node_modules/@radix-ui/react-presence
239 silly ADD node_modules/@radix-ui/react-id
240 silly ADD node_modules/@radix-ui/react-dismissable-layer
241 silly ADD node_modules/@radix-ui/react-direction
242 silly ADD node_modules/@radix-ui/react-context
243 silly ADD node_modules/@radix-ui/react-compose-refs
244 silly ADD node_modules/@radix-ui/react-collection
245 silly ADD node_modules/@radix-ui/primitive
246 silly ADD node_modules/@radix-ui/react-navigation-menu
247 silly ADD
248 silly ADD
249 silly ADD
250 silly ADD
251 silly ADD
252 silly ADD
253 silly ADD
254 silly ADD
255 silly ADD
256 silly ADD
257 silly ADD
258 silly ADD
259 silly ADD
260 silly ADD
261 silly ADD
262 silly ADD
263 silly ADD
264 silly ADD
265 silly ADD
266 silly ADD
267 silly ADD
268 verbose cwd /Users/sudheerkumarthota/Desktop/Projects/Claw project/frontend
269 verbose os Darwin 25.2.0
270 verbose node v20.16.0
271 verbose npm  v10.8.1
272 verbose exit 0
273 info ok
