0 verbose cli /usr/local/bin/node /usr/local/bin/npm
1 info using npm@10.8.1
2 info using node@v20.16.0
3 silly config load:file:/usr/local/lib/node_modules/npm/npmrc
4 silly config load:file:/Users/sudheerkumarthota/Desktop/Projects/Claw project/frontend/.npmrc
5 silly config load:file:/Users/sudheerkumarthota/.npmrc
6 silly config load:file:/usr/local/etc/npmrc
7 verbose title npm install tailwindcss postcss autoprefixer
8 verbose argv "install" "--save-dev" "tailwindcss" "postcss" "autoprefixer"
9 verbose logfile logs-max:10 dir:/Users/sudheerkumarthota/Desktop/Projects/Claw project/.npm-cache/_logs/2026-02-05T19_29_44_729Z-
10 verbose logfile /Users/sudheerkumarthota/Desktop/Projects/Claw project/.npm-cache/_logs/2026-02-05T19_29_44_729Z-debug-0.log
11 silly packumentCache heap:2197815296 maxSize:549453824 maxEntrySize:274726912
12 silly logfile done cleaning log files
13 silly idealTree buildDeps
14 silly fetch manifest tailwindcss@*
15 silly packumentCache full:https://registry.npmjs.org/tailwindcss cache-miss
16 http fetch GET 200 https://registry.npmjs.org/tailwindcss 231ms (cache miss)
17 silly packumentCache full:https://registry.npmjs.org/tailwindcss set size:undefined disposed:false
18 silly fetch manifest postcss@*
19 silly packumentCache full:https://registry.npmjs.org/postcss cache-miss
20 http fetch GET 200 https://registry.npmjs.org/postcss 10ms (cache hit)
21 silly packumentCache full:https://registry.npmjs.org/postcss set size:696248 disposed:false
22 silly fetch manifest autoprefixer@*
23 silly packumentCache full:https://registry.npmjs.org/autoprefixer cache-miss
24 http fetch GET 200 https://registry.npmjs.org/autoprefixer 48ms (cache miss)
25 silly packumentCache full:https://registry.npmjs.org/autoprefixer set size:undefined disposed:false
26 silly placeDep ROOT autoprefixer@10.4.24 OK for: frontend@0.0.0 want: *
27 silly placeDep ROOT postcss@8.5.6 REPLACE for: frontend@0.0.0 want: *
28 silly placeDep ROOT tailwindcss@4.1.18 OK for: frontend@0.0.0 want: *
29 silly fetch manifest fraction.js@^5.3.4
30 silly packumentCache full:https://registry.npmjs.org/fraction.js cache-miss
31 silly fetch manifest postcss-value-parser@^4.2.0
32 silly packumentCache full:https://registry.npmjs.org/postcss-value-parser cache-miss
33 http fetch GET 200 https://registry.npmjs.org/fraction.js 43ms (cache miss)
34 silly packumentCache full:https://registry.npmjs.org/fraction.js set size:undefined disposed:false
35 http fetch GET 200 https://registry.npmjs.org/postcss-value-parser 111ms (cache miss)
36 silly packumentCache full:https://registry.npmjs.org/postcss-value-parser set size:undefined disposed:false
37 silly placeDep ROOT fraction.js@5.3.4 OK for: autoprefixer@10.4.24 want: ^5.3.4
38 silly placeDep ROOT postcss-value-parser@4.2.0 OK for: autoprefixer@10.4.24 want: ^4.2.0
39 silly reify moves {}
40 silly audit bulk request {
40 silly audit   '@babel/code-frame': [ '7.29.0' ],
40 silly audit   '@babel/compat-data': [ '7.29.0' ],
40 silly audit   '@babel/core': [ '7.29.0' ],
40 silly audit   '@babel/generator': [ '7.29.1' ],
40 silly audit   '@babel/helper-compilation-targets': [ '7.28.6' ],
40 silly audit   '@babel/helper-globals': [ '7.28.0' ],
40 silly audit   '@babel/helper-module-imports': [ '7.28.6' ],
40 silly audit   '@babel/helper-module-transforms': [ '7.28.6' ],
40 silly audit   '@babel/helper-plugin-utils': [ '7.28.6' ],
40 silly audit   '@babel/helper-string-parser': [ '7.27.1' ],
40 silly audit   '@babel/helper-validator-identifier': [ '7.28.5' ],
40 silly audit   '@babel/helper-validator-option': [ '7.27.1' ],
40 silly audit   '@babel/helpers': [ '7.28.6' ],
40 silly audit   '@babel/parser': [ '7.29.0' ],
40 silly audit   '@babel/plugin-transform-react-jsx-self': [ '7.27.1' ],
40 silly audit   '@babel/plugin-transform-react-jsx-source': [ '7.27.1' ],
40 silly audit   '@babel/template': [ '7.28.6' ],
40 silly audit   '@babel/traverse': [ '7.29.0' ],
40 silly audit   '@babel/types': [ '7.29.0' ],
40 silly audit   '@esbuild/android-arm': [ '0.18.20' ],
40 silly audit   '@esbuild/android-arm64': [ '0.18.20' ],
40 silly audit   '@esbuild/android-x64': [ '0.18.20' ],
40 silly audit   '@esbuild/darwin-arm64': [ '0.18.20' ],
40 silly audit   '@esbuild/darwin-x64': [ '0.18.20' ],
40 silly audit   '@esbuild/freebsd-arm64': [ '0.18.20' ],
40 silly audit   '@esbuild/freebsd-x64': [ '0.18.20' ],
40 silly audit   '@esbuild/linux-arm': [ '0.18.20' ],
40 silly audit   '@esbuild/linux-arm64': [ '0.18.20' ],
40 silly audit   '@esbuild/linux-ia32': [ '0.18.20' ],
40 silly audit   '@esbuild/linux-loong64': [ '0.18.20' ],
40 silly audit   '@esbuild/linux-mips64el': [ '0.18.20' ],
40 silly audit   '@esbuild/linux-ppc64': [ '0.18.20' ],
40 silly audit   '@esbuild/linux-riscv64': [ '0.18.20' ],
40 silly audit   '@esbuild/linux-s390x': [ '0.18.20' ],
40 silly audit   '@esbuild/linux-x64': [ '0.18.20' ],
40 silly audit   '@esbuild/netbsd-x64': [ '0.18.20' ],
40 silly audit   '@esbuild/openbsd-x64': [ '0.18.20' ],
40 silly audit   '@esbuild/sunos-x64': [ '0.18.20' ],
40 silly audit   '@esbuild/win32-arm64': [ '0.18.20' ],
40 silly audit   '@esbuild/win32-ia32': [ '0.18.20' ],
40 silly audit   '@esbuild/win32-x64': [ '0.18.20' ],
40 silly audit   '@eslint-community/eslint-utils': [ '4.9.1' ],
40 silly audit   '@eslint-community/regexpp': [ '4.12.2' ],
40 silly audit   '@eslint/eslintrc': [ '2.1.4' ],
40 silly audit   '@eslint/js': [ '8.57.1' ],
40 silly audit   '@humanwhocodes/config-array': [ '0.13.0' ],
40 silly audit   '@humanwhocodes/module-importer': [ '1.0.1' ],
40 silly audit   '@humanwhocodes/object-schema': [ '2.0.3' ],
40 silly audit   '@jridgewell/gen-mapping': [ '0.3.13' ],
40 silly audit   '@jridgewell/remapping': [ '2.3.5' ],
40 silly audit   '@jridgewell/resolve-uri': [ '3.1.2' ],
40 silly audit   '@jridgewell/sourcemap-codec': [ '1.5.5' ],
40 silly audit   '@jridgewell/trace-mapping': [ '0.3.31' ],
40 silly audit   '@nodelib/fs.scandir': [ '2.1.5' ],
40 silly audit   '@nodelib/fs.stat': [ '2.0.5' ],
40 silly audit   '@nodelib/fs.walk': [ '1.2.8' ],
40 silly audit   '@rolldown/pluginutils': [ '1.0.0-beta.27' ],
40 silly audit   '@types/babel__core': [ '7.20.5' ],
40 silly audit   '@types/babel__generator': [ '7.27.0' ],
40 silly audit   '@types/babel__template': [ '7.4.4' ],
40 silly audit   '@types/babel__traverse': [ '7.28.0' ],
40 silly audit   '@types/prop-types': [ '15.7.15' ],
40 silly audit   '@types/react': [ '18.3.28' ],
40 silly audit   '@types/react-dom': [ '18.3.7' ],
40 silly audit   '@ungap/structured-clone': [ '1.3.0' ],
40 silly audit   '@vitejs/plugin-react': [ '4.7.0' ],
40 silly audit   acorn: [ '8.15.0' ],
40 silly audit   'acorn-jsx': [ '5.3.2' ],
40 silly audit   ajv: [ '6.12.6' ],
40 silly audit   'ansi-regex': [ '5.0.1' ],
40 silly audit   'ansi-styles': [ '4.3.0' ],
40 silly audit   argparse: [ '2.0.1' ],
40 silly audit   'array-buffer-byte-length': [ '1.0.2' ],
40 silly audit   'array-includes': [ '3.1.9' ],
40 silly audit   'array.prototype.findlast': [ '1.2.5' ],
40 silly audit   'array.prototype.flat': [ '1.3.3' ],
40 silly audit   'array.prototype.flatmap': [ '1.3.3' ],
40 silly audit   'array.prototype.tosorted': [ '1.1.4' ],
40 silly audit   'arraybuffer.prototype.slice': [ '1.0.4' ],
40 silly audit   'async-function': [ '1.0.0' ],
40 silly audit   'available-typed-arrays': [ '1.0.7' ],
40 silly audit   'balanced-match': [ '1.0.2' ],
40 silly audit   'baseline-browser-mapping': [ '2.9.19' ],
40 silly audit   'brace-expansion': [ '1.1.12' ],
40 silly audit   browserslist: [ '4.28.1' ],
40 silly audit   'call-bind': [ '1.0.8' ],
40 silly audit   'call-bind-apply-helpers': [ '1.0.2' ],
40 silly audit   'call-bound': [ '1.0.4' ],
40 silly audit   callsites: [ '3.1.0' ],
40 silly audit   'caniuse-lite': [ '1.0.30001768' ],
40 silly audit   chalk: [ '4.1.2' ],
40 silly audit   'color-convert': [ '2.0.1' ],
40 silly audit   'color-name': [ '1.1.4' ],
40 silly audit   'concat-map': [ '0.0.1' ],
40 silly audit   'convert-source-map': [ '2.0.0' ],
40 silly audit   'cross-spawn': [ '7.0.6' ],
40 silly audit   csstype: [ '3.2.3' ],
40 silly audit   'data-view-buffer': [ '1.0.2' ],
40 silly audit   'data-view-byte-length': [ '1.0.2' ],
40 silly audit   'data-view-byte-offset': [ '1.0.1' ],
40 silly audit   debug: [ '4.4.3' ],
40 silly audit   'deep-is': [ '0.1.4' ],
40 silly audit   'define-data-property': [ '1.1.4' ],
40 silly audit   'define-properties': [ '1.2.1' ],
40 silly audit   doctrine: [ '3.0.0', '2.1.0' ],
40 silly audit   'dunder-proto': [ '1.0.1' ],
40 silly audit   'electron-to-chromium': [ '1.5.286' ],
40 silly audit   'es-abstract': [ '1.24.1' ],
40 silly audit   'es-define-property': [ '1.0.1' ],
40 silly audit   'es-errors': [ '1.3.0' ],
40 silly audit   'es-iterator-helpers': [ '1.2.2' ],
40 silly audit   'es-object-atoms': [ '1.1.1' ],
40 silly audit   'es-set-tostringtag': [ '2.1.0' ],
40 silly audit   'es-shim-unscopables': [ '1.1.0' ],
40 silly audit   'es-to-primitive': [ '1.3.0' ],
40 silly audit   esbuild: [ '0.18.20' ],
40 silly audit   escalade: [ '3.2.0' ],
40 silly audit   'escape-string-regexp': [ '4.0.0' ],
40 silly audit   eslint: [ '8.57.1' ],
40 silly audit   'eslint-plugin-react': [ '7.37.5' ],
40 silly audit   'eslint-plugin-react-hooks': [ '4.6.2' ],
40 silly audit   'eslint-plugin-react-refresh': [ '0.4.26' ],
40 silly audit   'eslint-scope': [ '7.2.2' ],
40 silly audit   'eslint-visitor-keys': [ '3.4.3' ],
40 silly audit   espree: [ '9.6.1' ],
40 silly audit   esquery: [ '1.7.0' ],
40 silly audit   esrecurse: [ '4.3.0' ],
40 silly audit   estraverse: [ '5.3.0' ],
40 silly audit   esutils: [ '2.0.3' ],
40 silly audit   'fast-deep-equal': [ '3.1.3' ],
40 silly audit   'fast-json-stable-stringify': [ '2.1.0' ],
40 silly audit   'fast-levenshtein': [ '2.0.6' ],
40 silly audit   fastq: [ '1.20.1' ],
40 silly audit   'file-entry-cache': [ '6.0.1' ],
40 silly audit   'find-up': [ '5.0.0' ],
40 silly audit   'flat-cache': [ '3.2.0' ],
40 silly audit   flatted: [ '3.3.3' ],
40 silly audit   'for-each': [ '0.3.5' ],
40 silly audit   'fs.realpath': [ '1.0.0' ],
40 silly audit   fsevents: [ '2.3.3' ],
40 silly audit   'function-bind': [ '1.1.2' ],
40 silly audit   'function.prototype.name': [ '1.1.8' ],
40 silly audit   'functions-have-names': [ '1.2.3' ],
40 silly audit   'generator-function': [ '2.0.1' ],
40 silly audit   gensync: [ '1.0.0-beta.2' ],
40 silly audit   'get-intrinsic': [ '1.3.0' ],
40 silly audit   'get-proto': [ '1.0.1' ],
40 silly audit   'get-symbol-description': [ '1.1.0' ],
40 silly audit   glob: [ '7.2.3' ],
40 silly audit   'glob-parent': [ '6.0.2' ],
40 silly audit   globals: [ '13.24.0' ],
40 silly audit   globalthis: [ '1.0.4' ],
40 silly audit   gopd: [ '1.2.0' ],
40 silly audit   graphemer: [ '1.4.0' ],
40 silly audit   'has-bigints': [ '1.1.0' ],
40 silly audit   'has-flag': [ '4.0.0' ],
40 silly audit   'has-property-descriptors': [ '1.0.2' ],
40 silly audit   'has-proto': [ '1.2.0' ],
40 silly audit   'has-symbols': [ '1.1.0' ],
40 silly audit   'has-tostringtag': [ '1.0.2' ],
40 silly audit   hasown: [ '2.0.2' ],
40 silly audit   ignore: [ '5.3.2' ],
40 silly audit   'import-fresh': [ '3.3.1' ],
40 silly audit   imurmurhash: [ '0.1.4' ],
40 silly audit   inflight: [ '1.0.6' ],
40 silly audit   inherits: [ '2.0.4' ],
40 silly audit   'internal-slot': [ '1.1.0' ],
40 silly audit   'is-array-buffer': [ '3.0.5' ],
40 silly audit   'is-async-function': [ '2.1.1' ],
40 silly audit   'is-bigint': [ '1.1.0' ],
40 silly audit   'is-boolean-object': [ '1.2.2' ],
40 silly audit   'is-callable': [ '1.2.7' ],
40 silly audit   'is-core-module': [ '2.16.1' ],
40 silly audit   'is-data-view': [ '1.0.2' ],
40 silly audit   'is-date-object': [ '1.1.0' ],
40 silly audit   'is-extglob': [ '2.1.1' ],
40 silly audit   'is-finalizationregistry': [ '1.1.1' ],
40 silly audit   'is-generator-function': [ '1.1.2' ],
40 silly audit   'is-glob': [ '4.0.3' ],
40 silly audit   'is-map': [ '2.0.3' ],
40 silly audit   'is-negative-zero': [ '2.0.3' ],
40 silly audit   'is-number-object': [ '1.1.1' ],
40 silly audit   'is-path-inside': [ '3.0.3' ],
40 silly audit   'is-regex': [ '1.2.1' ],
40 silly audit   'is-set': [ '2.0.3' ],
40 silly audit   'is-shared-array-buffer': [ '1.0.4' ],
40 silly audit   'is-string': [ '1.1.1' ],
40 silly audit   'is-symbol': [ '1.1.1' ],
40 silly audit   'is-typed-array': [ '1.1.15' ],
40 silly audit   'is-weakmap': [ '2.0.2' ],
40 silly audit   'is-weakref': [ '1.1.1' ],
40 silly audit   'is-weakset': [ '2.0.4' ],
40 silly audit   isarray: [ '2.0.5' ],
40 silly audit   isexe: [ '2.0.0' ],
40 silly audit   'iterator.prototype': [ '1.1.5' ],
40 silly audit   'js-tokens': [ '4.0.0' ],
40 silly audit   'js-yaml': [ '4.1.1' ],
40 silly audit   jsesc: [ '3.1.0' ],
40 silly audit   'json-buffer': [ '3.0.1' ],
40 silly audit   'json-schema-traverse': [ '0.4.1' ],
40 silly audit   'json-stable-stringify-without-jsonify': [ '1.0.1' ],
40 silly audit   json5: [ '2.2.3' ],
40 silly audit   'jsx-ast-utils': [ '3.3.5' ],
40 silly audit   keyv: [ '4.5.4' ],
40 silly audit   levn: [ '0.4.1' ],
40 silly audit   'locate-path': [ '6.0.0' ],
40 silly audit   'lodash.merge': [ '4.6.2' ],
40 silly audit   'loose-envify': [ '1.4.0' ],
40 silly audit   'lru-cache': [ '5.1.1' ],
40 silly audit   'math-intrinsics': [ '1.1.0' ],
40 silly audit   minimatch: [ '3.1.2' ],
40 silly audit   ms: [ '2.1.3' ],
40 silly audit   nanoid: [ '3.3.11' ],
40 silly audit   'natural-compare': [ '1.4.0' ],
40 silly audit   'node-releases': [ '2.0.27' ],
40 silly audit   'object-assign': [ '4.1.1' ],
40 silly audit   'object-inspect': [ '1.13.4' ],
40 silly audit   'object-keys': [ '1.1.1' ],
40 silly audit   'object.assign': [ '4.1.7' ],
40 silly audit   'object.entries': [ '1.1.9' ],
40 silly audit   'object.fromentries': [ '2.0.8' ],
40 silly audit   'object.values': [ '1.2.1' ],
40 silly audit   once: [ '1.4.0' ],
40 silly audit   optionator: [ '0.9.4' ],
40 silly audit   'own-keys': [ '1.0.1' ],
40 silly audit   'p-limit': [ '3.1.0' ],
40 silly audit   'p-locate': [ '5.0.0' ],
40 silly audit   'parent-module': [ '1.0.1' ],
40 silly audit   'path-exists': [ '4.0.0' ],
40 silly audit   'path-is-absolute': [ '1.0.1' ],
40 silly audit   'path-key': [ '3.1.1' ],
40 silly audit   'path-parse': [ '1.0.7' ],
40 silly audit   picocolors: [ '1.1.1' ],
40 silly audit   'possible-typed-array-names': [ '1.1.0' ],
40 silly audit   'prelude-ls': [ '1.2.1' ],
40 silly audit   'prop-types': [ '15.8.1' ],
40 silly audit   punycode: [ '2.3.1' ],
40 silly audit   'queue-microtask': [ '1.2.3' ],
40 silly audit   react: [ '18.3.1' ],
40 silly audit   'react-dom': [ '18.3.1' ],
40 silly audit   'react-is': [ '16.13.1' ],
40 silly audit   'react-refresh': [ '0.17.0' ],
40 silly audit   'reflect.getprototypeof': [ '1.0.10' ],
40 silly audit   'regexp.prototype.flags': [ '1.5.4' ],
40 silly audit   resolve: [ '2.0.0-next.5' ],
40 silly audit   'resolve-from': [ '4.0.0' ],
40 silly audit   reusify: [ '1.1.0' ],
40 silly audit   rimraf: [ '3.0.2' ],
40 silly audit   rollup: [ '3.29.5' ],
40 silly audit   'run-parallel': [ '1.2.0' ],
40 silly audit   'safe-array-concat': [ '1.1.3' ],
40 silly audit   'safe-push-apply': [ '1.0.0' ],
40 silly audit   'safe-regex-test': [ '1.1.0' ],
40 silly audit   scheduler: [ '0.23.2' ],
40 silly audit   semver: [ '6.3.1' ],
40 silly audit   'set-function-length': [ '1.2.2' ],
40 silly audit   'set-function-name': [ '2.0.2' ],
40 silly audit   'set-proto': [ '1.0.0' ],
40 silly audit   'shebang-command': [ '2.0.0' ],
40 silly audit   'shebang-regex': [ '3.0.0' ],
40 silly audit   'side-channel': [ '1.1.0' ],
40 silly audit   'side-channel-list': [ '1.0.0' ],
40 silly audit   'side-channel-map': [ '1.0.1' ],
40 silly audit   'side-channel-weakmap': [ '1.0.2' ],
40 silly audit   'source-map-js': [ '1.2.1' ],
40 silly audit   'stop-iteration-iterator': [ '1.1.0' ],
40 silly audit   'string.prototype.matchall': [ '4.0.12' ],
40 silly audit   'string.prototype.repeat': [ '1.0.0' ],
40 silly audit   'string.prototype.trim': [ '1.2.10' ],
40 silly audit   'string.prototype.trimend': [ '1.0.9' ],
40 silly audit   'string.prototype.trimstart': [ '1.0.8' ],
40 silly audit   'strip-ansi': [ '6.0.1' ],
40 silly audit   'strip-json-comments': [ '3.1.1' ],
40 silly audit   'supports-color': [ '7.2.0' ],
40 silly audit   'supports-preserve-symlinks-flag': [ '1.0.0' ],
40 silly audit   'text-table': [ '0.2.0' ],
40 silly audit   'type-check': [ '0.4.0' ],
40 silly audit   'type-fest': [ '0.20.2' ],
40 silly audit   'typed-array-buffer': [ '1.0.3' ],
40 silly audit   'typed-array-byte-length': [ '1.0.3' ],
40 silly audit   'typed-array-byte-offset': [ '1.0.4' ],
40 silly audit   'typed-array-length': [ '1.0.7' ],
40 silly audit   'unbox-primitive': [ '1.1.0' ],
40 silly audit   'update-browserslist-db': [ '1.2.3' ],
40 silly audit   'uri-js': [ '4.4.1' ],
40 silly audit   vite: [ '4.5.14' ],
40 silly audit   which: [ '2.0.2' ],
40 silly audit   'which-boxed-primitive': [ '1.1.1' ],
40 silly audit   'which-builtin-type': [ '1.2.1' ],
40 silly audit   'which-collection': [ '1.0.2' ],
40 silly audit   'which-typed-array': [ '1.1.20' ],
40 silly audit   'word-wrap': [ '1.2.5' ],
40 silly audit   wrappy: [ '1.0.2' ],
40 silly audit   yallist: [ '3.1.1' ],
40 silly audit   'yocto-queue': [ '0.1.0' ],
40 silly audit   autoprefixer: [ '10.4.24' ],
40 silly audit   postcss: [ '8.5.6' ],
40 silly audit   tailwindcss: [ '4.1.18' ],
40 silly audit   'fraction.js': [ '5.3.4' ],
40 silly audit   'postcss-value-parser': [ '4.2.0' ]
40 silly audit }
41 verbose reify failed optional dependency /Users/sudheerkumarthota/Desktop/Projects/Claw project/frontend/node_modules/@esbuild/win32-x64
42 silly reify mark deleted [
42 silly reify   '/Users/sudheerkumarthota/Desktop/Projects/Claw project/frontend/node_modules/@esbuild/win32-x64'
42 silly reify ]
43 verbose reify failed optional dependency /Users/sudheerkumarthota/Desktop/Projects/Claw project/frontend/node_modules/@esbuild/win32-ia32
44 silly reify mark deleted [
44 silly reify   '/Users/sudheerkumarthota/Desktop/Projects/Claw project/frontend/node_modules/@esbuild/win32-ia32'
44 silly reify ]
45 verbose reify failed optional dependency /Users/sudheerkumarthota/Desktop/Projects/Claw project/frontend/node_modules/@esbuild/win32-arm64
46 silly reify mark deleted [
46 silly reify   '/Users/sudheerkumarthota/Desktop/Projects/Claw project/frontend/node_modules/@esbuild/win32-arm64'
46 silly reify ]
47 verbose reify failed optional dependency /Users/sudheerkumarthota/Desktop/Projects/Claw project/frontend/node_modules/@esbuild/sunos-x64
48 silly reify mark deleted [
48 silly reify   '/Users/sudheerkumarthota/Desktop/Projects/Claw project/frontend/node_modules/@esbuild/sunos-x64'
48 silly reify ]
49 verbose reify failed optional dependency /Users/sudheerkumarthota/Desktop/Projects/Claw project/frontend/node_modules/@esbuild/openbsd-x64
50 silly reify mark deleted [
50 silly reify   '/Users/sudheerkumarthota/Desktop/Projects/Claw project/frontend/node_modules/@esbuild/openbsd-x64'
50 silly reify ]
51 verbose reify failed optional dependency /Users/sudheerkumarthota/Desktop/Projects/Claw project/frontend/node_modules/@esbuild/netbsd-x64
52 silly reify mark deleted [
52 silly reify   '/Users/sudheerkumarthota/Desktop/Projects/Claw project/frontend/node_modules/@esbuild/netbsd-x64'
52 silly reify ]
53 verbose reify failed optional dependency /Users/sudheerkumarthota/Desktop/Projects/Claw project/frontend/node_modules/@esbuild/linux-x64
54 silly reify mark deleted [
54 silly reify   '/Users/sudheerkumarthota/Desktop/Projects/Claw project/frontend/node_modules/@esbuild/linux-x64'
54 silly reify ]
55 verbose reify failed optional dependency /Users/sudheerkumarthota/Desktop/Projects/Claw project/frontend/node_modules/@esbuild/linux-s390x
56 silly reify mark deleted [
56 silly reify   '/Users/sudheerkumarthota/Desktop/Projects/Claw project/frontend/node_modules/@esbuild/linux-s390x'
56 silly reify ]
57 verbose reify failed optional dependency /Users/sudheerkumarthota/Desktop/Projects/Claw project/frontend/node_modules/@esbuild/linux-riscv64
58 silly reify mark deleted [
58 silly reify   '/Users/sudheerkumarthota/Desktop/Projects/Claw project/frontend/node_modules/@esbuild/linux-riscv64'
58 silly reify ]
59 verbose reify failed optional dependency /Users/sudheerkumarthota/Desktop/Projects/Claw project/frontend/node_modules/@esbuild/linux-ppc64
60 silly reify mark deleted [
60 silly reify   '/Users/sudheerkumarthota/Desktop/Projects/Claw project/frontend/node_modules/@esbuild/linux-ppc64'
60 silly reify ]
61 verbose reify failed optional dependency /Users/sudheerkumarthota/Desktop/Projects/Claw project/frontend/node_modules/@esbuild/linux-mips64el
62 silly reify mark deleted [
62 silly reify   '/Users/sudheerkumarthota/Desktop/Projects/Claw project/frontend/node_modules/@esbuild/linux-mips64el'
62 silly reify ]
63 verbose reify failed optional dependency /Users/sudheerkumarthota/Desktop/Projects/Claw project/frontend/node_modules/@esbuild/linux-loong64
64 silly reify mark deleted [
64 silly reify   '/Users/sudheerkumarthota/Desktop/Projects/Claw project/frontend/node_modules/@esbuild/linux-loong64'
64 silly reify ]
65 verbose reify failed optional dependency /Users/sudheerkumarthota/Desktop/Projects/Claw project/frontend/node_modules/@esbuild/linux-ia32
66 silly reify mark deleted [
66 silly reify   '/Users/sudheerkumarthota/Desktop/Projects/Claw project/frontend/node_modules/@esbuild/linux-ia32'
66 silly reify ]
67 verbose reify failed optional dependency /Users/sudheerkumarthota/Desktop/Projects/Claw project/frontend/node_modules/@esbuild/linux-arm64
68 silly reify mark deleted [
68 silly reify   '/Users/sudheerkumarthota/Desktop/Projects/Claw project/frontend/node_modules/@esbuild/linux-arm64'
68 silly reify ]
69 verbose reify failed optional dependency /Users/sudheerkumarthota/Desktop/Projects/Claw project/frontend/node_modules/@esbuild/linux-arm
70 silly reify mark deleted [
70 silly reify   '/Users/sudheerkumarthota/Desktop/Projects/Claw project/frontend/node_modules/@esbuild/linux-arm'
70 silly reify ]
71 verbose reify failed optional dependency /Users/sudheerkumarthota/Desktop/Projects/Claw project/frontend/node_modules/@esbuild/freebsd-x64
72 silly reify mark deleted [
72 silly reify   '/Users/sudheerkumarthota/Desktop/Projects/Claw project/frontend/node_modules/@esbuild/freebsd-x64'
72 silly reify ]
73 verbose reify failed optional dependency /Users/sudheerkumarthota/Desktop/Projects/Claw project/frontend/node_modules/@esbuild/freebsd-arm64
74 silly reify mark deleted [
74 silly reify   '/Users/sudheerkumarthota/Desktop/Projects/Claw project/frontend/node_modules/@esbuild/freebsd-arm64'
74 silly reify ]
75 verbose reify failed optional dependency /Users/sudheerkumarthota/Desktop/Projects/Claw project/frontend/node_modules/@esbuild/darwin-x64
76 silly reify mark deleted [
76 silly reify   '/Users/sudheerkumarthota/Desktop/Projects/Claw project/frontend/node_modules/@esbuild/darwin-x64'
76 silly reify ]
77 verbose reify failed optional dependency /Users/sudheerkumarthota/Desktop/Projects/Claw project/frontend/node_modules/@esbuild/android-x64
78 silly reify mark deleted [
78 silly reify   '/Users/sudheerkumarthota/Desktop/Projects/Claw project/frontend/node_modules/@esbuild/android-x64'
78 silly reify ]
79 verbose reify failed optional dependency /Users/sudheerkumarthota/Desktop/Projects/Claw project/frontend/node_modules/@esbuild/android-arm64
80 silly reify mark deleted [
80 silly reify   '/Users/sudheerkumarthota/Desktop/Projects/Claw project/frontend/node_modules/@esbuild/android-arm64'
80 silly reify ]
81 verbose reify failed optional dependency /Users/sudheerkumarthota/Desktop/Projects/Claw project/frontend/node_modules/@esbuild/android-arm
82 silly reify mark deleted [
82 silly reify   '/Users/sudheerkumarthota/Desktop/Projects/Claw project/frontend/node_modules/@esbuild/android-arm'
82 silly reify ]
83 silly tarball no local data for postcss-value-parser@https://registry.npmjs.org/postcss-value-parser/-/postcss-value-parser-4.2.0.tgz. Extracting by manifest.
84 silly tarball no local data for autoprefixer@https://registry.npmjs.org/autoprefixer/-/autoprefixer-10.4.24.tgz. Extracting by manifest.
85 silly tarball no local data for tailwindcss@https://registry.npmjs.org/tailwindcss/-/tailwindcss-4.1.18.tgz. Extracting by manifest.
86 silly tarball no local data for fraction.js@https://registry.npmjs.org/fraction.js/-/fraction.js-5.3.4.tgz. Extracting by manifest.
87 http fetch GET 200 https://registry.npmjs.org/postcss-value-parser/-/postcss-value-parser-4.2.0.tgz 44ms (cache miss)
88 http fetch POST 200 https://registry.npmjs.org/-/npm/v1/security/advisories/bulk 134ms
89 silly audit report {
89 silly audit report   esbuild: [
89 silly audit report     {
89 silly audit report       id: 1102341,
89 silly audit report       url: 'https://github.com/advisories/GHSA-67mh-4wv8-2f99',
89 silly audit report       title: 'esbuild enables any website to send any requests to the development server and read the response',
89 silly audit report       severity: 'moderate',
89 silly audit report       vulnerable_versions: '<=0.24.2',
89 silly audit report       cwe: [Array],
89 silly audit report       cvss: [Object]
89 silly audit report     }
89 silly audit report   ],
89 silly audit report   vite: [
89 silly audit report     {
89 silly audit report       id: 1107323,
89 silly audit report       url: 'https://github.com/advisories/GHSA-g4jq-h2w9-997c',
89 silly audit report       title: 'Vite middleware may serve files starting with the same name with the public directory',
89 silly audit report       severity: 'low',
89 silly audit report       vulnerable_versions: '<=5.4.19',
89 silly audit report       cwe: [Array],
89 silly audit report       cvss: [Object]
89 silly audit report     },
89 silly audit report     {
89 silly audit report       id: 1107327,
89 silly audit report       url: 'https://github.com/advisories/GHSA-jqfw-vq24-v9c3',
89 silly audit report       title: "Vite's `server.fs` settings were not applied to HTML files",
89 silly audit report       severity: 'low',
89 silly audit report       vulnerable_versions: '<=5.4.19',
89 silly audit report       cwe: [Array],
89 silly audit report       cvss: [Object]
89 silly audit report     },
89 silly audit report     {
89 silly audit report       id: 1109132,
89 silly audit report       url: 'https://github.com/advisories/GHSA-93m4-6634-74q7',
89 silly audit report       title: 'vite allows server.fs.deny bypass via backslash on Windows',
89 silly audit report       severity: 'moderate',
89 silly audit report       vulnerable_versions: '>=4.5.3 <5.0.0',
89 silly audit report       cwe: [Array],
89 silly audit report       cvss: [Object]
89 silly audit report     }
89 silly audit report   ]
89 silly audit report }
90 silly packumentCache corgi:https://registry.npmjs.org/esbuild cache-miss
91 silly packumentCache corgi:https://registry.npmjs.org/vite cache-miss
92 http fetch GET 200 https://registry.npmjs.org/vite 10ms (cache hit)
93 silly packumentCache corgi:https://registry.npmjs.org/vite set size:2181475 disposed:false
94 http fetch GET 200 https://registry.npmjs.org/esbuild 29ms (cache hit)
95 silly packumentCache corgi:https://registry.npmjs.org/esbuild set size:877737 disposed:false
96 http fetch GET 200 https://registry.npmjs.org/autoprefixer/-/autoprefixer-10.4.24.tgz 162ms (cache miss)
97 silly packumentCache corgi:https://registry.npmjs.org/@vitejs%2fplugin-react cache-miss
98 http fetch GET 200 https://registry.npmjs.org/@vitejs%2fplugin-react 12ms (cache hit)
99 silly packumentCache corgi:https://registry.npmjs.org/@vitejs%2fplugin-react set size:106104 disposed:false
100 http fetch GET 200 https://registry.npmjs.org/fraction.js/-/fraction.js-5.3.4.tgz 184ms (cache miss)
101 http fetch GET 200 https://registry.npmjs.org/tailwindcss/-/tailwindcss-4.1.18.tgz 186ms (cache miss)
102 silly ADD node_modules/postcss-value-parser
103 silly ADD node_modules/fraction.js
104 silly ADD node_modules/tailwindcss
105 silly ADD node_modules/autoprefixer
106 silly ADD node_modules/fsevents
107 silly ADD
108 silly ADD
109 silly ADD
110 silly ADD
111 silly ADD
112 silly ADD
113 silly ADD
114 silly ADD
115 silly ADD
116 silly ADD
117 silly ADD
118 silly ADD
119 silly ADD
120 silly ADD
121 silly ADD
122 silly ADD
123 silly ADD
124 silly ADD
125 silly ADD
126 silly ADD
127 silly ADD
128 verbose cwd /Users/sudheerkumarthota/Desktop/Projects/Claw project/frontend
129 verbose os Darwin 25.2.0
130 verbose node v20.16.0
131 verbose npm  v10.8.1
132 verbose exit 0
133 info ok
