0 verbose cli /usr/local/bin/node /usr/local/bin/npm
1 info using npm@10.8.1
2 info using node@v20.16.0
3 silly config load:file:/usr/local/lib/node_modules/npm/npmrc
4 silly config load:file:/Users/sudheerkumarthota/Desktop/Projects/Claw project/frontend/.npmrc
5 silly config load:file:/Users/sudheerkumarthota/.npmrc
6 silly config load:file:/usr/local/etc/npmrc
7 verbose title npm install world-countries
8 verbose argv "install" "world-countries"
9 verbose logfile logs-max:10 dir:/Users/sudheerkumarthota/Desktop/Projects/Claw project/.npm-cache/_logs/2026-02-05T20_20_17_204Z-
10 verbose logfile /Users/sudheerkumarthota/Desktop/Projects/Claw project/.npm-cache/_logs/2026-02-05T20_20_17_204Z-debug-0.log
11 silly packumentCache heap:2197815296 maxSize:549453824 maxEntrySize:274726912
12 silly logfile done cleaning log files
13 silly idealTree buildDeps
14 silly fetch manifest world-countries@*
15 silly packumentCache full:https://registry.npmjs.org/world-countries cache-miss
16 http fetch GET 200 https://registry.npmjs.org/world-countries 409ms (cache miss)
17 silly packumentCache full:https://registry.npmjs.org/world-countries set size:undefined disposed:false
18 silly placeDep ROOT world-countries@5.1.0 OK for: frontend@0.0.0 want: *
19 silly reify moves {}
20 silly audit bulk request {
20 silly audit   '@alloc/quick-lru': [ '5.2.0' ],
20 silly audit   '@babel/code-frame': [ '7.29.0' ],
20 silly audit   '@babel/compat-data': [ '7.29.0' ],
20 silly audit   '@babel/core': [ '7.29.0' ],
20 silly audit   '@babel/generator': [ '7.29.1' ],
20 silly audit   '@babel/helper-compilation-targets': [ '7.28.6' ],
20 silly audit   '@babel/helper-globals': [ '7.28.0' ],
20 silly audit   '@babel/helper-module-imports': [ '7.28.6' ],
20 silly audit   '@babel/helper-module-transforms': [ '7.28.6' ],
20 silly audit   '@babel/helper-plugin-utils': [ '7.28.6' ],
20 silly audit   '@babel/helper-string-parser': [ '7.27.1' ],
20 silly audit   '@babel/helper-validator-identifier': [ '7.28.5' ],
20 silly audit   '@babel/helper-validator-option': [ '7.27.1' ],
20 silly audit   '@babel/helpers': [ '7.28.6' ],
20 silly audit   '@babel/parser': [ '7.29.0' ],
20 silly audit   '@babel/plugin-transform-react-jsx-self': [ '7.27.1' ],
20 silly audit   '@babel/plugin-transform-react-jsx-source': [ '7.27.1' ],
20 silly audit   '@babel/template': [ '7.28.6' ],
20 silly audit   '@babel/traverse': [ '7.29.0' ],
20 silly audit   '@babel/types': [ '7.29.0' ],
20 silly audit   '@esbuild/android-arm': [ '0.18.20' ],
20 silly audit   '@esbuild/android-arm64': [ '0.18.20' ],
20 silly audit   '@esbuild/android-x64': [ '0.18.20' ],
20 silly audit   '@esbuild/darwin-arm64': [ '0.18.20' ],
20 silly audit   '@esbuild/darwin-x64': [ '0.18.20' ],
20 silly audit   '@esbuild/freebsd-arm64': [ '0.18.20' ],
20 silly audit   '@esbuild/freebsd-x64': [ '0.18.20' ],
20 silly audit   '@esbuild/linux-arm': [ '0.18.20' ],
20 silly audit   '@esbuild/linux-arm64': [ '0.18.20' ],
20 silly audit   '@esbuild/linux-ia32': [ '0.18.20' ],
20 silly audit   '@esbuild/linux-loong64': [ '0.18.20' ],
20 silly audit   '@esbuild/linux-mips64el': [ '0.18.20' ],
20 silly audit   '@esbuild/linux-ppc64': [ '0.18.20' ],
20 silly audit   '@esbuild/linux-riscv64': [ '0.18.20' ],
20 silly audit   '@esbuild/linux-s390x': [ '0.18.20' ],
20 silly audit   '@esbuild/linux-x64': [ '0.18.20' ],
20 silly audit   '@esbuild/netbsd-x64': [ '0.18.20' ],
20 silly audit   '@esbuild/openbsd-x64': [ '0.18.20' ],
20 silly audit   '@esbuild/sunos-x64': [ '0.18.20' ],
20 silly audit   '@esbuild/win32-arm64': [ '0.18.20' ],
20 silly audit   '@esbuild/win32-ia32': [ '0.18.20' ],
20 silly audit   '@esbuild/win32-x64': [ '0.18.20' ],
20 silly audit   '@eslint-community/eslint-utils': [ '4.9.1' ],
20 silly audit   '@eslint-community/regexpp': [ '4.12.2' ],
20 silly audit   '@eslint/eslintrc': [ '2.1.4' ],
20 silly audit   '@eslint/js': [ '8.57.1' ],
20 silly audit   '@humanwhocodes/config-array': [ '0.13.0' ],
20 silly audit   '@humanwhocodes/module-importer': [ '1.0.1' ],
20 silly audit   '@humanwhocodes/object-schema': [ '2.0.3' ],
20 silly audit   '@jridgewell/gen-mapping': [ '0.3.13' ],
20 silly audit   '@jridgewell/remapping': [ '2.3.5' ],
20 silly audit   '@jridgewell/resolve-uri': [ '3.1.2' ],
20 silly audit   '@jridgewell/sourcemap-codec': [ '1.5.5' ],
20 silly audit   '@jridgewell/trace-mapping': [ '0.3.31' ],
20 silly audit   '@nodelib/fs.scandir': [ '2.1.5' ],
20 silly audit   '@nodelib/fs.stat': [ '2.0.5' ],
20 silly audit   '@nodelib/fs.walk': [ '1.2.8' ],
20 silly audit   '@radix-ui/primitive': [ '1.1.3' ],
20 silly audit   '@radix-ui/react-collection': [ '1.1.7' ],
20 silly audit   '@radix-ui/react-compose-refs': [ '1.1.2' ],
20 silly audit   '@radix-ui/react-context': [ '1.1.2' ],
20 silly audit   '@radix-ui/react-direction': [ '1.1.1' ],
20 silly audit   '@radix-ui/react-dismissable-layer': [ '1.1.11' ],
20 silly audit   '@radix-ui/react-id': [ '1.1.1' ],
20 silly audit   '@radix-ui/react-navigation-menu': [ '1.2.14' ],
20 silly audit   '@radix-ui/react-presence': [ '1.1.5' ],
20 silly audit   '@radix-ui/react-primitive': [ '2.1.3' ],
20 silly audit   '@radix-ui/react-slot': [ '1.2.3' ],
20 silly audit   '@radix-ui/react-use-callback-ref': [ '1.1.1' ],
20 silly audit   '@radix-ui/react-use-controllable-state': [ '1.2.2' ],
20 silly audit   '@radix-ui/react-use-effect-event': [ '0.0.2' ],
20 silly audit   '@radix-ui/react-use-escape-keydown': [ '1.1.1' ],
20 silly audit   '@radix-ui/react-use-layout-effect': [ '1.1.1' ],
20 silly audit   '@radix-ui/react-use-previous': [ '1.1.1' ],
20 silly audit   '@radix-ui/react-visually-hidden': [ '1.2.3' ],
20 silly audit   '@rolldown/pluginutils': [ '1.0.0-beta.27' ],
20 silly audit   '@types/babel__core': [ '7.20.5' ],
20 silly audit   '@types/babel__generator': [ '7.27.0' ],
20 silly audit   '@types/babel__template': [ '7.4.4' ],
20 silly audit   '@types/babel__traverse': [ '7.28.0' ],
20 silly audit   '@types/prop-types': [ '15.7.15' ],
20 silly audit   '@types/react': [ '18.3.28' ],
20 silly audit   '@types/react-dom': [ '18.3.7' ],
20 silly audit   '@ungap/structured-clone': [ '1.3.0' ],
20 silly audit   '@vitejs/plugin-react': [ '4.7.0' ],
20 silly audit   acorn: [ '8.15.0' ],
20 silly audit   'acorn-jsx': [ '5.3.2' ],
20 silly audit   ajv: [ '6.12.6' ],
20 silly audit   'ansi-regex': [ '5.0.1' ],
20 silly audit   'ansi-styles': [ '4.3.0' ],
20 silly audit   'any-promise': [ '1.3.0' ],
20 silly audit   anymatch: [ '3.1.3' ],
20 silly audit   arg: [ '5.0.2' ],
20 silly audit   argparse: [ '2.0.1' ],
20 silly audit   'array-buffer-byte-length': [ '1.0.2' ],
20 silly audit   'array-includes': [ '3.1.9' ],
20 silly audit   'array.prototype.findlast': [ '1.2.5' ],
20 silly audit   'array.prototype.flat': [ '1.3.3' ],
20 silly audit   'array.prototype.flatmap': [ '1.3.3' ],
20 silly audit   'array.prototype.tosorted': [ '1.1.4' ],
20 silly audit   'arraybuffer.prototype.slice': [ '1.0.4' ],
20 silly audit   'async-function': [ '1.0.0' ],
20 silly audit   autoprefixer: [ '10.4.24' ],
20 silly audit   'available-typed-arrays': [ '1.0.7' ],
20 silly audit   'balanced-match': [ '1.0.2' ],
20 silly audit   'baseline-browser-mapping': [ '2.9.19' ],
20 silly audit   'binary-extensions': [ '2.3.0' ],
20 silly audit   'brace-expansion': [ '1.1.12' ],
20 silly audit   braces: [ '3.0.3' ],
20 silly audit   browserslist: [ '4.28.1' ],
20 silly audit   'call-bind': [ '1.0.8' ],
20 silly audit   'call-bind-apply-helpers': [ '1.0.2' ],
20 silly audit   'call-bound': [ '1.0.4' ],
20 silly audit   callsites: [ '3.1.0' ],
20 silly audit   'camelcase-css': [ '2.0.1' ],
20 silly audit   'caniuse-lite': [ '1.0.30001768' ],
20 silly audit   chalk: [ '4.1.2' ],
20 silly audit   chokidar: [ '3.6.0' ],
20 silly audit   'glob-parent': [ '5.1.2', '6.0.2' ],
20 silly audit   'color-convert': [ '2.0.1' ],
20 silly audit   'color-name': [ '1.1.4' ],
20 silly audit   commander: [ '4.1.1' ],
20 silly audit   'concat-map': [ '0.0.1' ],
20 silly audit   'convert-source-map': [ '2.0.0' ],
20 silly audit   cookie: [ '1.1.1' ],
20 silly audit   'cross-spawn': [ '7.0.6' ],
20 silly audit   cssesc: [ '3.0.0' ],
20 silly audit   csstype: [ '3.2.3' ],
20 silly audit   'data-view-buffer': [ '1.0.2' ],
20 silly audit   'data-view-byte-length': [ '1.0.2' ],
20 silly audit   'data-view-byte-offset': [ '1.0.1' ],
20 silly audit   debug: [ '4.4.3' ],
20 silly audit   'deep-is': [ '0.1.4' ],
20 silly audit   'define-data-property': [ '1.1.4' ],
20 silly audit   'define-properties': [ '1.2.1' ],
20 silly audit   didyoumean: [ '1.2.2' ],
20 silly audit   dlv: [ '1.1.3' ],
20 silly audit   doctrine: [ '3.0.0', '2.1.0' ],
20 silly audit   'dunder-proto': [ '1.0.1' ],
20 silly audit   'electron-to-chromium': [ '1.5.286' ],
20 silly audit   'es-abstract': [ '1.24.1' ],
20 silly audit   'es-define-property': [ '1.0.1' ],
20 silly audit   'es-errors': [ '1.3.0' ],
20 silly audit   'es-iterator-helpers': [ '1.2.2' ],
20 silly audit   'es-object-atoms': [ '1.1.1' ],
20 silly audit   'es-set-tostringtag': [ '2.1.0' ],
20 silly audit   'es-shim-unscopables': [ '1.1.0' ],
20 silly audit   'es-to-primitive': [ '1.3.0' ],
20 silly audit   esbuild: [ '0.18.20' ],
20 silly audit   escalade: [ '3.2.0' ],
20 silly audit   'escape-string-regexp': [ '4.0.0' ],
20 silly audit   eslint: [ '8.57.1' ],
20 silly audit   'eslint-plugin-react': [ '7.37.5' ],
20 silly audit   'eslint-plugin-react-hooks': [ '4.6.2' ],
20 silly audit   'eslint-plugin-react-refresh': [ '0.4.26' ],
20 silly audit   'eslint-scope': [ '7.2.2' ],
20 silly audit   'eslint-visitor-keys': [ '3.4.3' ],
20 silly audit   espree: [ '9.6.1' ],
20 silly audit   esquery: [ '1.7.0' ],
20 silly audit   esrecurse: [ '4.3.0' ],
20 silly audit   estraverse: [ '5.3.0' ],
20 silly audit   esutils: [ '2.0.3' ],
20 silly audit   'fast-deep-equal': [ '3.1.3' ],
20 silly audit   'fast-glob': [ '3.3.3' ],
20 silly audit   'fast-json-stable-stringify': [ '2.1.0' ],
20 silly audit   'fast-levenshtein': [ '2.0.6' ],
20 silly audit   fastq: [ '1.20.1' ],
20 silly audit   'file-entry-cache': [ '6.0.1' ],
20 silly audit   'fill-range': [ '7.1.1' ],
20 silly audit   'find-up': [ '5.0.0' ],
20 silly audit   'flat-cache': [ '3.2.0' ],
20 silly audit   flatted: [ '3.3.3' ],
20 silly audit   'for-each': [ '0.3.5' ],
20 silly audit   'fraction.js': [ '5.3.4' ],
20 silly audit   'fs.realpath': [ '1.0.0' ],
20 silly audit   fsevents: [ '2.3.3' ],
20 silly audit   'function-bind': [ '1.1.2' ],
20 silly audit   'function.prototype.name': [ '1.1.8' ],
20 silly audit   'functions-have-names': [ '1.2.3' ],
20 silly audit   'generator-function': [ '2.0.1' ],
20 silly audit   gensync: [ '1.0.0-beta.2' ],
20 silly audit   'get-intrinsic': [ '1.3.0' ],
20 silly audit   'get-proto': [ '1.0.1' ],
20 silly audit   'get-symbol-description': [ '1.1.0' ],
20 silly audit   glob: [ '7.2.3' ],
20 silly audit   globals: [ '13.24.0' ],
20 silly audit   globalthis: [ '1.0.4' ],
20 silly audit   gopd: [ '1.2.0' ],
20 silly audit   graphemer: [ '1.4.0' ],
20 silly audit   'has-bigints': [ '1.1.0' ],
20 silly audit   'has-flag': [ '4.0.0' ],
20 silly audit   'has-property-descriptors': [ '1.0.2' ],
20 silly audit   'has-proto': [ '1.2.0' ],
20 silly audit   'has-symbols': [ '1.1.0' ],
20 silly audit   'has-tostringtag': [ '1.0.2' ],
20 silly audit   hasown: [ '2.0.2' ],
20 silly audit   ignore: [ '5.3.2' ],
20 silly audit   'import-fresh': [ '3.3.1' ],
20 silly audit   imurmurhash: [ '0.1.4' ],
20 silly audit   inflight: [ '1.0.6' ],
20 silly audit   inherits: [ '2.0.4' ],
20 silly audit   'internal-slot': [ '1.1.0' ],
20 silly audit   'is-array-buffer': [ '3.0.5' ],
20 silly audit   'is-async-function': [ '2.1.1' ],
20 silly audit   'is-bigint': [ '1.1.0' ],
20 silly audit   'is-binary-path': [ '2.1.0' ],
20 silly audit   'is-boolean-object': [ '1.2.2' ],
20 silly audit   'is-callable': [ '1.2.7' ],
20 silly audit   'is-core-module': [ '2.16.1' ],
20 silly audit   'is-data-view': [ '1.0.2' ],
20 silly audit   'is-date-object': [ '1.1.0' ],
20 silly audit   'is-extglob': [ '2.1.1' ],
20 silly audit   'is-finalizationregistry': [ '1.1.1' ],
20 silly audit   'is-generator-function': [ '1.1.2' ],
20 silly audit   'is-glob': [ '4.0.3' ],
20 silly audit   'is-map': [ '2.0.3' ],
20 silly audit   'is-negative-zero': [ '2.0.3' ],
20 silly audit   'is-number': [ '7.0.0' ],
20 silly audit   'is-number-object': [ '1.1.1' ],
20 silly audit   'is-path-inside': [ '3.0.3' ],
20 silly audit   'is-regex': [ '1.2.1' ],
20 silly audit   'is-set': [ '2.0.3' ],
20 silly audit   'is-shared-array-buffer': [ '1.0.4' ],
20 silly audit   'is-string': [ '1.1.1' ],
20 silly audit   'is-symbol': [ '1.1.1' ],
20 silly audit   'is-typed-array': [ '1.1.15' ],
20 silly audit   'is-weakmap': [ '2.0.2' ],
20 silly audit   'is-weakref': [ '1.1.1' ],
20 silly audit   'is-weakset': [ '2.0.4' ],
20 silly audit   isarray: [ '2.0.5' ],
20 silly audit   isexe: [ '2.0.0' ],
20 silly audit   'iterator.prototype': [ '1.1.5' ],
20 silly audit   jiti: [ '1.21.7' ],
20 silly audit   'js-tokens': [ '4.0.0' ],
20 silly audit   'js-yaml': [ '4.1.1' ],
20 silly audit   jsesc: [ '3.1.0' ],
20 silly audit   'json-buffer': [ '3.0.1' ],
20 silly audit   'json-schema-traverse': [ '0.4.1' ],
20 silly audit   'json-stable-stringify-without-jsonify': [ '1.0.1' ],
20 silly audit   json5: [ '2.2.3' ],
20 silly audit   'jsx-ast-utils': [ '3.3.5' ],
20 silly audit   keyv: [ '4.5.4' ],
20 silly audit   levn: [ '0.4.1' ],
20 silly audit   lilconfig: [ '2.1.0', '3.1.3' ],
20 silly audit   'lines-and-columns': [ '1.2.4' ],
20 silly audit   'locate-path': [ '6.0.0' ],
20 silly audit   'lodash.merge': [ '4.6.2' ],
20 silly audit   'loose-envify': [ '1.4.0' ],
20 silly audit   'lru-cache': [ '5.1.1' ],
20 silly audit   'math-intrinsics': [ '1.1.0' ],
20 silly audit   merge2: [ '1.4.1' ],
20 silly audit   micromatch: [ '4.0.8' ],
20 silly audit   minimatch: [ '3.1.2' ],
20 silly audit   ms: [ '2.1.3' ],
20 silly audit   mz: [ '2.7.0' ],
20 silly audit   nanoid: [ '3.3.11' ],
20 silly audit   'natural-compare': [ '1.4.0' ],
20 silly audit   'node-releases': [ '2.0.27' ],
20 silly audit   'normalize-path': [ '3.0.0' ],
20 silly audit   'object-assign': [ '4.1.1' ],
20 silly audit   'object-hash': [ '3.0.0' ],
20 silly audit   'object-inspect': [ '1.13.4' ],
20 silly audit   'object-keys': [ '1.1.1' ],
20 silly audit   'object.assign': [ '4.1.7' ],
20 silly audit   'object.entries': [ '1.1.9' ],
20 silly audit   'object.fromentries': [ '2.0.8' ],
20 silly audit   'object.values': [ '1.2.1' ],
20 silly audit   once: [ '1.4.0' ],
20 silly audit   optionator: [ '0.9.4' ],
20 silly audit   'own-keys': [ '1.0.1' ],
20 silly audit   'p-limit': [ '3.1.0' ],
20 silly audit   'p-locate': [ '5.0.0' ],
20 silly audit   'parent-module': [ '1.0.1' ],
20 silly audit   'path-exists': [ '4.0.0' ],
20 silly audit   'path-is-absolute': [ '1.0.1' ],
20 silly audit   'path-key': [ '3.1.1' ],
20 silly audit   'path-parse': [ '1.0.7' ],
20 silly audit   picocolors: [ '1.1.1' ],
20 silly audit   picomatch: [ '2.3.1', '4.0.3' ],
20 silly audit   pify: [ '2.3.0' ],
20 silly audit   pirates: [ '4.0.7' ],
20 silly audit   'possible-typed-array-names': [ '1.1.0' ],
20 silly audit   postcss: [ '8.5.6' ],
20 silly audit   'postcss-import': [ '15.1.0' ],
20 silly audit   resolve: [ '1.22.11', '2.0.0-next.5' ],
20 silly audit   'postcss-js': [ '4.1.0' ],
20 silly audit   'postcss-load-config': [ '4.0.2' ],
20 silly audit   'postcss-nested': [ '6.2.0' ],
20 silly audit   'postcss-selector-parser': [ '6.1.2' ],
20 silly audit   'postcss-value-parser': [ '4.2.0' ],
20 silly audit   'prelude-ls': [ '1.2.1' ],
20 silly audit   'prop-types': [ '15.8.1' ],
20 silly audit   punycode: [ '2.3.1' ],
20 silly audit   'queue-microtask': [ '1.2.3' ],
20 silly audit   react: [ '18.3.1' ],
20 silly audit   'react-dom': [ '18.3.1' ],
20 silly audit   'react-is': [ '16.13.1' ],
20 silly audit   'react-refresh': [ '0.17.0' ],
20 silly audit   'react-router': [ '7.13.0' ],
20 silly audit   'react-router-dom': [ '7.13.0' ],
20 silly audit   'read-cache': [ '1.0.0' ],
20 silly audit   readdirp: [ '3.6.0' ],
20 silly audit   'reflect.getprototypeof': [ '1.0.10' ],
20 silly audit   'regexp.prototype.flags': [ '1.5.4' ],
20 silly audit   'resolve-from': [ '4.0.0' ],
20 silly audit   reusify: [ '1.1.0' ],
20 silly audit   rimraf: [ '3.0.2' ],
20 silly audit   rollup: [ '3.29.5' ],
20 silly audit   'run-parallel': [ '1.2.0' ],
20 silly audit   'safe-array-concat': [ '1.1.3' ],
20 silly audit   'safe-push-apply': [ '1.0.0' ],
20 silly audit   'safe-regex-test': [ '1.1.0' ],
20 silly audit   scheduler: [ '0.23.2' ],
20 silly audit   semver: [ '6.3.1' ],
20 silly audit   'set-cookie-parser': [ '2.7.2' ],
20 silly audit   'set-function-length': [ '1.2.2' ],
20 silly audit   'set-function-name': [ '2.0.2' ],
20 silly audit   'set-proto': [ '1.0.0' ],
20 silly audit   'shebang-command': [ '2.0.0' ],
20 silly audit   'shebang-regex': [ '3.0.0' ],
20 silly audit   'side-channel': [ '1.1.0' ],
20 silly audit   'side-channel-list': [ '1.0.0' ],
20 silly audit   'side-channel-map': [ '1.0.1' ],
20 silly audit   'side-channel-weakmap': [ '1.0.2' ],
20 silly audit   'source-map-js': [ '1.2.1' ],
20 silly audit   'stop-iteration-iterator': [ '1.1.0' ],
20 silly audit   'string.prototype.matchall': [ '4.0.12' ],
20 silly audit   'string.prototype.repeat': [ '1.0.0' ],
20 silly audit   'string.prototype.trim': [ '1.2.10' ],
20 silly audit   'string.prototype.trimend': [ '1.0.9' ],
20 silly audit   'string.prototype.trimstart': [ '1.0.8' ],
20 silly audit   'strip-ansi': [ '6.0.1' ],
20 silly audit   'strip-json-comments': [ '3.1.1' ],
20 silly audit   sucrase: [ '3.35.1' ],
20 silly audit   'supports-color': [ '7.2.0' ],
20 silly audit   'supports-preserve-symlinks-flag': [ '1.0.0' ],
20 silly audit   tailwindcss: [ '3.4.13' ],
20 silly audit   'text-table': [ '0.2.0' ],
20 silly audit   thenify: [ '3.3.1' ],
20 silly audit   'thenify-all': [ '1.6.0' ],
20 silly audit   tinyglobby: [ '0.2.15' ],
20 silly audit   fdir: [ '6.5.0' ],
20 silly audit   'to-regex-range': [ '5.0.1' ],
20 silly audit   'ts-interface-checker': [ '0.1.13' ],
20 silly audit   'type-check': [ '0.4.0' ],
20 silly audit   'type-fest': [ '0.20.2' ],
20 silly audit   'typed-array-buffer': [ '1.0.3' ],
20 silly audit   'typed-array-byte-length': [ '1.0.3' ],
20 silly audit   'typed-array-byte-offset': [ '1.0.4' ],
20 silly audit   'typed-array-length': [ '1.0.7' ],
20 silly audit   'unbox-primitive': [ '1.1.0' ],
20 silly audit   'update-browserslist-db': [ '1.2.3' ],
20 silly audit   'uri-js': [ '4.4.1' ],
20 silly audit   'util-deprecate': [ '1.0.2' ],
20 silly audit   vite: [ '4.5.14' ],
20 silly audit   which: [ '2.0.2' ],
20 silly audit   'which-boxed-primitive': [ '1.1.1' ],
20 silly audit   'which-builtin-type': [ '1.2.1' ],
20 silly audit   'which-collection': [ '1.0.2' ],
20 silly audit   'which-typed-array': [ '1.1.20' ],
20 silly audit   'word-wrap': [ '1.2.5' ],
20 silly audit   wrappy: [ '1.0.2' ],
20 silly audit   yallist: [ '3.1.1' ],
20 silly audit   yaml: [ '2.8.2' ],
20 silly audit   'yocto-queue': [ '0.1.0' ],
20 silly audit   'world-countries': [ '5.1.0' ]
20 silly audit }
21 verbose reify failed optional dependency /Users/sudheerkumarthota/Desktop/Projects/Claw project/frontend/node_modules/@esbuild/win32-x64
22 silly reify mark deleted [
22 silly reify   '/Users/sudheerkumarthota/Desktop/Projects/Claw project/frontend/node_modules/@esbuild/win32-x64'
22 silly reify ]
23 verbose reify failed optional dependency /Users/sudheerkumarthota/Desktop/Projects/Claw project/frontend/node_modules/@esbuild/win32-ia32
24 silly reify mark deleted [
24 silly reify   '/Users/sudheerkumarthota/Desktop/Projects/Claw project/frontend/node_modules/@esbuild/win32-ia32'
24 silly reify ]
25 verbose reify failed optional dependency /Users/sudheerkumarthota/Desktop/Projects/Claw project/frontend/node_modules/@esbuild/win32-arm64
26 silly reify mark deleted [
26 silly reify   '/Users/sudheerkumarthota/Desktop/Projects/Claw project/frontend/node_modules/@esbuild/win32-arm64'
26 silly reify ]
27 verbose reify failed optional dependency /Users/sudheerkumarthota/Desktop/Projects/Claw project/frontend/node_modules/@esbuild/sunos-x64
28 silly reify mark deleted [
28 silly reify   '/Users/sudheerkumarthota/Desktop/Projects/Claw project/frontend/node_modules/@esbuild/sunos-x64'
28 silly reify ]
29 verbose reify failed optional dependency /Users/sudheerkumarthota/Desktop/Projects/Claw project/frontend/node_modules/@esbuild/openbsd-x64
30 silly reify mark deleted [
30 silly reify   '/Users/sudheerkumarthota/Desktop/Projects/Claw project/frontend/node_modules/@esbuild/openbsd-x64'
30 silly reify ]
31 verbose reify failed optional dependency /Users/sudheerkumarthota/Desktop/Projects/Claw project/frontend/node_modules/@esbuild/netbsd-x64
32 silly reify mark deleted [
32 silly reify   '/Users/sudheerkumarthota/Desktop/Projects/Claw project/frontend/node_modules/@esbuild/netbsd-x64'
32 silly reify ]
33 verbose reify failed optional dependency /Users/sudheerkumarthota/Desktop/Projects/Claw project/frontend/node_modules/@esbuild/linux-x64
34 silly reify mark deleted [
34 silly reify   '/Users/sudheerkumarthota/Desktop/Projects/Claw project/frontend/node_modules/@esbuild/linux-x64'
34 silly reify ]
35 verbose reify failed optional dependency /Users/sudheerkumarthota/Desktop/Projects/Claw project/frontend/node_modules/@esbuild/linux-s390x
36 silly reify mark deleted [
36 silly reify   '/Users/sudheerkumarthota/Desktop/Projects/Claw project/frontend/node_modules/@esbuild/linux-s390x'
36 silly reify ]
37 verbose reify failed optional dependency /Users/sudheerkumarthota/Desktop/Projects/Claw project/frontend/node_modules/@esbuild/linux-riscv64
38 silly reify mark deleted [
38 silly reify   '/Users/sudheerkumarthota/Desktop/Projects/Claw project/frontend/node_modules/@esbuild/linux-riscv64'
38 silly reify ]
39 verbose reify failed optional dependency /Users/sudheerkumarthota/Desktop/Projects/Claw project/frontend/node_modules/@esbuild/linux-ppc64
40 silly reify mark deleted [
40 silly reify   '/Users/sudheerkumarthota/Desktop/Projects/Claw project/frontend/node_modules/@esbuild/linux-ppc64'
40 silly reify ]
41 verbose reify failed optional dependency /Users/sudheerkumarthota/Desktop/Projects/Claw project/frontend/node_modules/@esbuild/linux-mips64el
42 silly reify mark deleted [
42 silly reify   '/Users/sudheerkumarthota/Desktop/Projects/Claw project/frontend/node_modules/@esbuild/linux-mips64el'
42 silly reify ]
43 verbose reify failed optional dependency /Users/sudheerkumarthota/Desktop/Projects/Claw project/frontend/node_modules/@esbuild/linux-loong64
44 silly reify mark deleted [
44 silly reify   '/Users/sudheerkumarthota/Desktop/Projects/Claw project/frontend/node_modules/@esbuild/linux-loong64'
44 silly reify ]
45 verbose reify failed optional dependency /Users/sudheerkumarthota/Desktop/Projects/Claw project/frontend/node_modules/@esbuild/linux-ia32
46 silly reify mark deleted [
46 silly reify   '/Users/sudheerkumarthota/Desktop/Projects/Claw project/frontend/node_modules/@esbuild/linux-ia32'
46 silly reify ]
47 verbose reify failed optional dependency /Users/sudheerkumarthota/Desktop/Projects/Claw project/frontend/node_modules/@esbuild/linux-arm64
48 silly reify mark deleted [
48 silly reify   '/Users/sudheerkumarthota/Desktop/Projects/Claw project/frontend/node_modules/@esbuild/linux-arm64'
48 silly reify ]
49 verbose reify failed optional dependency /Users/sudheerkumarthota/Desktop/Projects/Claw project/frontend/node_modules/@esbuild/linux-arm
50 silly reify mark deleted [
50 silly reify   '/Users/sudheerkumarthota/Desktop/Projects/Claw project/frontend/node_modules/@esbuild/linux-arm'
50 silly reify ]
51 verbose reify failed optional dependency /Users/sudheerkumarthota/Desktop/Projects/Claw project/frontend/node_modules/@esbuild/freebsd-x64
52 silly reify mark deleted [
52 silly reify   '/Users/sudheerkumarthota/Desktop/Projects/Claw project/frontend/node_modules/@esbuild/freebsd-x64'
52 silly reify ]
53 verbose reify failed optional dependency /Users/sudheerkumarthota/Desktop/Projects/Claw project/frontend/node_modules/@esbuild/freebsd-arm64
54 silly reify mark deleted [
54 silly reify   '/Users/sudheerkumarthota/Desktop/Projects/Claw project/frontend/node_modules/@esbuild/freebsd-arm64'
54 silly reify ]
55 verbose reify failed optional dependency /Users/sudheerkumarthota/Desktop/Projects/Claw project/frontend/node_modules/@esbuild/darwin-x64
56 silly reify mark deleted [
56 silly reify   '/Users/sudheerkumarthota/Desktop/Projects/Claw project/frontend/node_modules/@esbuild/darwin-x64'
56 silly reify ]
57 verbose reify failed optional dependency /Users/sudheerkumarthota/Desktop/Projects/Claw project/frontend/node_modules/@esbuild/android-x64
58 silly reify mark deleted [
58 silly reify   '/Users/sudheerkumarthota/Desktop/Projects/Claw project/frontend/node_modules/@esbuild/android-x64'
58 silly reify ]
59 verbose reify failed optional dependency /Users/sudheerkumarthota/Desktop/Projects/Claw project/frontend/node_modules/@esbuild/android-arm64
60 silly reify mark deleted [
60 silly reify   '/Users/sudheerkumarthota/Desktop/Projects/Claw project/frontend/node_modules/@esbuild/android-arm64'
60 silly reify ]
61 verbose reify failed optional dependency /Users/sudheerkumarthota/Desktop/Projects/Claw project/frontend/node_modules/@esbuild/android-arm
62 silly reify mark deleted [
62 silly reify   '/Users/sudheerkumarthota/Desktop/Projects/Claw project/frontend/node_modules/@esbuild/android-arm'
62 silly reify ]
63 silly tarball no local data for world-countries@https://registry.npmjs.org/world-countries/-/world-countries-5.1.0.tgz. Extracting by manifest.
64 http fetch POST 200 https://registry.npmjs.org/-/npm/v1/security/advisories/bulk 124ms
65 silly audit report {
65 silly audit report   esbuild: [
65 silly audit report     {
65 silly audit report       id: 1102341,
65 silly audit report       url: 'https://github.com/advisories/GHSA-67mh-4wv8-2f99',
65 silly audit report       title: 'esbuild enables any website to send any requests to the development server and read the response',
65 silly audit report       severity: 'moderate',
65 silly audit report       vulnerable_versions: '<=0.24.2',
65 silly audit report       cwe: [Array],
65 silly audit report       cvss: [Object]
65 silly audit report     }
65 silly audit report   ],
65 silly audit report   vite: [
65 silly audit report     {
65 silly audit report       id: 1107323,
65 silly audit report       url: 'https://github.com/advisories/GHSA-g4jq-h2w9-997c',
65 silly audit report       title: 'Vite middleware may serve files starting with the same name with the public directory',
65 silly audit report       severity: 'low',
65 silly audit report       vulnerable_versions: '<=5.4.19',
65 silly audit report       cwe: [Array],
65 silly audit report       cvss: [Object]
65 silly audit report     },
65 silly audit report     {
65 silly audit report       id: 1107327,
65 silly audit report       url: 'https://github.com/advisories/GHSA-jqfw-vq24-v9c3',
65 silly audit report       title: "Vite's `server.fs` settings were not applied to HTML files",
65 silly audit report       severity: 'low',
65 silly audit report       vulnerable_versions: '<=5.4.19',
65 silly audit report       cwe: [Array],
65 silly audit report       cvss: [Object]
65 silly audit report     },
65 silly audit report     {
65 silly audit report       id: 1109132,
65 silly audit report       url: 'https://github.com/advisories/GHSA-93m4-6634-74q7',
65 silly audit report       title: 'vite allows server.fs.deny bypass via backslash on Windows',
65 silly audit report       severity: 'moderate',
65 silly audit report       vulnerable_versions: '>=4.5.3 <5.0.0',
65 silly audit report       cwe: [Array],
65 silly audit report       cvss: [Object]
65 silly audit report     }
65 silly audit report   ]
65 silly audit report }
66 silly packumentCache corgi:https://registry.npmjs.org/esbuild cache-miss
67 silly packumentCache corgi:https://registry.npmjs.org/vite cache-miss
68 http fetch GET 200 https://registry.npmjs.org/esbuild 48ms (cache revalidated)
69 silly packumentCache corgi:https://registry.npmjs.org/esbuild set size:877737 disposed:false
70 http fetch GET 200 https://registry.npmjs.org/vite 182ms (cache revalidated)
71 silly packumentCache corgi:https://registry.npmjs.org/vite set size:2181475 disposed:false
72 silly packumentCache corgi:https://registry.npmjs.org/@vitejs%2fplugin-react cache-miss
73 http fetch GET 200 https://registry.npmjs.org/@vitejs%2fplugin-react 78ms (cache revalidated)
74 silly packumentCache corgi:https://registry.npmjs.org/@vitejs%2fplugin-react set size:106104 disposed:false
75 http fetch GET 200 https://registry.npmjs.org/world-countries/-/world-countries-5.1.0.tgz 457ms (cache miss)
76 silly ADD node_modules/world-countries
77 silly ADD
78 silly ADD
79 silly ADD
80 silly ADD
81 silly ADD
82 silly ADD
83 silly ADD
84 silly ADD
85 silly ADD
86 silly ADD
87 silly ADD
88 silly ADD
89 silly ADD
90 silly ADD
91 silly ADD
92 silly ADD
93 silly ADD
94 silly ADD
95 silly ADD
96 silly ADD
97 silly ADD
98 verbose cwd /Users/sudheerkumarthota/Desktop/Projects/Claw project/frontend
99 verbose os Darwin 25.2.0
100 verbose node v20.16.0
101 verbose npm  v10.8.1
102 verbose exit 0
103 info ok
